2024.03.23 09:25:29 INFO  Started: Metals version 1.2.2 in folders '/home/phuonglh/courses/bda/bankmarketing' for client Visual Studio Code 1.87.2.
09:25:30.083 [pool-1-thread-4] INFO org.flywaydb.core.internal.license.VersionPrinter -- Flyway Community Edition 9.22.3 by Redgate
09:25:30.084 [pool-1-thread-4] INFO org.flywaydb.core.internal.license.VersionPrinter -- See release notes here: https://rd.gt/416ObMi
09:25:30.084 [pool-1-thread-4] INFO org.flywaydb.core.internal.license.VersionPrinter -- 
09:25:30.087 [pool-1-thread-4] DEBUG org.flywaydb.core.internal.scanner.classpath.ClassPathScanner -- Scanning for classpath resources at 'classpath:db/callback' ...
09:25:30.087 [pool-1-thread-4] DEBUG org.flywaydb.core.internal.scanner.classpath.ClassPathScanner -- Determining location urls for classpath:db/callback using ClassLoader jdk.internal.loader.ClassLoaders$AppClassLoader@55054057 ...
09:25:30.087 [pool-1-thread-4] DEBUG org.flywaydb.core.internal.scanner.classpath.ClassPathScanner -- Unable to resolve location classpath:db/callback.
09:25:30.087 [pool-1-thread-4] DEBUG org.flywaydb.core.internal.scanner.classpath.ClassPathScanner -- Scanning for classpath resources at 'classpath:db/migration' ...
09:25:30.087 [pool-1-thread-4] DEBUG org.flywaydb.core.internal.scanner.classpath.ClassPathScanner -- Determining location urls for classpath:db/migration using ClassLoader jdk.internal.loader.ClassLoaders$AppClassLoader@55054057 ...
09:25:30.087 [pool-1-thread-4] DEBUG org.flywaydb.core.internal.scanner.classpath.ClassPathScanner -- Scanning URL: jar:file:/home/phuonglh/.cache/coursier/v1/https/repo1.maven.org/maven2/org/scalameta/metals_2.13/1.2.2/metals_2.13-1.2.2.jar!/db/migration
09:25:30.089 [pool-1-thread-4] DEBUG org.flywaydb.core.internal.scanner.classpath.ClassPathScanner -- Found resource: db/migration/
09:25:30.090 [pool-1-thread-4] DEBUG org.flywaydb.core.internal.scanner.classpath.ClassPathScanner -- Found resource: db/migration/V1__Create_tables.sql
09:25:30.090 [pool-1-thread-4] DEBUG org.flywaydb.core.internal.scanner.classpath.ClassPathScanner -- Found resource: db/migration/V2__Server_discovery.sql
09:25:30.090 [pool-1-thread-4] DEBUG org.flywaydb.core.internal.scanner.classpath.ClassPathScanner -- Found resource: db/migration/V3__Jar_symbols.sql
09:25:30.090 [pool-1-thread-4] DEBUG org.flywaydb.core.internal.scanner.classpath.ClassPathScanner -- Found resource: db/migration/V4__Fingerprints.sql
09:25:30.090 [pool-1-thread-4] DEBUG org.flywaydb.core.internal.scanner.classpath.ClassPathScanner -- Scanning for classes at classpath:db/migration
09:25:30.092 [pool-1-thread-4] DEBUG org.flywaydb.core.internal.scanner.Scanner -- Filtering out resource: db/migration/ (filename: )
09:25:30.093 [pool-1-thread-4] DEBUG org.flywaydb.core.internal.resource.ResourceNameValidator -- Validating V4__Fingerprints.sql
09:25:30.093 [pool-1-thread-4] DEBUG org.flywaydb.core.internal.resource.ResourceNameValidator -- Validating V1__Create_tables.sql
09:25:30.093 [pool-1-thread-4] DEBUG org.flywaydb.core.internal.resource.ResourceNameValidator -- Validating V2__Server_discovery.sql
09:25:30.093 [pool-1-thread-4] DEBUG org.flywaydb.core.internal.resource.ResourceNameValidator -- Validating V3__Jar_symbols.sql
09:25:30.153 [pool-1-thread-4] INFO org.flywaydb.core.FlywayExecutor -- Database: jdbc:h2:file:/home/phuonglh/courses/bda/bankmarketing/.metals/metals (H2 2.2)
09:25:30.153 [pool-1-thread-4] DEBUG org.flywaydb.core.FlywayExecutor -- Driver: H2 JDBC Driver 2.2.224 (2023-09-17)
09:25:30.153 [pool-1-thread-4] DEBUG org.flywaydb.core.FlywayExecutor -- DDL Transactions Supported: false
09:25:30.153 [pool-1-thread-4] DEBUG org.flywaydb.core.internal.schemahistory.SchemaHistoryFactory -- Schemas: 
09:25:30.154 [pool-1-thread-4] DEBUG org.flywaydb.core.internal.schemahistory.SchemaHistoryFactory -- Default schema: null
09:25:30.157 [pool-1-thread-4] WARN org.flywaydb.core.internal.database.base.Database -- Flyway upgrade recommended: H2 2.2.224 is newer than this version of Flyway and support has not been tested. The latest supported version of H2 is 2.2.220.
09:25:30.158 [pool-1-thread-4] DEBUG org.flywaydb.core.internal.callback.SqlScriptCallbackFactory -- Scanning for SQL callbacks ...
09:25:30.158 [pool-1-thread-4] DEBUG org.flywaydb.core.internal.scanner.Scanner -- Filtering out resource: db/migration/ (filename: )
09:25:30.165 [pool-1-thread-4] DEBUG org.flywaydb.core.internal.command.DbValidate -- Validating migrations ...
09:25:30.168 [pool-1-thread-4] DEBUG org.flywaydb.core.internal.scanner.Scanner -- Filtering out resource: db/migration/ (filename: )
09:25:30.174 [pool-1-thread-4] DEBUG org.flywaydb.core.internal.scanner.Scanner -- Filtering out resource: db/migration/ (filename: )
09:25:30.174 [pool-1-thread-4] DEBUG org.flywaydb.core.internal.scanner.Scanner -- Filtering out resource: db/migration/V4__Fingerprints.sql (filename: V4__Fingerprints.sql)
09:25:30.174 [pool-1-thread-4] DEBUG org.flywaydb.core.internal.scanner.Scanner -- Filtering out resource: db/migration/V1__Create_tables.sql (filename: V1__Create_tables.sql)
09:25:30.174 [pool-1-thread-4] DEBUG org.flywaydb.core.internal.scanner.Scanner -- Filtering out resource: db/migration/V2__Server_discovery.sql (filename: V2__Server_discovery.sql)
09:25:30.174 [pool-1-thread-4] DEBUG org.flywaydb.core.internal.scanner.Scanner -- Filtering out resource: db/migration/V3__Jar_symbols.sql (filename: V3__Jar_symbols.sql)
09:25:30.174 [pool-1-thread-4] DEBUG org.flywaydb.core.internal.scanner.Scanner -- Filtering out resource: db/migration/ (filename: )
09:25:30.174 [pool-1-thread-4] DEBUG org.flywaydb.core.internal.scanner.Scanner -- Filtering out resource: db/migration/V4__Fingerprints.sql (filename: V4__Fingerprints.sql)
09:25:30.175 [pool-1-thread-4] DEBUG org.flywaydb.core.internal.scanner.Scanner -- Filtering out resource: db/migration/V1__Create_tables.sql (filename: V1__Create_tables.sql)
09:25:30.175 [pool-1-thread-4] DEBUG org.flywaydb.core.internal.scanner.Scanner -- Filtering out resource: db/migration/V2__Server_discovery.sql (filename: V2__Server_discovery.sql)
09:25:30.175 [pool-1-thread-4] DEBUG org.flywaydb.core.internal.scanner.Scanner -- Filtering out resource: db/migration/V3__Jar_symbols.sql (filename: V3__Jar_symbols.sql)
09:25:30.176 [pool-1-thread-4] INFO org.flywaydb.core.internal.schemahistory.JdbcTableSchemaHistory -- Schema history table "PUBLIC"."flyway_schema_history" does not exist yet
09:25:30.179 [pool-1-thread-4] INFO org.flywaydb.core.internal.command.DbValidate -- Successfully validated 4 migrations (execution time 00:00.013s)
09:25:30.181 [pool-1-thread-4] DEBUG org.flywaydb.core.internal.command.DbSchemas -- Skipping creation of existing schema: "PUBLIC"
09:25:30.184 [pool-1-thread-4] INFO org.flywaydb.core.internal.schemahistory.JdbcTableSchemaHistory -- Creating Schema History table "PUBLIC"."flyway_schema_history" ...
09:25:30.195 [pool-1-thread-4] DEBUG org.flywaydb.core.internal.parser.Parser -- Parsing  ...
09:25:30.203 [pool-1-thread-4] DEBUG org.flywaydb.core.internal.sqlscript.ParserSqlScript -- Found statement at line 1: CREATE TABLE IF NOT EXISTS "PUBLIC"."flyway_schema_history" (
    "installed_rank" INT NOT NULL,
    "version" VARCHAR(50),
    "description" VARCHAR(200) NOT NULL,
    "type" VARCHAR(20) NOT NULL,
    "script" VARCHAR(1000) NOT NULL,
    "checksum" INT,
    "installed_by" VARCHAR(100) NOT NULL,
    "installed_on" TIMESTAMP NOT NULL DEFAULT CURRENT_TIMESTAMP,
    "execution_time" INT NOT NULL,
    "success" BOOLEAN NOT NULL,
    CONSTRAINT "flyway_schema_history_pk" PRIMARY KEY ("installed_rank")
) AS SELECT -1, NULL, '<< Flyway Schema History table created >>', 'TABLE', '', NULL, 'SA', CURRENT_TIMESTAMP, 0, TRUE
09:25:30.203 [pool-1-thread-4] DEBUG org.flywaydb.core.internal.sqlscript.ParserSqlScript -- Found statement at line 14: CREATE INDEX "PUBLIC"."flyway_schema_history_s_idx" ON "PUBLIC"."flyway_schema_history" ("success")
09:25:30.204 [pool-1-thread-4] DEBUG org.flywaydb.core.internal.sqlscript.DefaultSqlScriptExecutor -- Executing SQL: CREATE TABLE IF NOT EXISTS "PUBLIC"."flyway_schema_history" (
    "installed_rank" INT NOT NULL,
    "version" VARCHAR(50),
    "description" VARCHAR(200) NOT NULL,
    "type" VARCHAR(20) NOT NULL,
    "script" VARCHAR(1000) NOT NULL,
    "checksum" INT,
    "installed_by" VARCHAR(100) NOT NULL,
    "installed_on" TIMESTAMP NOT NULL DEFAULT CURRENT_TIMESTAMP,
    "execution_time" INT NOT NULL,
    "success" BOOLEAN NOT NULL,
    CONSTRAINT "flyway_schema_history_pk" PRIMARY KEY ("installed_rank")
) AS SELECT -1, NULL, '<< Flyway Schema History table created >>', 'TABLE', '', NULL, 'SA', CURRENT_TIMESTAMP, 0, TRUE
09:25:30.207 [pool-1-thread-4] DEBUG org.flywaydb.core.internal.sqlscript.DefaultSqlScriptExecutor -- 0 rows affected
09:25:30.207 [pool-1-thread-4] DEBUG org.flywaydb.core.internal.sqlscript.DefaultSqlScriptExecutor -- Executing SQL: CREATE INDEX "PUBLIC"."flyway_schema_history_s_idx" ON "PUBLIC"."flyway_schema_history" ("success")
09:25:30.210 [pool-1-thread-4] DEBUG org.flywaydb.core.internal.sqlscript.DefaultSqlScriptExecutor -- 0 rows affected
09:25:30.210 [pool-1-thread-4] DEBUG org.flywaydb.core.internal.schemahistory.JdbcTableSchemaHistory -- Created Schema History table "PUBLIC"."flyway_schema_history"
09:25:30.216 [pool-1-thread-4] INFO org.flywaydb.core.internal.command.DbMigrate -- Current version of schema "PUBLIC": << Empty Schema >>
09:25:30.217 [pool-1-thread-4] DEBUG org.flywaydb.core.internal.parser.Parser -- Parsing V1__Create_tables.sql ...
09:25:30.218 [pool-1-thread-4] DEBUG org.flywaydb.core.internal.sqlscript.ParserSqlScript -- Found statement at line 4: -- The relationship between library dependency sources under .metals/readonly/**
-- and build targets they belong to. Required to know what classpath to use
-- for compiling dependency sources.
create table dependency_source(
  text_document_uri varchar primary key,
  build_target_uri varchar not null
)
09:25:30.219 [pool-1-thread-4] DEBUG org.flywaydb.core.internal.sqlscript.ParserSqlScript -- Found statement at line 12: -- The relationship between library dependency sources under .metals/readonly/**
-- and worksheets they belong to. Required to know what classpath to use
-- for compiling dependency sources.
create table worksheet_dependency_source(
  text_document_uri varchar primary key,
  worksheet_uri varchar not null
)
09:25:30.220 [pool-1-thread-4] DEBUG org.flywaydb.core.internal.sqlscript.ParserSqlScript -- Found statement at line 19: -- The relationship between what library dependency sources under .metals/readonly/**
-- map to which build targets.
create table sbt_digest(
  md5 varchar,
  status tinyint not null,
  when_recorded timestamp
)
09:25:30.221 [pool-1-thread-4] DEBUG org.flywaydb.core.internal.sqlscript.ParserSqlScript -- Found statement at line 27: -- Which window/showMessage and window/showMessageRequest dialogues have been dismissed
-- by the user via "Don't show again" or closed by clicking on "x".
create table dismissed_notification(
  id int,
  when_dismissed timestamp,
  when_expires timestamp
)
09:25:30.221 [pool-1-thread-4] DEBUG org.flywaydb.core.internal.sqlscript.ParserSqlScript -- Found statement at line 34: -- The choice of build tool when multiple build tool files are found in a workspace
create table chosen_build_tool(
  build_tool varchar primary key
)
09:25:30.223 [pool-1-thread-4] DEBUG org.flywaydb.core.internal.command.DbMigrate -- Starting migration of schema "PUBLIC" to version "1 - Create tables" ...
09:25:30.223 [pool-1-thread-4] INFO org.flywaydb.core.internal.command.DbMigrate -- Migrating schema "PUBLIC" to version "1 - Create tables"
09:25:30.224 [pool-1-thread-4] DEBUG org.flywaydb.core.internal.sqlscript.DefaultSqlScriptExecutor -- Executing SQL: -- The relationship between library dependency sources under .metals/readonly/**
-- and build targets they belong to. Required to know what classpath to use
-- for compiling dependency sources.
create table dependency_source(
  text_document_uri varchar primary key,
  build_target_uri varchar not null
)
09:25:30.226 [pool-1-thread-4] DEBUG org.flywaydb.core.internal.sqlscript.DefaultSqlScriptExecutor -- 0 rows affected
09:25:30.226 [pool-1-thread-4] DEBUG org.flywaydb.core.internal.sqlscript.DefaultSqlScriptExecutor -- Executing SQL: -- The relationship between library dependency sources under .metals/readonly/**
-- and worksheets they belong to. Required to know what classpath to use
-- for compiling dependency sources.
create table worksheet_dependency_source(
  text_document_uri varchar primary key,
  worksheet_uri varchar not null
)
09:25:30.227 [pool-1-thread-4] DEBUG org.flywaydb.core.internal.sqlscript.DefaultSqlScriptExecutor -- 0 rows affected
09:25:30.227 [pool-1-thread-4] DEBUG org.flywaydb.core.internal.sqlscript.DefaultSqlScriptExecutor -- Executing SQL: -- The relationship between what library dependency sources under .metals/readonly/**
-- map to which build targets.
create table sbt_digest(
  md5 varchar,
  status tinyint not null,
  when_recorded timestamp
)
09:25:30.228 [pool-1-thread-4] DEBUG org.flywaydb.core.internal.sqlscript.DefaultSqlScriptExecutor -- 0 rows affected
09:25:30.228 [pool-1-thread-4] DEBUG org.flywaydb.core.internal.sqlscript.DefaultSqlScriptExecutor -- Executing SQL: -- Which window/showMessage and window/showMessageRequest dialogues have been dismissed
-- by the user via "Don't show again" or closed by clicking on "x".
create table dismissed_notification(
  id int,
  when_dismissed timestamp,
  when_expires timestamp
)
09:25:30.228 [pool-1-thread-4] DEBUG org.flywaydb.core.internal.sqlscript.DefaultSqlScriptExecutor -- 0 rows affected
09:25:30.228 [pool-1-thread-4] DEBUG org.flywaydb.core.internal.sqlscript.DefaultSqlScriptExecutor -- Executing SQL: -- The choice of build tool when multiple build tool files are found in a workspace
create table chosen_build_tool(
  build_tool varchar primary key
)
09:25:30.229 [pool-1-thread-4] DEBUG org.flywaydb.core.internal.sqlscript.DefaultSqlScriptExecutor -- 0 rows affected
09:25:30.230 [pool-1-thread-4] DEBUG org.flywaydb.core.internal.command.DbMigrate -- Successfully completed migration of schema "PUBLIC" to version "1 - Create tables"
09:25:30.232 [pool-1-thread-4] DEBUG org.flywaydb.core.internal.schemahistory.JdbcTableSchemaHistory -- Schema History table "PUBLIC"."flyway_schema_history" successfully updated to reflect changes
09:25:30.236 [pool-1-thread-4] DEBUG org.flywaydb.core.internal.parser.Parser -- Parsing V2__Server_discovery.sql ...
09:25:30.238 [pool-1-thread-4] DEBUG org.flywaydb.core.internal.sqlscript.ParserSqlScript -- Found statement at line 4: -- For each unique combination of installed build servers we select one server.
-- The md5 checksum is computed from the names of the installed build servers, and
-- the selected server is the server which the user chose for this workspace.
create table chosen_build_server(
  md5 varchar primary key,
  selected_server varchar,
  when_recorded timestamp
)
09:25:30.238 [pool-1-thread-4] DEBUG org.flywaydb.core.internal.command.DbMigrate -- Starting migration of schema "PUBLIC" to version "2 - Server discovery" ...
09:25:30.239 [pool-1-thread-4] INFO org.flywaydb.core.internal.command.DbMigrate -- Migrating schema "PUBLIC" to version "2 - Server discovery"
09:25:30.239 [pool-1-thread-4] DEBUG org.flywaydb.core.internal.sqlscript.DefaultSqlScriptExecutor -- Executing SQL: -- For each unique combination of installed build servers we select one server.
-- The md5 checksum is computed from the names of the installed build servers, and
-- the selected server is the server which the user chose for this workspace.
create table chosen_build_server(
  md5 varchar primary key,
  selected_server varchar,
  when_recorded timestamp
)
09:25:30.241 [pool-1-thread-4] DEBUG org.flywaydb.core.internal.sqlscript.DefaultSqlScriptExecutor -- 0 rows affected
09:25:30.241 [pool-1-thread-4] DEBUG org.flywaydb.core.internal.command.DbMigrate -- Successfully completed migration of schema "PUBLIC" to version "2 - Server discovery"
09:25:30.243 [pool-1-thread-4] DEBUG org.flywaydb.core.internal.schemahistory.JdbcTableSchemaHistory -- Schema History table "PUBLIC"."flyway_schema_history" successfully updated to reflect changes
09:25:30.245 [pool-1-thread-4] DEBUG org.flywaydb.core.internal.parser.Parser -- Parsing V3__Jar_symbols.sql ...
09:25:30.246 [pool-1-thread-4] DEBUG org.flywaydb.core.internal.sqlscript.ParserSqlScript -- Found statement at line 2: -- Indexed jars, the MD5 digest of path, modified time and size as key
create table indexed_jar(
  id int auto_increment unique,
  md5 varchar primary key
)
09:25:30.246 [pool-1-thread-4] DEBUG org.flywaydb.core.internal.sqlscript.ParserSqlScript -- Found statement at line 7: -- Top Level Symbols per jar, allow for multiple jars with same symbols and paths
create table toplevel_symbol(
  symbol varchar not null,
  path varchar not null,
  jar int,
  foreign key (jar) references indexed_jar (id) on delete cascade,
  primary key (jar, path, symbol)
)
09:25:30.247 [pool-1-thread-4] DEBUG org.flywaydb.core.internal.sqlscript.ParserSqlScript -- Found statement at line 15: -- Create index to speedup lookup of jar symbols
create index toplevel_symbol_jar on toplevel_symbol(jar)
09:25:30.248 [pool-1-thread-4] DEBUG org.flywaydb.core.internal.command.DbMigrate -- Starting migration of schema "PUBLIC" to version "3 - Jar symbols" ...
09:25:30.248 [pool-1-thread-4] INFO org.flywaydb.core.internal.command.DbMigrate -- Migrating schema "PUBLIC" to version "3 - Jar symbols"
09:25:30.249 [pool-1-thread-4] DEBUG org.flywaydb.core.internal.sqlscript.DefaultSqlScriptExecutor -- Executing SQL: -- Indexed jars, the MD5 digest of path, modified time and size as key
create table indexed_jar(
  id int auto_increment unique,
  md5 varchar primary key
)
09:25:30.252 [pool-1-thread-4] DEBUG org.flywaydb.core.internal.sqlscript.DefaultSqlScriptExecutor -- 0 rows affected
09:25:30.252 [pool-1-thread-4] DEBUG org.flywaydb.core.internal.sqlscript.DefaultSqlScriptExecutor -- Executing SQL: -- Top Level Symbols per jar, allow for multiple jars with same symbols and paths
create table toplevel_symbol(
  symbol varchar not null,
  path varchar not null,
  jar int,
  foreign key (jar) references indexed_jar (id) on delete cascade,
  primary key (jar, path, symbol)
)
09:25:30.256 [pool-1-thread-4] DEBUG org.flywaydb.core.internal.sqlscript.DefaultSqlScriptExecutor -- 0 rows affected
09:25:30.256 [pool-1-thread-4] DEBUG org.flywaydb.core.internal.sqlscript.DefaultSqlScriptExecutor -- Executing SQL: -- Create index to speedup lookup of jar symbols
create index toplevel_symbol_jar on toplevel_symbol(jar)
09:25:30.257 [pool-1-thread-4] DEBUG org.flywaydb.core.internal.sqlscript.DefaultSqlScriptExecutor -- 0 rows affected
09:25:30.257 [pool-1-thread-4] DEBUG org.flywaydb.core.internal.command.DbMigrate -- Successfully completed migration of schema "PUBLIC" to version "3 - Jar symbols"
09:25:30.259 [pool-1-thread-4] DEBUG org.flywaydb.core.internal.schemahistory.JdbcTableSchemaHistory -- Schema History table "PUBLIC"."flyway_schema_history" successfully updated to reflect changes
09:25:30.260 [pool-1-thread-4] DEBUG org.flywaydb.core.internal.parser.Parser -- Parsing V4__Fingerprints.sql ...
09:25:30.261 [pool-1-thread-4] DEBUG org.flywaydb.core.internal.sqlscript.ParserSqlScript -- Found statement at line 2: -- Fingerprints saved between invocations
create table fingerprints(
  path varchar not null,
  text varchar not null,
  md5 varchar not null,
  id int auto_increment unique
)
09:25:30.261 [pool-1-thread-4] DEBUG org.flywaydb.core.internal.command.DbMigrate -- Starting migration of schema "PUBLIC" to version "4 - Fingerprints" ...
09:25:30.262 [pool-1-thread-4] INFO org.flywaydb.core.internal.command.DbMigrate -- Migrating schema "PUBLIC" to version "4 - Fingerprints"
09:25:30.262 [pool-1-thread-4] DEBUG org.flywaydb.core.internal.sqlscript.DefaultSqlScriptExecutor -- Executing SQL: -- Fingerprints saved between invocations
create table fingerprints(
  path varchar not null,
  text varchar not null,
  md5 varchar not null,
  id int auto_increment unique
)
09:25:30.263 [pool-1-thread-4] DEBUG org.flywaydb.core.internal.sqlscript.DefaultSqlScriptExecutor -- 0 rows affected
09:25:30.263 [pool-1-thread-4] DEBUG org.flywaydb.core.internal.command.DbMigrate -- Successfully completed migration of schema "PUBLIC" to version "4 - Fingerprints"
09:25:30.265 [pool-1-thread-4] DEBUG org.flywaydb.core.internal.schemahistory.JdbcTableSchemaHistory -- Schema History table "PUBLIC"."flyway_schema_history" successfully updated to reflect changes
09:25:30.270 [pool-1-thread-4] INFO org.flywaydb.core.internal.command.DbMigrate -- Successfully applied 4 migrations to schema "PUBLIC", now at version v4 (execution time 00:00.020s)
09:25:30.278 [pool-1-thread-4] DEBUG org.flywaydb.core.FlywayExecutor -- Memory usage: 61 of 123M
2024.03.23 09:25:30 WARN  Build server is not auto-connectable.
2024.03.23 09:27:54 INFO  no build target found for /home/phuonglh/courses/bda/bankmarketing/src/main/scala/example/Hello.scala. Using presentation compiler with project's scala-library version: 3.3.1
2024.03.23 09:27:56 INFO  time: code lens generation in 1.43s
Mar 23, 2024 9:30:12 AM org.eclipse.lsp4j.jsonrpc.RemoteEndpoint handleCancellation
WARNING: Unmatched cancel notification for request id 90
Mar 23, 2024 9:30:20 AM org.eclipse.lsp4j.jsonrpc.RemoteEndpoint handleCancellation
WARNING: Unmatched cancel notification for request id 99
2024.03.23 09:30:29 WARN  no build target for: /home/phuonglh/courses/bda/bankmarketing/build.sbt
2024.03.23 09:30:32 INFO  running '/home/phuonglh/.local/share/coursier/bin/sbt -Dbloop.export-jar-classifiers=sources bloopInstall'
2024.03.23 09:30:32 ERROR [info] [launcher] getting org.scala-sbt sbt 1.9.9  (this may take some time)...
Mar 23, 2024 9:31:11 AM org.eclipse.lsp4j.jsonrpc.RemoteEndpoint handleCancellation
WARNING: Unmatched cancel notification for request id 159
2024.03.23 09:31:55 INFO  [info] welcome to sbt 1.9.9 (Private Build Java 1.8.0_402)
2024.03.23 09:31:56 INFO  [info] loading project definition from /home/phuonglh/courses/bda/bankmarketing/project
2024.03.23 09:31:58 INFO  [info] compiling 1 Scala source to /home/phuonglh/courses/bda/bankmarketing/project/target/scala-2.12/sbt-1.0/classes ...
2024.03.23 09:32:06 INFO  [info] Non-compiled module 'compiler-bridge_2.12' for Scala 2.12.18. Compiling...
2024.03.23 09:32:18 INFO  [info]   Compilation completed in 11.94s.
2024.03.23 09:32:18 INFO  [info] done compiling
2024.03.23 09:32:24 INFO  [info] loading settings for project root from build.sbt ...
2024.03.23 09:32:24 INFO  [info] set current project to BankMarketing (in build file:/home/phuonglh/courses/bda/bankmarketing/)
2024.03.23 09:32:24 INFO  [error] Not a valid command: bloopInstall
2024.03.23 09:32:24 INFO  [error] Not a valid project ID: bloopInstall
2024.03.23 09:32:24 INFO  [error] Expected ':'
2024.03.23 09:32:24 INFO  [error] Not a valid key: bloopInstall
2024.03.23 09:32:24 INFO  [error] bloopInstall
2024.03.23 09:32:24 INFO  [error]             ^
2024.03.23 09:32:25 INFO  time: ran 'sbt bloopInstall' in 1m52s
2024.03.23 09:32:25 ERROR sbt command failed: /home/phuonglh/.local/share/coursier/bin/sbt -Dbloop.export-jar-classifiers=sources bloopInstall
Mar 23, 2024 9:34:31 AM org.eclipse.lsp4j.jsonrpc.RemoteEndpoint handleCancellation
WARNING: Unmatched cancel notification for request id 182
2024.03.23 09:35:38 WARN  no build target for: /home/phuonglh/courses/bda/bankmarketing/project/plugins.sbt
2024.03.23 09:35:59 INFO  running '/home/phuonglh/.local/share/coursier/bin/sbt -Dbloop.export-jar-classifiers=sources bloopInstall'
2024.03.23 09:36:01 INFO  [info] welcome to sbt 1.9.9 (Private Build Java 1.8.0_402)
2024.03.23 09:36:02 INFO  [info] loading settings for project bankmarketing-build from plugins.sbt ...
2024.03.23 09:36:02 INFO  [info] loading project definition from /home/phuonglh/courses/bda/bankmarketing/project
2024.03.23 09:36:04 INFO  [info] loading settings for project root from build.sbt ...
2024.03.23 09:36:04 INFO  [info] set current project to BankMarketing (in build file:/home/phuonglh/courses/bda/bankmarketing/)
2024.03.23 09:36:08 INFO  [success] Generated .bloop/root.json
2024.03.23 09:36:08 INFO  [success] Generated .bloop/root-test.json
2024.03.23 09:36:08 INFO  [success] Total time: 3 s, completed Mar 23, 2024 9:36:08 AM
2024.03.23 09:36:09 INFO  time: ran 'sbt bloopInstall' in 9.62s
2024.03.23 09:36:09 INFO  Attempting to connect to the build server...
2024.03.23 09:36:09 INFO  Bloop uses /usr/lib/jvm/java-11-openjdk-amd64 defined at /home/phuonglh/.bloop/bloop.json
2024.03.23 09:36:12 INFO  tracing is disabled for protocol BSP, to enable tracing of incoming and outgoing JSON messages create an empty file at /home/phuonglh/courses/bda/bankmarketing/.metals/bsp.trace.json or /home/phuonglh/.cache/metals/bsp.trace.json
2024.03.23 09:36:12 INFO  time: Connected to build server in 3.01s
2024.03.23 09:36:12 INFO  Connected to Build server: Bloop v1.5.15
2024.03.23 09:36:12 INFO  time: Imported build in 0.11s
2024.03.23 09:36:14 WARN  Could not find java sources in /usr/lib/jvm/src.zip, /usr/lib/jvm/lib/src.zip, /usr/lib/jvm/java-11-openjdk-amd64/src.zip, /usr/lib/jvm/java-11-openjdk-amd64/lib/src.zip, /usr/lib/jvm/src.zip, /usr/lib/jvm/lib/src.zip, /usr/lib/jvm/java-11-openjdk-amd64/src.zip, /usr/lib/jvm/java-11-openjdk-amd64/lib/src.zip. Java symbols will not be available.
2024.03.23 09:36:14 WARN  Could not find java sources in /usr/lib/jvm/src.zip, /usr/lib/jvm/lib/src.zip, /usr/lib/jvm/java-11-openjdk-amd64/src.zip, /usr/lib/jvm/java-11-openjdk-amd64/lib/src.zip, /usr/lib/jvm/src.zip, /usr/lib/jvm/lib/src.zip, /usr/lib/jvm/java-11-openjdk-amd64/src.zip, /usr/lib/jvm/java-11-openjdk-amd64/lib/src.zip. Java symbols will not be available.
2024.03.23 09:36:14 WARN  Could not find java sources in /usr/lib/jvm/src.zip, /usr/lib/jvm/lib/src.zip, /usr/lib/jvm/java-11-openjdk-amd64/src.zip, /usr/lib/jvm/java-11-openjdk-amd64/lib/src.zip, /usr/lib/jvm/src.zip, /usr/lib/jvm/lib/src.zip, /usr/lib/jvm/java-11-openjdk-amd64/src.zip, /usr/lib/jvm/java-11-openjdk-amd64/lib/src.zip. Java symbols will not be available.
2024.03.23 09:36:14 INFO  time: indexed workspace in 2.24s
2024.03.23 09:36:14 WARN  no build target for: /home/phuonglh/courses/bda/bankmarketing/build.sbt
2024.03.23 09:36:15 INFO  compiling root (1 scala source)
2024.03.23 09:36:19 INFO  compiling root-test (1 scala source)
Mar 23, 2024 9:36:19 AM org.eclipse.lsp4j.jsonrpc.RemoteEndpoint handleCancellation
WARNING: Unmatched cancel notification for request id 204
2024.03.23 09:36:19 INFO  time: compiled root in 4.46s
2024.03.23 09:36:20 INFO  time: compiled root-test in 1.28s
Mar 23, 2024 9:36:21 AM org.eclipse.lsp4j.jsonrpc.RemoteEndpoint handleCancellation
WARNING: Unmatched cancel notification for request id 213
Mar 23, 2024 9:36:29 AM org.eclipse.lsp4j.jsonrpc.RemoteEndpoint handleCancellation
WARNING: Unmatched cancel notification for request id 225
Mar 23, 2024 9:36:31 AM org.eclipse.lsp4j.jsonrpc.RemoteEndpoint handleCancellation
WARNING: Unmatched cancel notification for request id 233
Mar 23, 2024 9:36:37 AM org.eclipse.lsp4j.jsonrpc.RemoteEndpoint handleCancellation
WARNING: Unmatched cancel notification for request id 245
Mar 23, 2024 9:36:39 AM org.eclipse.lsp4j.jsonrpc.RemoteEndpoint handleCancellation
WARNING: Unmatched cancel notification for request id 253
2024.03.23 09:37:15 INFO  compiling root (1 scala source)
2024.03.23 09:37:15 INFO  time: compiled root in 0.68s
something's wrong: no file:///home/phuonglh/courses/bda/bankmarketing/src/main/scala/example/Hello.scala in Array[<error>]RangePosition(file:///home/phuonglh/courses/bda/bankmarketing/src/main/scala/example/Hello.scala, 57, 57, 72)
something's wrong: no file:///home/phuonglh/courses/bda/bankmarketing/src/main/scala/example/Hello.scala in Array[<error>]RangePosition(file:///home/phuonglh/courses/bda/bankmarketing/src/main/scala/example/Hello.scala, 57, 57, 65)
something's wrong: no file:///home/phuonglh/courses/bda/bankmarketing/src/main/scala/example/Hello.scala in Array[<error>]RangePosition(file:///home/phuonglh/courses/bda/bankmarketing/src/main/scala/example/Hello.scala, 57, 57, 66)
something's wrong: no file:///home/phuonglh/courses/bda/bankmarketing/src/main/scala/example/Hello.scala in Array[String]RangePosition(file:///home/phuonglh/courses/bda/bankmarketing/src/main/scala/example/Hello.scala, 57, 57, 70)
Mar 23, 2024 9:37:40 AM org.eclipse.lsp4j.jsonrpc.RemoteEndpoint handleCancellation
WARNING: Unmatched cancel notification for request id 638
2024.03.23 09:37:42 INFO  compiling root (1 scala source)
2024.03.23 09:37:42 INFO  time: compiled root in 0.61s
Mar 23, 2024 9:38:20 AM org.eclipse.lsp4j.jsonrpc.RemoteEndpoint handleCancellation
WARNING: Unmatched cancel notification for request id 670
2024.03.23 09:38:24 INFO  compiling root (1 scala source)
2024.03.23 09:38:24 INFO  time: compiled root in 0.7s
Mar 23, 2024 9:38:27 AM org.eclipse.lsp4j.jsonrpc.services.GenericEndpoint notify
INFO: Unsupported notification method: $/setTrace
Mar 23, 2024 9:38:39 AM org.eclipse.lsp4j.jsonrpc.RemoteEndpoint handleCancellation
WARNING: Unmatched cancel notification for request id 720
Mar 23, 2024 9:41:50 AM scala.meta.internal.pc.CompilerAccess handleError
SEVERE: A severe compiler error occurred, full details of the error can be found in the error report /home/phuonglh/courses/bda/bankmarketing/.metals/.reports/metals-full/2024-03-23/r_compiler-error_09-41-50-969.md
Mar 23, 2024 9:41:55 AM scala.meta.internal.pc.CompilerAccess handleError
SEVERE: A severe compiler error occurred, full details of the error can be found in the error report /home/phuonglh/courses/bda/bankmarketing/.metals/.reports/metals-full/2024-03-23/r_compiler-error_09-41-55-390.md
Mar 23, 2024 9:41:56 AM scala.meta.internal.pc.CompilerAccess handleError
SEVERE: A severe compiler error occurred, full details of the error can be found in the error report /home/phuonglh/courses/bda/bankmarketing/.metals/.reports/metals-full/2024-03-23/r_compiler-error_09-41-56-881.md
Mar 23, 2024 9:42:05 AM scala.meta.internal.pc.CompilerAccess handleError
SEVERE: A severe compiler error occurred, full details of the error can be found in the error report /home/phuonglh/courses/bda/bankmarketing/.metals/.reports/metals-full/2024-03-23/r_compiler-error_09-42-05-243.md
Mar 23, 2024 9:42:07 AM scala.meta.internal.pc.CompilerAccess handleError
SEVERE: A severe compiler error occurred, full details of the error can be found in the error report /home/phuonglh/courses/bda/bankmarketing/.metals/.reports/metals-full/2024-03-23/r_compiler-error_09-42-07-481.md
Mar 23, 2024 9:42:08 AM scala.meta.internal.pc.CompilerAccess handleError
SEVERE: A severe compiler error occurred, full details of the error can be found in the error report /home/phuonglh/courses/bda/bankmarketing/.metals/.reports/metals-full/2024-03-23/r_compiler-error_09-42-08-273.md
Mar 23, 2024 9:42:09 AM scala.meta.internal.pc.CompilerAccess handleError
SEVERE: A severe compiler error occurred, full details of the error can be found in the error report /home/phuonglh/courses/bda/bankmarketing/.metals/.reports/metals-full/2024-03-23/r_compiler-error_09-42-09-205.md
Mar 23, 2024 9:42:10 AM scala.meta.internal.pc.CompilerAccess handleError
SEVERE: A severe compiler error occurred, full details of the error can be found in the error report /home/phuonglh/courses/bda/bankmarketing/.metals/.reports/metals-full/2024-03-23/r_compiler-error_09-42-10-809.md
Mar 23, 2024 9:42:15 AM scala.meta.internal.pc.CompilerAccess handleError
SEVERE: A severe compiler error occurred, full details of the error can be found in the error report /home/phuonglh/courses/bda/bankmarketing/.metals/.reports/metals-full/2024-03-23/r_compiler-error_09-42-15-678.md
Mar 23, 2024 9:42:17 AM scala.meta.internal.pc.CompilerAccess handleError
SEVERE: A severe compiler error occurred, full details of the error can be found in the error report /home/phuonglh/courses/bda/bankmarketing/.metals/.reports/metals-full/2024-03-23/r_compiler-error_09-42-17-555.md
Mar 23, 2024 9:42:18 AM scala.meta.internal.pc.CompilerAccess handleError
SEVERE: A severe compiler error occurred, full details of the error can be found in the error report /home/phuonglh/courses/bda/bankmarketing/.metals/.reports/metals-full/2024-03-23/r_compiler-error_09-42-18-706.md
Mar 23, 2024 9:42:19 AM scala.meta.internal.pc.CompilerAccess handleError
SEVERE: A severe compiler error occurred, full details of the error can be found in the error report /home/phuonglh/courses/bda/bankmarketing/.metals/.reports/metals-full/2024-03-23/r_compiler-error_09-42-19-831.md
Mar 23, 2024 9:42:21 AM scala.meta.internal.pc.CompilerAccess handleError
SEVERE: A severe compiler error occurred, full details of the error can be found in the error report /home/phuonglh/courses/bda/bankmarketing/.metals/.reports/metals-full/2024-03-23/r_compiler-error_09-42-21-394.md
Mar 23, 2024 9:42:21 AM scala.meta.internal.pc.CompilerAccess handleError
SEVERE: A severe compiler error occurred, full details of the error can be found in the error report /home/phuonglh/courses/bda/bankmarketing/.metals/.reports/metals-full/2024-03-23/r_compiler-error_09-42-21-860.md
Mar 23, 2024 9:42:22 AM scala.meta.internal.pc.CompilerAccess handleError
SEVERE: A severe compiler error occurred, full details of the error can be found in the error report /home/phuonglh/courses/bda/bankmarketing/.metals/.reports/metals-full/2024-03-23/r_compiler-error_09-42-22-739.md
Mar 23, 2024 9:42:31 AM scala.meta.internal.pc.CompilerAccess handleError
SEVERE: A severe compiler error occurred, full details of the error can be found in the error report /home/phuonglh/courses/bda/bankmarketing/.metals/.reports/metals-full/2024-03-23/r_compiler-error_09-42-31-123.md
Mar 23, 2024 9:42:32 AM scala.meta.internal.pc.CompilerAccess handleError
SEVERE: A severe compiler error occurred, full details of the error can be found in the error report /home/phuonglh/courses/bda/bankmarketing/.metals/.reports/metals-full/2024-03-23/r_compiler-error_09-42-32-156.md
Mar 23, 2024 9:42:33 AM scala.meta.internal.pc.CompilerAccess handleError
SEVERE: A severe compiler error occurred, full details of the error can be found in the error report /home/phuonglh/courses/bda/bankmarketing/.metals/.reports/metals-full/2024-03-23/r_compiler-error_09-42-33-135.md
Mar 23, 2024 9:42:36 AM scala.meta.internal.pc.CompilerAccess handleError
SEVERE: A severe compiler error occurred, full details of the error can be found in the error report /home/phuonglh/courses/bda/bankmarketing/.metals/.reports/metals-full/2024-03-23/r_compiler-error_09-42-36-162.md
Mar 23, 2024 9:42:37 AM scala.meta.internal.pc.CompilerAccess handleError
SEVERE: A severe compiler error occurred, full details of the error can be found in the error report /home/phuonglh/courses/bda/bankmarketing/.metals/.reports/metals-full/2024-03-23/r_compiler-error_09-42-37-429.md
Mar 23, 2024 9:42:38 AM scala.meta.internal.pc.CompilerAccess handleError
SEVERE: A severe compiler error occurred, full details of the error can be found in the error report /home/phuonglh/courses/bda/bankmarketing/.metals/.reports/metals-full/2024-03-23/r_compiler-error_09-42-38-312.md
Mar 23, 2024 9:42:39 AM scala.meta.internal.pc.CompilerAccess handleError
SEVERE: A severe compiler error occurred, full details of the error can be found in the error report /home/phuonglh/courses/bda/bankmarketing/.metals/.reports/metals-full/2024-03-23/r_compiler-error_09-42-39-492.md
2024.03.23 09:42:41 WARN  no build target for: /home/phuonglh/courses/bda/bankmarketing/build.sbt
2024.03.23 09:42:53 INFO  running '/home/phuonglh/.local/share/coursier/bin/sbt -Dbloop.export-jar-classifiers=sources bloopInstall'
2024.03.23 09:42:54 INFO  [info] welcome to sbt 1.9.9 (Private Build Java 1.8.0_402)
2024.03.23 09:42:56 INFO  [info] loading settings for project bankmarketing-build from plugins.sbt ...
2024.03.23 09:42:56 INFO  [info] loading project definition from /home/phuonglh/courses/bda/bankmarketing/project
2024.03.23 09:42:59 ERROR /home/phuonglh/courses/bda/bankmarketing/build.sbt:14: error: value libraryDependencies is not a member of sbt.librarymanagement.ModuleID
2024.03.23 09:42:59 ERROR possible cause: maybe a semicolon is missing before `value libraryDependencies'?
2024.03.23 09:42:59 ERROR     libraryDependencies += Seq(
2024.03.23 09:42:59 ERROR     ^
2024.03.23 09:42:59 ERROR /home/phuonglh/courses/bda/bankmarketing/build.sbt:14: error: not found: value +=
2024.03.23 09:42:59 ERROR     libraryDependencies += Seq(
2024.03.23 09:42:59 ERROR                         ^
2024.03.23 09:42:59 ERROR sbt.compiler.EvalException: Type error in expression
2024.03.23 09:42:59 INFO  [error] sbt.compiler.EvalException: Type error in expression
2024.03.23 09:42:59 INFO  [error] Use 'last' for the full log.
2024.03.23 09:42:59 INFO  [warn] Project loading failed: (r)etry, (q)uit, (l)ast, or (i)gnore? (default: r)
2024.03.23 09:43:00 INFO  time: ran 'sbt bloopInstall' in 7.06s
2024.03.23 09:43:00 ERROR sbt command failed: /home/phuonglh/.local/share/coursier/bin/sbt -Dbloop.export-jar-classifiers=sources bloopInstall
2024.03.23 09:43:00 INFO  Disconnecting from Bloop session...
2024.03.23 09:43:00 INFO  Shut down connection with build server.
2024.03.23 09:43:00 INFO  Attempting to connect to the build server...
2024.03.23 09:43:00 INFO  Bloop uses /usr/lib/jvm/java-11-openjdk-amd64 defined at /home/phuonglh/.bloop/bloop.json
2024.03.23 09:43:00 INFO  tracing is disabled for protocol BSP, to enable tracing of incoming and outgoing JSON messages create an empty file at /home/phuonglh/courses/bda/bankmarketing/.metals/bsp.trace.json or /home/phuonglh/.cache/metals/bsp.trace.json
2024.03.23 09:43:00 INFO  time: Connected to build server in 39ms
2024.03.23 09:43:00 INFO  Connected to Build server: Bloop v1.5.15
2024.03.23 09:43:01 WARN  Could not find java sources in /usr/lib/jvm/src.zip, /usr/lib/jvm/lib/src.zip, /usr/lib/jvm/java-11-openjdk-amd64/src.zip, /usr/lib/jvm/java-11-openjdk-amd64/lib/src.zip, /usr/lib/jvm/src.zip, /usr/lib/jvm/lib/src.zip, /usr/lib/jvm/java-11-openjdk-amd64/src.zip, /usr/lib/jvm/java-11-openjdk-amd64/lib/src.zip. Java symbols will not be available.
2024.03.23 09:43:01 WARN  Could not find java sources in /usr/lib/jvm/src.zip, /usr/lib/jvm/lib/src.zip, /usr/lib/jvm/java-11-openjdk-amd64/src.zip, /usr/lib/jvm/java-11-openjdk-amd64/lib/src.zip, /usr/lib/jvm/src.zip, /usr/lib/jvm/lib/src.zip, /usr/lib/jvm/java-11-openjdk-amd64/src.zip, /usr/lib/jvm/java-11-openjdk-amd64/lib/src.zip. Java symbols will not be available.
2024.03.23 09:43:01 WARN  Could not find java sources in /usr/lib/jvm/src.zip, /usr/lib/jvm/lib/src.zip, /usr/lib/jvm/java-11-openjdk-amd64/src.zip, /usr/lib/jvm/java-11-openjdk-amd64/lib/src.zip, /usr/lib/jvm/src.zip, /usr/lib/jvm/lib/src.zip, /usr/lib/jvm/java-11-openjdk-amd64/src.zip, /usr/lib/jvm/java-11-openjdk-amd64/lib/src.zip. Java symbols will not be available.
2024.03.23 09:43:01 INFO  time: indexed workspace in 1.27s
2024.03.23 09:43:01 WARN  no build target for: /home/phuonglh/courses/bda/bankmarketing/build.sbt
2024.03.23 09:43:03 INFO  compiling root-test (1 scala source)
2024.03.23 09:43:03 INFO  time: code lens generation in 1.27s
2024.03.23 09:43:03 INFO  time: compiled root-test in 0.12s
2024.03.23 09:43:18 WARN  no build target for: /home/phuonglh/courses/bda/bankmarketing/build.sbt
2024.03.23 09:43:23 INFO  running '/home/phuonglh/.local/share/coursier/bin/sbt -Dbloop.export-jar-classifiers=sources bloopInstall'
2024.03.23 09:43:24 INFO  [info] welcome to sbt 1.9.9 (Private Build Java 1.8.0_402)
2024.03.23 09:43:25 INFO  [info] loading settings for project bankmarketing-build from plugins.sbt ...
2024.03.23 09:43:25 INFO  [info] loading project definition from /home/phuonglh/courses/bda/bankmarketing/project
2024.03.23 09:43:29 ERROR /home/phuonglh/courses/bda/bankmarketing/build.sbt:14: error: value libraryDependencies is not a member of sbt.librarymanagement.ModuleID
2024.03.23 09:43:29 ERROR possible cause: maybe a semicolon is missing before `value libraryDependencies'?
2024.03.23 09:43:29 ERROR     libraryDependencies += Seq(
2024.03.23 09:43:29 ERROR     ^
2024.03.23 09:43:29 ERROR /home/phuonglh/courses/bda/bankmarketing/build.sbt:14: error: not found: value +=
2024.03.23 09:43:29 ERROR     libraryDependencies += Seq(
2024.03.23 09:43:29 ERROR                         ^
2024.03.23 09:43:29 ERROR sbt.compiler.EvalException: Type error in expression
2024.03.23 09:43:29 INFO  [error] sbt.compiler.EvalException: Type error in expression
2024.03.23 09:43:29 INFO  [error] Use 'last' for the full log.
2024.03.23 09:43:29 INFO  [warn] Project loading failed: (r)etry, (q)uit, (l)ast, or (i)gnore? (default: r)
2024.03.23 09:43:30 INFO  time: ran 'sbt bloopInstall' in 7s
2024.03.23 09:43:30 ERROR sbt command failed: /home/phuonglh/.local/share/coursier/bin/sbt -Dbloop.export-jar-classifiers=sources bloopInstall
2024.03.23 09:43:30 INFO  Disconnecting from Bloop session...
2024.03.23 09:43:30 INFO  Shut down connection with build server.
2024.03.23 09:43:30 INFO  Attempting to connect to the build server...
2024.03.23 09:43:30 INFO  Bloop uses /usr/lib/jvm/java-11-openjdk-amd64 defined at /home/phuonglh/.bloop/bloop.json
2024.03.23 09:43:30 INFO  tracing is disabled for protocol BSP, to enable tracing of incoming and outgoing JSON messages create an empty file at /home/phuonglh/courses/bda/bankmarketing/.metals/bsp.trace.json or /home/phuonglh/.cache/metals/bsp.trace.json
2024.03.23 09:43:30 INFO  time: Connected to build server in 36ms
2024.03.23 09:43:30 INFO  Connected to Build server: Bloop v1.5.15
2024.03.23 09:43:31 WARN  Could not find java sources in /usr/lib/jvm/src.zip, /usr/lib/jvm/lib/src.zip, /usr/lib/jvm/java-11-openjdk-amd64/src.zip, /usr/lib/jvm/java-11-openjdk-amd64/lib/src.zip, /usr/lib/jvm/src.zip, /usr/lib/jvm/lib/src.zip, /usr/lib/jvm/java-11-openjdk-amd64/src.zip, /usr/lib/jvm/java-11-openjdk-amd64/lib/src.zip. Java symbols will not be available.
2024.03.23 09:43:31 WARN  Could not find java sources in /usr/lib/jvm/src.zip, /usr/lib/jvm/lib/src.zip, /usr/lib/jvm/java-11-openjdk-amd64/src.zip, /usr/lib/jvm/java-11-openjdk-amd64/lib/src.zip, /usr/lib/jvm/src.zip, /usr/lib/jvm/lib/src.zip, /usr/lib/jvm/java-11-openjdk-amd64/src.zip, /usr/lib/jvm/java-11-openjdk-amd64/lib/src.zip. Java symbols will not be available.
2024.03.23 09:43:31 WARN  Could not find java sources in /usr/lib/jvm/src.zip, /usr/lib/jvm/lib/src.zip, /usr/lib/jvm/java-11-openjdk-amd64/src.zip, /usr/lib/jvm/java-11-openjdk-amd64/lib/src.zip, /usr/lib/jvm/src.zip, /usr/lib/jvm/lib/src.zip, /usr/lib/jvm/java-11-openjdk-amd64/src.zip, /usr/lib/jvm/java-11-openjdk-amd64/lib/src.zip. Java symbols will not be available.
2024.03.23 09:43:31 INFO  time: indexed workspace in 1.17s
2024.03.23 09:43:31 WARN  no build target for: /home/phuonglh/courses/bda/bankmarketing/build.sbt
2024.03.23 09:43:32 INFO  compiling root-test (1 scala source)
2024.03.23 09:43:32 INFO  time: compiled root-test in 3ms
2024.03.23 09:43:52 INFO  compiling root (1 scala source)
2024.03.23 09:43:52 INFO  time: compiled root in 0.58s
Mar 23, 2024 9:44:15 AM org.eclipse.lsp4j.jsonrpc.RemoteEndpoint handleCancellation
WARNING: Unmatched cancel notification for request id 1144
2024.03.23 09:44:23 WARN  no build target for: /home/phuonglh/courses/bda/bankmarketing/build.sbt
2024.03.23 09:44:23 INFO  skipping build import with status 'Installed'
Mar 23, 2024 9:44:26 AM scala.meta.internal.pc.CompilerAccess handleError
SEVERE: A severe compiler error occurred, full details of the error can be found in the error report /home/phuonglh/courses/bda/bankmarketing/.metals/.reports/metals-full/2024-03-23/r_compiler-error_09-44-26-709.md
2024.03.23 09:44:32 WARN  no build target for: /home/phuonglh/courses/bda/bankmarketing/build.sbt
2024.03.23 09:44:34 INFO  running '/home/phuonglh/.local/share/coursier/bin/sbt -Dbloop.export-jar-classifiers=sources bloopInstall'
2024.03.23 09:44:36 INFO  [info] welcome to sbt 1.9.9 (Private Build Java 1.8.0_402)
2024.03.23 09:44:37 INFO  [info] loading settings for project bankmarketing-build from plugins.sbt ...
2024.03.23 09:44:37 INFO  [info] loading project definition from /home/phuonglh/courses/bda/bankmarketing/project
2024.03.23 09:44:41 ERROR /home/phuonglh/courses/bda/bankmarketing/build.sbt:14: error: value libraryDependencies is not a member of sbt.librarymanagement.ModuleID
2024.03.23 09:44:41 ERROR possible cause: maybe a semicolon is missing before `value libraryDependencies'?
2024.03.23 09:44:41 ERROR     libraryDependencies += Seq(
2024.03.23 09:44:41 ERROR     ^
2024.03.23 09:44:41 ERROR /home/phuonglh/courses/bda/bankmarketing/build.sbt:14: error: not found: value +=
2024.03.23 09:44:41 ERROR     libraryDependencies += Seq(
2024.03.23 09:44:41 ERROR                         ^
2024.03.23 09:44:41 ERROR sbt.compiler.EvalException: Type error in expression
2024.03.23 09:44:41 INFO  [error] sbt.compiler.EvalException: Type error in expression
2024.03.23 09:44:41 INFO  [error] Use 'last' for the full log.
2024.03.23 09:44:41 INFO  [warn] Project loading failed: (r)etry, (q)uit, (l)ast, or (i)gnore? (default: r)
2024.03.23 09:44:41 INFO  time: ran 'sbt bloopInstall' in 7.35s
2024.03.23 09:44:41 ERROR sbt command failed: /home/phuonglh/.local/share/coursier/bin/sbt -Dbloop.export-jar-classifiers=sources bloopInstall
2024.03.23 09:44:42 INFO  Disconnecting from Bloop session...
2024.03.23 09:44:42 INFO  Shut down connection with build server.
2024.03.23 09:44:41 INFO  Attempting to connect to the build server...
2024.03.23 09:44:41 INFO  Bloop uses /usr/lib/jvm/java-11-openjdk-amd64 defined at /home/phuonglh/.bloop/bloop.json
2024.03.23 09:44:41 INFO  tracing is disabled for protocol BSP, to enable tracing of incoming and outgoing JSON messages create an empty file at /home/phuonglh/courses/bda/bankmarketing/.metals/bsp.trace.json or /home/phuonglh/.cache/metals/bsp.trace.json
2024.03.23 09:44:41 INFO  time: Connected to build server in 87ms
2024.03.23 09:44:41 INFO  Connected to Build server: Bloop v1.5.15
2024.03.23 09:44:43 WARN  Could not find java sources in /usr/lib/jvm/src.zip, /usr/lib/jvm/lib/src.zip, /usr/lib/jvm/java-11-openjdk-amd64/src.zip, /usr/lib/jvm/java-11-openjdk-amd64/lib/src.zip, /usr/lib/jvm/src.zip, /usr/lib/jvm/lib/src.zip, /usr/lib/jvm/java-11-openjdk-amd64/src.zip, /usr/lib/jvm/java-11-openjdk-amd64/lib/src.zip. Java symbols will not be available.
2024.03.23 09:44:43 WARN  Could not find java sources in /usr/lib/jvm/src.zip, /usr/lib/jvm/lib/src.zip, /usr/lib/jvm/java-11-openjdk-amd64/src.zip, /usr/lib/jvm/java-11-openjdk-amd64/lib/src.zip, /usr/lib/jvm/src.zip, /usr/lib/jvm/lib/src.zip, /usr/lib/jvm/java-11-openjdk-amd64/src.zip, /usr/lib/jvm/java-11-openjdk-amd64/lib/src.zip. Java symbols will not be available.
2024.03.23 09:44:43 WARN  Could not find java sources in /usr/lib/jvm/src.zip, /usr/lib/jvm/lib/src.zip, /usr/lib/jvm/java-11-openjdk-amd64/src.zip, /usr/lib/jvm/java-11-openjdk-amd64/lib/src.zip, /usr/lib/jvm/src.zip, /usr/lib/jvm/lib/src.zip, /usr/lib/jvm/java-11-openjdk-amd64/src.zip, /usr/lib/jvm/java-11-openjdk-amd64/lib/src.zip. Java symbols will not be available.
2024.03.23 09:44:43 INFO  time: indexed workspace in 1.35s
2024.03.23 09:44:43 WARN  no build target for: /home/phuonglh/courses/bda/bankmarketing/build.sbt
2024.03.23 09:44:44 INFO  compiling root-test (1 scala source)
2024.03.23 09:44:44 INFO  time: compiled root-test in 2ms
2024.03.23 09:44:44 INFO  time: code lens generation in 1.01s
2024.03.23 09:45:07 WARN  no build target for: /home/phuonglh/courses/bda/bankmarketing/build.sbt
2024.03.23 09:45:10 INFO  running '/home/phuonglh/.local/share/coursier/bin/sbt -Dbloop.export-jar-classifiers=sources bloopInstall'
2024.03.23 09:45:12 INFO  [info] welcome to sbt 1.9.9 (Private Build Java 1.8.0_402)
2024.03.23 09:45:13 INFO  [info] loading settings for project bankmarketing-build from plugins.sbt ...
2024.03.23 09:45:13 INFO  [info] loading project definition from /home/phuonglh/courses/bda/bankmarketing/project
2024.03.23 09:45:17 ERROR /home/phuonglh/courses/bda/bankmarketing/build.sbt:14: error: value libraryDependencies is not a member of sbt.librarymanagement.ModuleID
2024.03.23 09:45:17 ERROR possible cause: maybe a semicolon is missing before `value libraryDependencies'?
2024.03.23 09:45:17 ERROR     libraryDependencies ++= Seq(
2024.03.23 09:45:17 ERROR     ^
2024.03.23 09:45:17 ERROR /home/phuonglh/courses/bda/bankmarketing/build.sbt:14: error: not found: value ++=
2024.03.23 09:45:17 ERROR     libraryDependencies ++= Seq(
2024.03.23 09:45:17 ERROR                         ^
2024.03.23 09:45:17 ERROR sbt.compiler.EvalException: Type error in expression
2024.03.23 09:45:17 INFO  [error] sbt.compiler.EvalException: Type error in expression
2024.03.23 09:45:17 INFO  [error] Use 'last' for the full log.
2024.03.23 09:45:17 INFO  [warn] Project loading failed: (r)etry, (q)uit, (l)ast, or (i)gnore? (default: r)
2024.03.23 09:45:17 INFO  time: ran 'sbt bloopInstall' in 7s
2024.03.23 09:45:17 ERROR sbt command failed: /home/phuonglh/.local/share/coursier/bin/sbt -Dbloop.export-jar-classifiers=sources bloopInstall
2024.03.23 09:45:17 INFO  Disconnecting from Bloop session...
2024.03.23 09:45:17 INFO  Shut down connection with build server.
2024.03.23 09:45:17 INFO  Attempting to connect to the build server...
2024.03.23 09:45:17 INFO  Bloop uses /usr/lib/jvm/java-11-openjdk-amd64 defined at /home/phuonglh/.bloop/bloop.json
2024.03.23 09:45:17 INFO  tracing is disabled for protocol BSP, to enable tracing of incoming and outgoing JSON messages create an empty file at /home/phuonglh/courses/bda/bankmarketing/.metals/bsp.trace.json or /home/phuonglh/.cache/metals/bsp.trace.json
2024.03.23 09:45:17 INFO  time: Connected to build server in 33ms
2024.03.23 09:45:17 INFO  Connected to Build server: Bloop v1.5.15
2024.03.23 09:45:19 WARN  Could not find java sources in /usr/lib/jvm/src.zip, /usr/lib/jvm/lib/src.zip, /usr/lib/jvm/java-11-openjdk-amd64/src.zip, /usr/lib/jvm/java-11-openjdk-amd64/lib/src.zip, /usr/lib/jvm/src.zip, /usr/lib/jvm/lib/src.zip, /usr/lib/jvm/java-11-openjdk-amd64/src.zip, /usr/lib/jvm/java-11-openjdk-amd64/lib/src.zip. Java symbols will not be available.
2024.03.23 09:45:19 WARN  Could not find java sources in /usr/lib/jvm/src.zip, /usr/lib/jvm/lib/src.zip, /usr/lib/jvm/java-11-openjdk-amd64/src.zip, /usr/lib/jvm/java-11-openjdk-amd64/lib/src.zip, /usr/lib/jvm/src.zip, /usr/lib/jvm/lib/src.zip, /usr/lib/jvm/java-11-openjdk-amd64/src.zip, /usr/lib/jvm/java-11-openjdk-amd64/lib/src.zip. Java symbols will not be available.
2024.03.23 09:45:19 WARN  Could not find java sources in /usr/lib/jvm/src.zip, /usr/lib/jvm/lib/src.zip, /usr/lib/jvm/java-11-openjdk-amd64/src.zip, /usr/lib/jvm/java-11-openjdk-amd64/lib/src.zip, /usr/lib/jvm/src.zip, /usr/lib/jvm/lib/src.zip, /usr/lib/jvm/java-11-openjdk-amd64/src.zip, /usr/lib/jvm/java-11-openjdk-amd64/lib/src.zip. Java symbols will not be available.
2024.03.23 09:45:19 INFO  time: indexed workspace in 1.41s
2024.03.23 09:45:19 WARN  no build target for: /home/phuonglh/courses/bda/bankmarketing/build.sbt
2024.03.23 09:45:19 INFO  no build target found for /home/phuonglh/courses/bda/bankmarketing/build.sbt. Using presentation compiler with project's scala-library version: 2.13.12
2024.03.23 09:45:19 INFO  compiling root-test (1 scala source)
2024.03.23 09:45:19 INFO  time: compiled root-test in 3ms
2024.03.23 09:45:46 WARN  no build target for: /home/phuonglh/courses/bda/bankmarketing/build.sbt
2024.03.23 09:45:46 INFO  skipping build import with status 'Installed'
Mar 23, 2024 9:46:02 AM scala.meta.internal.pc.CompilerAccess handleError
SEVERE: A severe compiler error occurred, full details of the error can be found in the error report /home/phuonglh/courses/bda/bankmarketing/.metals/.reports/metals-full/2024-03-23/r_compiler-error_09-46-02-573.md
2024.03.23 09:46:07 WARN  no build target for: /home/phuonglh/courses/bda/bankmarketing/build.sbt
2024.03.23 09:46:10 INFO  running '/home/phuonglh/.local/share/coursier/bin/sbt -Dbloop.export-jar-classifiers=sources bloopInstall'
2024.03.23 09:46:11 INFO  [info] welcome to sbt 1.9.9 (Private Build Java 1.8.0_402)
2024.03.23 09:46:12 INFO  [info] loading settings for project bankmarketing-build from plugins.sbt ...
2024.03.23 09:46:12 INFO  [info] loading project definition from /home/phuonglh/courses/bda/bankmarketing/project
2024.03.23 09:46:18 INFO  [info] loading settings for project root from build.sbt ...
2024.03.23 09:46:18 INFO  [info] set current project to BankMarketing (in build file:/home/phuonglh/courses/bda/bankmarketing/)
2024.03.23 09:47:13 INFO  skipping build import with status 'Started'
2024.03.23 09:47:19 INFO  user cancelled sbt bloopInstall
2024.03.23 09:47:20 INFO  time: ran 'sbt bloopInstall' in 1m9s
2024.03.23 09:49:07 WARN  no build target for: /home/phuonglh/courses/bda/bankmarketing/build.sbt
2024.03.23 09:49:10 INFO  running '/home/phuonglh/.local/share/coursier/bin/sbt -Dbloop.export-jar-classifiers=sources bloopInstall'
2024.03.23 09:49:11 INFO  [info] welcome to sbt 1.9.9 (Private Build Java 1.8.0_402)
2024.03.23 09:49:13 INFO  [info] loading settings for project bankmarketing-build from plugins.sbt ...
2024.03.23 09:49:13 INFO  [info] loading project definition from /home/phuonglh/courses/bda/bankmarketing/project
2024.03.23 09:49:20 INFO  [info] loading settings for project root from build.sbt ...
2024.03.23 09:49:20 INFO  [info] set current project to BankMarketing (in build file:/home/phuonglh/courses/bda/bankmarketing/)
2024.03.23 09:49:25 INFO  [warn] 
2024.03.23 09:49:25 INFO  [warn] 	Note: Unresolved dependencies path:
2024.03.23 09:49:25 INFO  [error] Couldn't run bloopGenerate for root. Cause:
2024.03.23 09:49:25 INFO  [error] Incomplete(node=Some(Task(_)), tpe=Error, msg=None, causes=List(Incomplete(node=Some(Task(_)), tpe=Error, msg=None, causes=List(Incomplete(node=Some(Task((tags: Map(Tag(update) -> 1, Tag(network) -> 1), taskDefinitionKey: ScopedKey(Scope(Select(ProjectRef(file:/home/phuonglh/courses/bda/bankmarketing/,root)), Zero, Zero, Zero),updateClassifiers)))), tpe=Error, msg=None, causes=List(Incomplete(node=Some(Task((taskDefinitionKey: ScopedKey(Scope(Select(ProjectRef(file:/home/phuonglh/courses/bda/bankmarketing/,root)), Zero, Select(updateClassifiers), Zero),classifiersModule)))), tpe=Error, msg=None, causes=List(Incomplete(node=Some(Task((taskDefinitionKey: ScopedKey(Scope(Select(ProjectRef(file:/home/phuonglh/courses/bda/bankmarketing/,root)), Zero, Zero, Zero),update)))), tpe=Error, msg=None, causes=List(Incomplete(node=Some(Task((tags: Map(Tag(update) -> 1, Tag(network) -> 1), taskDefinitionKey: ScopedKey(Scope(Select(ProjectRef(file:/home/phuonglh/courses/bda/bankmarketing/,root)), Zero, Zero, Zero),update)))), tpe=Error, msg=None, causes=List(), directCause=Some(sbt.librarymanagement.ResolveException: Error downloading org.apache.spark:spark-core_2.13:3.1.2
2024.03.23 09:49:25 INFO  [error]   Not found
2024.03.23 09:49:25 INFO  [error]   Not found
2024.03.23 09:49:25 INFO  [error]   not found: /home/phuonglh/.ivy2/localorg.apache.spark/spark-core_2.13/3.1.2/ivys/ivy.xml
2024.03.23 09:49:25 INFO  [error]   not found: https://repo1.maven.org/maven2/org/apache/spark/spark-core_2.13/3.1.2/spark-core_2.13-3.1.2.pom
2024.03.23 09:49:25 INFO  [error] Error downloading org.apache.spark:spark-sql_2.13:3.1.2
2024.03.23 09:49:25 INFO  [error]   Not found
2024.03.23 09:49:25 INFO  [error]   Not found
2024.03.23 09:49:25 INFO  [error]   not found: /home/phuonglh/.ivy2/localorg.apache.spark/spark-sql_2.13/3.1.2/ivys/ivy.xml
2024.03.23 09:49:25 INFO  [error]   not found: https://repo1.maven.org/maven2/org/apache/spark/spark-sql_2.13/3.1.2/spark-sql_2.13-3.1.2.pom
2024.03.23 09:49:25 INFO  [error] Error downloading org.apache.spark:spark-mllib_2.13:3.1.2
2024.03.23 09:49:25 INFO  [error]   Not found
2024.03.23 09:49:25 INFO  [error]   Not found
2024.03.23 09:49:25 INFO  [error]   not found: /home/phuonglh/.ivy2/localorg.apache.spark/spark-mllib_2.13/3.1.2/ivys/ivy.xml
2024.03.23 09:49:25 INFO  [error]   not found: https://repo1.maven.org/maven2/org/apache/spark/spark-mllib_2.13/3.1.2/spark-mllib_2.13-3.1.2.pom))), directCause=None)), directCause=None)), directCause=None)), directCause=None), Incomplete(node=Some(Task((taskDefinitionKey: ScopedKey(Scope(Select(ProjectRef(file:/home/phuonglh/courses/bda/bankmarketing/,root)), Zero, Zero, Zero),update)))), tpe=Error, msg=None, causes=List(Incomplete(node=Some(Task((tags: Map(Tag(update) -> 1, Tag(network) -> 1), taskDefinitionKey: ScopedKey(Scope(Select(ProjectRef(file:/home/phuonglh/courses/bda/bankmarketing/,root)), Zero, Zero, Zero),update)))), tpe=Error, msg=None, causes=List(), directCause=Some(sbt.librarymanagement.ResolveException: Error downloading org.apache.spark:spark-core_2.13:3.1.2
2024.03.23 09:49:25 INFO  [error] Couldn't run bloopGenerate for root-test. Cause:
2024.03.23 09:49:25 INFO  [error] Incomplete(node=Some(Task(_)), tpe=Error, msg=None, causes=List(Incomplete(node=Some(Task(_)), tpe=Error, msg=None, causes=List(Incomplete(node=Some(Task((tags: Map(Tag(update) -> 1, Tag(network) -> 1), taskDefinitionKey: ScopedKey(Scope(Select(ProjectRef(file:/home/phuonglh/courses/bda/bankmarketing/,root)), Zero, Zero, Zero),updateClassifiers)))), tpe=Error, msg=None, causes=List(Incomplete(node=Some(Task((taskDefinitionKey: ScopedKey(Scope(Select(ProjectRef(file:/home/phuonglh/courses/bda/bankmarketing/,root)), Zero, Select(updateClassifiers), Zero),classifiersModule)))), tpe=Error, msg=None, causes=List(Incomplete(node=Some(Task((taskDefinitionKey: ScopedKey(Scope(Select(ProjectRef(file:/home/phuonglh/courses/bda/bankmarketing/,root)), Zero, Zero, Zero),update)))), tpe=Error, msg=None, causes=List(Incomplete(node=Some(Task((tags: Map(Tag(update) -> 1, Tag(network) -> 1), taskDefinitionKey: ScopedKey(Scope(Select(ProjectRef(file:/home/phuonglh/courses/bda/bankmarketing/,root)), Zero, Zero, Zero),update)))), tpe=Error, msg=None, causes=List(), directCause=Some(sbt.librarymanagement.ResolveException: Error downloading org.apache.spark:spark-core_2.13:3.1.2
2024.03.23 09:49:25 INFO  [error]   Not found
2024.03.23 09:49:25 INFO  [error]   Not found
2024.03.23 09:49:25 INFO  [error]   not found: /home/phuonglh/.ivy2/localorg.apache.spark/spark-core_2.13/3.1.2/ivys/ivy.xml
2024.03.23 09:49:25 INFO  [error]   not found: https://repo1.maven.org/maven2/org/apache/spark/spark-core_2.13/3.1.2/spark-core_2.13-3.1.2.pom
2024.03.23 09:49:25 INFO  [error]   Not found
2024.03.23 09:49:25 INFO  [error] Error downloading org.apache.spark:spark-sql_2.13:3.1.2
2024.03.23 09:49:25 INFO  [error]   Not found
2024.03.23 09:49:25 INFO  [error]   not found: /home/phuonglh/.ivy2/localorg.apache.spark/spark-core_2.13/3.1.2/ivys/ivy.xml
2024.03.23 09:49:25 INFO  [error]   Not found
2024.03.23 09:49:25 INFO  [error]   not found: https://repo1.maven.org/maven2/org/apache/spark/spark-core_2.13/3.1.2/spark-core_2.13-3.1.2.pom
2024.03.23 09:49:25 INFO  [error] Error downloading org.apache.spark:spark-sql_2.13:3.1.2
2024.03.23 09:49:25 INFO  [error]   Not found
2024.03.23 09:49:25 INFO  [error]   Not found
2024.03.23 09:49:25 INFO  [error]   not found: /home/phuonglh/.ivy2/localorg.apache.spark/spark-sql_2.13/3.1.2/ivys/ivy.xml
2024.03.23 09:49:25 INFO  [error]   Not found
2024.03.23 09:49:25 INFO  [error]   not found: https://repo1.maven.org/maven2/org/apache/spark/spark-sql_2.13/3.1.2/spark-sql_2.13-3.1.2.pom
2024.03.23 09:49:25 INFO  [error]   not found: /home/phuonglh/.ivy2/localorg.apache.spark/spark-sql_2.13/3.1.2/ivys/ivy.xml
2024.03.23 09:49:25 INFO  [error] Error downloading org.apache.spark:spark-mllib_2.13:3.1.2
2024.03.23 09:49:25 INFO  [error]   not found: https://repo1.maven.org/maven2/org/apache/spark/spark-sql_2.13/3.1.2/spark-sql_2.13-3.1.2.pom
2024.03.23 09:49:25 INFO  [error]   Not found
2024.03.23 09:49:25 INFO  [error]   Not found
2024.03.23 09:49:25 INFO  [error]   not found: /home/phuonglh/.ivy2/localorg.apache.spark/spark-mllib_2.13/3.1.2/ivys/ivy.xml
2024.03.23 09:49:25 INFO  [error] Error downloading org.apache.spark:spark-mllib_2.13:3.1.2
2024.03.23 09:49:25 INFO  [error]   Not found
2024.03.23 09:49:25 INFO  [error]   Not found
2024.03.23 09:49:25 INFO  [error]   not found: /home/phuonglh/.ivy2/localorg.apache.spark/spark-mllib_2.13/3.1.2/ivys/ivy.xml
2024.03.23 09:49:25 INFO  [error]   not found: https://repo1.maven.org/maven2/org/apache/spark/spark-mllib_2.13/3.1.2/spark-mllib_2.13-3.1.2.pom))), directCause=None), Incomplete(node=Some(Task(_)), tpe=Error, msg=None, causes=List(Incomplete(node=Some(Task(_)), tpe=Error, msg=None, causes=List(Incomplete(node=Some(Task((taskDefinitionKey: ScopedKey(Scope(Select(ProjectRef(file:/home/phuonglh/courses/bda/bankmarketing/,root)), Select(ConfigKey(compile)), Zero, Zero),externalDependencyClasspath)))), tpe=Error, msg=None, causes=List(Incomplete(node=Some(Task(_)), tpe=Error, msg=None, causes=List(Incomplete(node=Some(Task((taskDefinitionKey: ScopedKey(Scope(Select(ProjectRef(file:/home/phuonglh/courses/bda/bankmarketing/,root)), Select(ConfigKey(compile)), Zero, Zero),managedClasspath)))), tpe=Error, msg=None, causes=List(Incomplete(node=Some(Task(_)), tpe=Error, msg=None, causes=List(Incomplete(node=Some(Task((taskDefinitionKey: ScopedKey(Scope(Select(ProjectRef(file:/home/phuonglh/courses/bda/bankmarketing/,root)), Zero, Zero, Zero),update)))), tpe=Error, msg=None, causes=List(Incomplete(node=Some(Task((tags: Map(Tag(update) -> 1, Tag(network) -> 1), taskDefinitionKey: ScopedKey(Scope(Select(ProjectRef(file:/home/phuonglh/courses/bda/bankmarketing/,root)), Zero, Zero, Zero),update)))), tpe=Error, msg=None, causes=List(), directCause=Some(sbt.librarymanagement.ResolveException: Error downloading org.apache.spark:spark-core_2.13:3.1.2
2024.03.23 09:49:25 INFO  [error]   Not found
2024.03.23 09:49:25 INFO  [error]   Not found
2024.03.23 09:49:25 INFO  [error]   not found: /home/phuonglh/.ivy2/localorg.apache.spark/spark-core_2.13/3.1.2/ivys/ivy.xml
2024.03.23 09:49:25 INFO  [error]   not found: https://repo1.maven.org/maven2/org/apache/spark/spark-core_2.13/3.1.2/spark-core_2.13-3.1.2.pom
2024.03.23 09:49:25 INFO  [error] Error downloading org.apache.spark:spark-sql_2.13:3.1.2
2024.03.23 09:49:25 INFO  [error]   Not found
2024.03.23 09:49:25 INFO  [error]   Not found
2024.03.23 09:49:25 INFO  [error]   not found: /home/phuonglh/.ivy2/localorg.apache.spark/spark-sql_2.13/3.1.2/ivys/ivy.xml
2024.03.23 09:49:25 INFO  [error]   not found: https://repo1.maven.org/maven2/org/apache/spark/spark-sql_2.13/3.1.2/spark-sql_2.13-3.1.2.pom
2024.03.23 09:49:25 INFO  [error] Error downloading org.apache.spark:spark-mllib_2.13:3.1.2
2024.03.23 09:49:25 INFO  [error]   Not found
2024.03.23 09:49:25 INFO  [error]   Not found
2024.03.23 09:49:25 INFO  [error]   not found: /home/phuonglh/.ivy2/localorg.apache.spark/spark-mllib_2.13/3.1.2/ivys/ivy.xml
2024.03.23 09:49:25 INFO  [error]   not found: https://repo1.maven.org/maven2/org/apache/spark/spark-mllib_2.13/3.1.2/spark-mllib_2.13-3.1.2.pom))), directCause=None), Incomplete(node=Some(Task((taskDefinitionKey: ScopedKey(Scope(Select(ProjectRef(file:/home/phuonglh/courses/bda/bankmarketing/,root)), Select(ConfigKey(compile)), Zero, Zero),classpathConfiguration)))), tpe=Error, msg=None, causes=List(Incomplete(node=Some(Task((taskDefinitionKey: ScopedKey(Scope(Select(ProjectRef(file:/home/phuonglh/courses/bda/bankmarketing/,root)), Zero, Zero, Zero),update)))), tpe=Error, msg=None, causes=List(Incomplete(node=Some(Task((tags: Map(Tag(update) -> 1, Tag(network) -> 1), taskDefinitionKey: ScopedKey(Scope(Select(ProjectRef(file:/home/phuonglh/courses/bda/bankmarketing/,root)), Zero, Zero, Zero),update)))), tpe=Error, msg=None, causes=List(), directCause=Some(sbt.librarymanagement.ResolveException: Error downloading org.apache.spark:spark-core_2.13:3.1.2
2024.03.23 09:49:25 INFO  [error]   Not found
2024.03.23 09:49:25 INFO  [error]   Not found
2024.03.23 09:49:25 INFO  [error]   not found: /home/phuonglh/.ivy2/localorg.apache.spark/spark-core_2.13/3.1.2/ivys/ivy.xml
2024.03.23 09:49:25 INFO  [error]   not found: https://repo1.maven.org/maven2/org/apache/spark/spark-core_2.13/3.1.2/spark-core_2.13-3.1.2.pom
2024.03.23 09:49:25 INFO  [error] Error downloading org.apache.spark:spark-sql_2.13:3.1.2
2024.03.23 09:49:25 INFO  [error]   Not found
2024.03.23 09:49:25 INFO  [error]   Not found
2024.03.23 09:49:25 INFO  [error]   not found: /home/phuonglh/.ivy2/localorg.apache.spark/spark-sql_2.13/3.1.2/ivys/ivy.xml
2024.03.23 09:49:25 INFO  [error]   not found: https://repo1.maven.org/maven2/org/apache/spark/spark-sql_2.13/3.1.2/spark-sql_2.13-3.1.2.pom
2024.03.23 09:49:25 INFO  [error] Error downloading org.apache.spark:spark-mllib_2.13:3.1.2
2024.03.23 09:49:25 INFO  [error]   Not found
2024.03.23 09:49:25 INFO  [error]   Not found
2024.03.23 09:49:25 INFO  [error]   not found: /home/phuonglh/.ivy2/localorg.apache.spark/spark-mllib_2.13/3.1.2/ivys/ivy.xml
2024.03.23 09:49:25 INFO  [error]   not found: https://repo1.maven.org/maven2/org/apache/spark/spark-mllib_2.13/3.1.2/spark-mllib_2.13-3.1.2.pom))), directCause=None)), directCause=None)), directCause=None)), directCause=None)), directCause=None)), directCause=None)), directCause=None)), directCause=None), Incomplete(node=Some(Task((taskDefinitionKey: ScopedKey(Scope(Select(ProjectRef(file:/home/phuonglh/courses/bda/bankmarketing/,root)), Select(ConfigKey(compile)), Zero, Zero),bloopInternalClasspath)))), tpe=Error, msg=None, causes=List(Incomplete(node=Some(Task(_)), tpe=Error, msg=None, causes=List(Incomplete(node=Some(Task((taskDefinitionKey: ScopedKey(Scope(Select(ProjectRef(file:/home/phuonglh/courses/bda/bankmarketing/,root)), Select(ConfigKey(compile)), Zero, Zero),classpathConfiguration)))), tpe=Error, msg=None, causes=List(Incomplete(node=Some(Task((taskDefinitionKey: ScopedKey(Scope(Select(ProjectRef(file:/home/phuonglh/courses/bda/bankmarketing/,root)), Zero, Zero, Zero),update)))), tpe=Error, msg=None, causes=List(Incomplete(node=Some(Task((tags: Map(Tag(update) -> 1, Tag(network) -> 1), taskDefinitionKey: ScopedKey(Scope(Select(ProjectRef(file:/home/phuonglh/courses/bda/bankmarketing/,root)), Zero, Zero, Zero),update)))), tpe=Error, msg=None, causes=List(), directCause=Some(sbt.librarymanagement.ResolveException: Error downloading org.apache.spark:spark-core_2.13:3.1.2
2024.03.23 09:49:25 INFO  [error]   not found: https://repo1.maven.org/maven2/org/apache/spark/spark-mllib_2.13/3.1.2/spark-mllib_2.13-3.1.2.pom))), directCause=None)), directCause=None)), directCause=None)), directCause=None), Incomplete(node=Some(Task((taskDefinitionKey: ScopedKey(Scope(Select(ProjectRef(file:/home/phuonglh/courses/bda/bankmarketing/,root)), Zero, Zero, Zero),update)))), tpe=Error, msg=None, causes=List(Incomplete(node=Some(Task((tags: Map(Tag(update) -> 1, Tag(network) -> 1), taskDefinitionKey: ScopedKey(Scope(Select(ProjectRef(file:/home/phuonglh/courses/bda/bankmarketing/,root)), Zero, Zero, Zero),update)))), tpe=Error, msg=None, causes=List(), directCause=Some(sbt.librarymanagement.ResolveException: Error downloading org.apache.spark:spark-core_2.13:3.1.2
2024.03.23 09:49:25 INFO  [error]   Not found
2024.03.23 09:49:25 INFO  [error]   Not found
2024.03.23 09:49:25 INFO  [error]   Not found
2024.03.23 09:49:25 INFO  [error]   not found: /home/phuonglh/.ivy2/localorg.apache.spark/spark-core_2.13/3.1.2/ivys/ivy.xml
2024.03.23 09:49:25 INFO  [error]   not found: https://repo1.maven.org/maven2/org/apache/spark/spark-core_2.13/3.1.2/spark-core_2.13-3.1.2.pom
2024.03.23 09:49:25 INFO  [error] Error downloading org.apache.spark:spark-sql_2.13:3.1.2
2024.03.23 09:49:25 INFO  [error]   Not found
2024.03.23 09:49:25 INFO  [error]   Not found
2024.03.23 09:49:25 INFO  [error]   not found: /home/phuonglh/.ivy2/localorg.apache.spark/spark-sql_2.13/3.1.2/ivys/ivy.xml
2024.03.23 09:49:25 INFO  [error]   Not found
2024.03.23 09:49:25 INFO  [error]   not found: https://repo1.maven.org/maven2/org/apache/spark/spark-sql_2.13/3.1.2/spark-sql_2.13-3.1.2.pom
2024.03.23 09:49:25 INFO  [error] Error downloading org.apache.spark:spark-mllib_2.13:3.1.2
2024.03.23 09:49:25 INFO  [error]   Not found
2024.03.23 09:49:25 INFO  [error]   Not found
2024.03.23 09:49:25 INFO  [error]   not found: /home/phuonglh/.ivy2/localorg.apache.spark/spark-mllib_2.13/3.1.2/ivys/ivy.xml
2024.03.23 09:49:25 INFO  [error]   not found: /home/phuonglh/.ivy2/localorg.apache.spark/spark-core_2.13/3.1.2/ivys/ivy.xml
2024.03.23 09:49:25 INFO  [error]   not found: https://repo1.maven.org/maven2/org/apache/spark/spark-mllib_2.13/3.1.2/spark-mllib_2.13-3.1.2.pom))), directCause=None), Incomplete(node=Some(Task(_)), tpe=Error, msg=None, causes=List(Incomplete(node=Some(Task(_)), tpe=Error, msg=None, causes=List(Incomplete(node=Some(Task((taskDefinitionKey: ScopedKey(Scope(Select(ProjectRef(file:/home/phuonglh/courses/bda/bankmarketing/,root)), Select(ConfigKey(test)), Zero, Zero),externalDependencyClasspath)))), tpe=Error, msg=None, causes=List(Incomplete(node=Some(Task(_)), tpe=Error, msg=None, causes=List(Incomplete(node=Some(Task((taskDefinitionKey: ScopedKey(Scope(Select(ProjectRef(file:/home/phuonglh/courses/bda/bankmarketing/,root)), Select(ConfigKey(test)), Zero, Zero),managedClasspath)))), tpe=Error, msg=None, causes=List(Incomplete(node=Some(Task(_)), tpe=Error, msg=None, causes=List(Incomplete(node=Some(Task((taskDefinitionKey: ScopedKey(Scope(Select(ProjectRef(file:/home/phuonglh/courses/bda/bankmarketing/,root)), Zero, Zero, Zero),update)))), tpe=Error, msg=None, causes=List(Incomplete(node=Some(Task((tags: Map(Tag(update) -> 1, Tag(network) -> 1), taskDefinitionKey: ScopedKey(Scope(Select(ProjectRef(file:/home/phuonglh/courses/bda/bankmarketing/,root)), Zero, Zero, Zero),update)))), tpe=Error, msg=None, causes=List(), directCause=Some(sbt.librarymanagement.ResolveException: Error downloading org.apache.spark:spark-core_2.13:3.1.2
2024.03.23 09:49:25 INFO  [error]   Not found
2024.03.23 09:49:25 INFO  [error]   Not found
2024.03.23 09:49:25 INFO  [error]   not found: /home/phuonglh/.ivy2/localorg.apache.spark/spark-core_2.13/3.1.2/ivys/ivy.xml
2024.03.23 09:49:25 INFO  [error]   not found: https://repo1.maven.org/maven2/org/apache/spark/spark-core_2.13/3.1.2/spark-core_2.13-3.1.2.pom
2024.03.23 09:49:25 INFO  [error] Error downloading org.apache.spark:spark-sql_2.13:3.1.2
2024.03.23 09:49:25 INFO  [error]   Not found
2024.03.23 09:49:25 INFO  [error]   Not found
2024.03.23 09:49:25 INFO  [error]   not found: /home/phuonglh/.ivy2/localorg.apache.spark/spark-sql_2.13/3.1.2/ivys/ivy.xml
2024.03.23 09:49:25 INFO  [error]   not found: https://repo1.maven.org/maven2/org/apache/spark/spark-sql_2.13/3.1.2/spark-sql_2.13-3.1.2.pom
2024.03.23 09:49:25 INFO  [error] Error downloading org.apache.spark:spark-mllib_2.13:3.1.2
2024.03.23 09:49:25 INFO  [error]   Not found
2024.03.23 09:49:25 INFO  [error]   Not found
2024.03.23 09:49:25 INFO  [error]   not found: /home/phuonglh/.ivy2/localorg.apache.spark/spark-mllib_2.13/3.1.2/ivys/ivy.xml
2024.03.23 09:49:25 INFO  [error]   not found: https://repo1.maven.org/maven2/org/apache/spark/spark-mllib_2.13/3.1.2/spark-mllib_2.13-3.1.2.pom))), directCause=None), Incomplete(node=Some(Task((taskDefinitionKey: ScopedKey(Scope(Select(ProjectRef(file:/home/phuonglh/courses/bda/bankmarketing/,root)), Select(ConfigKey(test)), Zero, Zero),classpathConfiguration)))), tpe=Error, msg=None, causes=List(Incomplete(node=Some(Task((taskDefinitionKey: ScopedKey(Scope(Select(ProjectRef(file:/home/phuonglh/courses/bda/bankmarketing/,root)), Zero, Zero, Zero),update)))), tpe=Error, msg=None, causes=List(Incomplete(node=Some(Task((tags: Map(Tag(update) -> 1, Tag(network) -> 1), taskDefinitionKey: ScopedKey(Scope(Select(ProjectRef(file:/home/phuonglh/courses/bda/bankmarketing/,root)), Zero, Zero, Zero),update)))), tpe=Error, msg=None, causes=List(), directCause=Some(sbt.librarymanagement.ResolveException: Error downloading org.apache.spark:spark-core_2.13:3.1.2
2024.03.23 09:49:25 INFO  [error]   Not found
2024.03.23 09:49:25 INFO  [error]   Not found
2024.03.23 09:49:25 INFO  [error]   not found: /home/phuonglh/.ivy2/localorg.apache.spark/spark-core_2.13/3.1.2/ivys/ivy.xml
2024.03.23 09:49:25 INFO  [error]   not found: https://repo1.maven.org/maven2/org/apache/spark/spark-core_2.13/3.1.2/spark-core_2.13-3.1.2.pom
2024.03.23 09:49:25 INFO  [error] Error downloading org.apache.spark:spark-sql_2.13:3.1.2
2024.03.23 09:49:25 INFO  [error]   Not found
2024.03.23 09:49:25 INFO  [error]   Not found
2024.03.23 09:49:25 INFO  [error]   not found: /home/phuonglh/.ivy2/localorg.apache.spark/spark-sql_2.13/3.1.2/ivys/ivy.xml
2024.03.23 09:49:25 INFO  [error]   not found: https://repo1.maven.org/maven2/org/apache/spark/spark-sql_2.13/3.1.2/spark-sql_2.13-3.1.2.pom
2024.03.23 09:49:25 INFO  [error] Error downloading org.apache.spark:spark-mllib_2.13:3.1.2
2024.03.23 09:49:25 INFO  [error]   Not found
2024.03.23 09:49:25 INFO  [error]   Not found
2024.03.23 09:49:25 INFO  [error]   not found: /home/phuonglh/.ivy2/localorg.apache.spark/spark-mllib_2.13/3.1.2/ivys/ivy.xml
2024.03.23 09:49:25 INFO  [error]   not found: https://repo1.maven.org/maven2/org/apache/spark/spark-mllib_2.13/3.1.2/spark-mllib_2.13-3.1.2.pom))), directCause=None), Incomplete(node=Some(Task((taskDefinitionKey: ScopedKey(Scope(Select(ProjectRef(file:/home/phuonglh/courses/bda/bankmarketing/,root)), Select(ConfigKey(runtime)), Zero, Zero),classpathConfiguration)))), tpe=Error, msg=None, causes=List(Incomplete(node=Some(Task((taskDefinitionKey: ScopedKey(Scope(Select(ProjectRef(file:/home/phuonglh/courses/bda/bankmarketing/,root)), Zero, Zero, Zero),update)))), tpe=Error, msg=None, causes=List(Incomplete(node=Some(Task((tags: Map(Tag(update) -> 1, Tag(network) -> 1), taskDefinitionKey: ScopedKey(Scope(Select(ProjectRef(file:/home/phuonglh/courses/bda/bankmarketing/,root)), Zero, Zero, Zero),update)))), tpe=Error, msg=None, causes=List(), directCause=Some(sbt.librarymanagement.ResolveException: Error downloading org.apache.spark:spark-core_2.13:3.1.2
2024.03.23 09:49:25 INFO  [error]   Not found
2024.03.23 09:49:25 INFO  [error]   Not found
2024.03.23 09:49:25 INFO  [error]   not found: https://repo1.maven.org/maven2/org/apache/spark/spark-core_2.13/3.1.2/spark-core_2.13-3.1.2.pom
2024.03.23 09:49:25 INFO  [error]   not found: /home/phuonglh/.ivy2/localorg.apache.spark/spark-core_2.13/3.1.2/ivys/ivy.xml
2024.03.23 09:49:25 INFO  [error] Error downloading org.apache.spark:spark-sql_2.13:3.1.2
2024.03.23 09:49:25 INFO  [error]   not found: https://repo1.maven.org/maven2/org/apache/spark/spark-core_2.13/3.1.2/spark-core_2.13-3.1.2.pom
2024.03.23 09:49:25 INFO  [error]   Not found
2024.03.23 09:49:25 INFO  [error]   Not found
2024.03.23 09:49:25 INFO  [error] Error downloading org.apache.spark:spark-sql_2.13:3.1.2
2024.03.23 09:49:25 INFO  [error]   Not found
2024.03.23 09:49:25 INFO  [error]   not found: /home/phuonglh/.ivy2/localorg.apache.spark/spark-sql_2.13/3.1.2/ivys/ivy.xml
2024.03.23 09:49:25 INFO  [error]   not found: https://repo1.maven.org/maven2/org/apache/spark/spark-sql_2.13/3.1.2/spark-sql_2.13-3.1.2.pom
2024.03.23 09:49:25 INFO  [error]   Not found
2024.03.23 09:49:25 INFO  [error] Error downloading org.apache.spark:spark-mllib_2.13:3.1.2
2024.03.23 09:49:25 INFO  [error]   Not found
2024.03.23 09:49:25 INFO  [error]   not found: /home/phuonglh/.ivy2/localorg.apache.spark/spark-sql_2.13/3.1.2/ivys/ivy.xml
2024.03.23 09:49:25 INFO  [error]   Not found
2024.03.23 09:49:25 INFO  [error]   not found: https://repo1.maven.org/maven2/org/apache/spark/spark-sql_2.13/3.1.2/spark-sql_2.13-3.1.2.pom
2024.03.23 09:49:25 INFO  [error]   not found: /home/phuonglh/.ivy2/localorg.apache.spark/spark-mllib_2.13/3.1.2/ivys/ivy.xml
2024.03.23 09:49:25 INFO  [error] Error downloading org.apache.spark:spark-mllib_2.13:3.1.2
2024.03.23 09:49:25 INFO  [error]   Not found
2024.03.23 09:49:25 INFO  [error]   Not found
2024.03.23 09:49:25 INFO  [error]   not found: /home/phuonglh/.ivy2/localorg.apache.spark/spark-mllib_2.13/3.1.2/ivys/ivy.xml
2024.03.23 09:49:25 INFO  [error]   not found: https://repo1.maven.org/maven2/org/apache/spark/spark-mllib_2.13/3.1.2/spark-mllib_2.13-3.1.2.pom))), directCause=None)), directCause=None)), directCause=None)), directCause=None), Incomplete(node=Some(Task((taskDefinitionKey: ScopedKey(Scope(Select(ProjectRef(file:/home/phuonglh/courses/bda/bankmarketing/,root)), Select(ConfigKey(compile)), Zero, Zero),scalacOptions)))), tpe=Error, msg=None, causes=List(Incomplete(node=Some(Task((taskDefinitionKey: ScopedKey(Scope(Select(ProjectRef(file:/home/phuonglh/courses/bda/bankmarketing/,root)), Select(ConfigKey(compile)), Zero, Zero),scalacOptions)))), tpe=Error, msg=None, causes=List(Incomplete(node=Some(Task((taskDefinitionKey: ScopedKey(Scope(Select(ProjectRef(file:/home/phuonglh/courses/bda/bankmarketing/,root)), Select(ConfigKey(compile)), Zero, Zero),scalacOptions)))), tpe=Error, msg=None, causes=List(Incomplete(node=Some(Task((taskDefinitionKey: ScopedKey(Scope(Select(ProjectRef(file:/home/phuonglh/courses/bda/bankmarketing/,root)), Select(ConfigKey(compile)), Zero, Zero),scalacOptions)))), tpe=Error, msg=None, causes=List(Incomplete(node=Some(Task((taskDefinitionKey: ScopedKey(Scope(Select(ProjectRef(file:/home/phuonglh/courses/bda/bankmarketing/,root)), Select(ConfigKey(compile)), Zero, Zero),scalacOptions)))), tpe=Error, msg=None, causes=List(Incomplete(node=Some(Task((taskDefinitionKey: ScopedKey(Scope(Select(ProjectRef(file:/home/phuonglh/courses/bda/bankmarketing/,root)), Zero, Zero, Zero),update)))), tpe=Error, msg=None, causes=List(Incomplete(node=Some(Task((tags: Map(Tag(update) -> 1, Tag(network) -> 1), taskDefinitionKey: ScopedKey(Scope(Select(ProjectRef(file:/home/phuonglh/courses/bda/bankmarketing/,root)), Zero, Zero, Zero),update)))), tpe=Error, msg=None, causes=List(), directCause=Some(sbt.librarymanagement.ResolveException: Error downloading org.apache.spark:spark-core_2.13:3.1.2
2024.03.23 09:49:25 INFO  [error]   Not found
2024.03.23 09:49:25 INFO  [error]   Not found
2024.03.23 09:49:25 INFO  [error]   not found: /home/phuonglh/.ivy2/localorg.apache.spark/spark-core_2.13/3.1.2/ivys/ivy.xml
2024.03.23 09:49:25 INFO  [error]   not found: https://repo1.maven.org/maven2/org/apache/spark/spark-mllib_2.13/3.1.2/spark-mllib_2.13-3.1.2.pom))), directCause=None), Incomplete(node=Some(Task((taskDefinitionKey: ScopedKey(Scope(Select(ProjectRef(file:/home/phuonglh/courses/bda/bankmarketing/,root)), Select(ConfigKey(compile)), Zero, Zero),classpathConfiguration)))), tpe=Error, msg=None, causes=List(Incomplete(node=Some(Task((taskDefinitionKey: ScopedKey(Scope(Select(ProjectRef(file:/home/phuonglh/courses/bda/bankmarketing/,root)), Zero, Zero, Zero),update)))), tpe=Error, msg=None, causes=List(Incomplete(node=Some(Task((tags: Map(Tag(update) -> 1, Tag(network) -> 1), taskDefinitionKey: ScopedKey(Scope(Select(ProjectRef(file:/home/phuonglh/courses/bda/bankmarketing/,root)), Zero, Zero, Zero),update)))), tpe=Error, msg=None, causes=List(), directCause=Some(sbt.librarymanagement.ResolveException: Error downloading org.apache.spark:spark-core_2.13:3.1.2
2024.03.23 09:49:25 INFO  [error]   not found: https://repo1.maven.org/maven2/org/apache/spark/spark-core_2.13/3.1.2/spark-core_2.13-3.1.2.pom
2024.03.23 09:49:25 INFO  [error]   Not found
2024.03.23 09:49:25 INFO  [error] Error downloading org.apache.spark:spark-sql_2.13:3.1.2
2024.03.23 09:49:25 INFO  [error]   Not found
2024.03.23 09:49:25 INFO  [error]   Not found
2024.03.23 09:49:25 INFO  [error]   not found: /home/phuonglh/.ivy2/localorg.apache.spark/spark-core_2.13/3.1.2/ivys/ivy.xml
2024.03.23 09:49:25 INFO  [error]   Not found
2024.03.23 09:49:25 INFO  [error]   not found: https://repo1.maven.org/maven2/org/apache/spark/spark-core_2.13/3.1.2/spark-core_2.13-3.1.2.pom
2024.03.23 09:49:25 INFO  [error] Error downloading org.apache.spark:spark-sql_2.13:3.1.2
2024.03.23 09:49:25 INFO  [error]   Not found
2024.03.23 09:49:25 INFO  [error]   Not found
2024.03.23 09:49:25 INFO  [error]   not found: /home/phuonglh/.ivy2/localorg.apache.spark/spark-sql_2.13/3.1.2/ivys/ivy.xml
2024.03.23 09:49:25 INFO  [error]   not found: https://repo1.maven.org/maven2/org/apache/spark/spark-sql_2.13/3.1.2/spark-sql_2.13-3.1.2.pom
2024.03.23 09:49:25 INFO  [error] Error downloading org.apache.spark:spark-mllib_2.13:3.1.2
2024.03.23 09:49:25 INFO  [error]   Not found
2024.03.23 09:49:25 INFO  [error]   Not found
2024.03.23 09:49:25 INFO  [error]   not found: /home/phuonglh/.ivy2/localorg.apache.spark/spark-mllib_2.13/3.1.2/ivys/ivy.xml
2024.03.23 09:49:25 INFO  [error]   not found: https://repo1.maven.org/maven2/org/apache/spark/spark-mllib_2.13/3.1.2/spark-mllib_2.13-3.1.2.pom))), directCause=None)), directCause=None)), directCause=None)), directCause=None)), directCause=None)), directCause=None)), directCause=None)), directCause=None)), directCause=None)), directCause=None), Incomplete(node=Some(Task((taskDefinitionKey: ScopedKey(Scope(Select(ProjectRef(file:/home/phuonglh/courses/bda/bankmarketing/,root)), Select(ConfigKey(test)), Zero, Zero),bloopInternalClasspath)))), tpe=Error, msg=None, causes=List(Incomplete(node=Some(Task(_)), tpe=Error, msg=None, causes=List(Incomplete(node=Some(Task((taskDefinitionKey: ScopedKey(Scope(Select(ProjectRef(file:/home/phuonglh/courses/bda/bankmarketing/,root)), Select(ConfigKey(test)), Zero, Zero),classpathConfiguration)))), tpe=Error, msg=None, causes=List(Incomplete(node=Some(Task((taskDefinitionKey: ScopedKey(Scope(Select(ProjectRef(file:/home/phuonglh/courses/bda/bankmarketing/,root)), Zero, Zero, Zero),update)))), tpe=Error, msg=None, causes=List(Incomplete(node=Some(Task((tags: Map(Tag(update) -> 1, Tag(network) -> 1), taskDefinitionKey: ScopedKey(Scope(Select(ProjectRef(file:/home/phuonglh/courses/bda/bankmarketing/,root)), Zero, Zero, Zero),update)))), tpe=Error, msg=None, causes=List(), directCause=Some(sbt.librarymanagement.ResolveException: Error downloading org.apache.spark:spark-core_2.13:3.1.2
2024.03.23 09:49:25 INFO  [error]   Not found
2024.03.23 09:49:25 INFO  [error]   Not found
2024.03.23 09:49:25 INFO  [error]   not found: /home/phuonglh/.ivy2/localorg.apache.spark/spark-core_2.13/3.1.2/ivys/ivy.xml
2024.03.23 09:49:25 INFO  [error]   not found: https://repo1.maven.org/maven2/org/apache/spark/spark-core_2.13/3.1.2/spark-core_2.13-3.1.2.pom
2024.03.23 09:49:25 INFO  [error]   not found: /home/phuonglh/.ivy2/localorg.apache.spark/spark-sql_2.13/3.1.2/ivys/ivy.xml
2024.03.23 09:49:25 INFO  [error] Error downloading org.apache.spark:spark-sql_2.13:3.1.2
2024.03.23 09:49:25 INFO  [error]   not found: https://repo1.maven.org/maven2/org/apache/spark/spark-sql_2.13/3.1.2/spark-sql_2.13-3.1.2.pom
2024.03.23 09:49:25 INFO  [error]   Not found
2024.03.23 09:49:25 INFO  [error] Error downloading org.apache.spark:spark-mllib_2.13:3.1.2
2024.03.23 09:49:25 INFO  [error]   Not found
2024.03.23 09:49:25 INFO  [error]   Not found
2024.03.23 09:49:25 INFO  [error]   not found: /home/phuonglh/.ivy2/localorg.apache.spark/spark-mllib_2.13/3.1.2/ivys/ivy.xml
2024.03.23 09:49:25 INFO  [error]   not found: https://repo1.maven.org/maven2/org/apache/spark/spark-mllib_2.13/3.1.2/spark-mllib_2.13-3.1.2.pom))), directCause=None)), directCause=None)), directCause=None)), directCause=None)), directCause=None)), directCause=None), Incomplete(node=Some(Task(_)), tpe=Error, msg=None, causes=List(Incomplete(node=Some(Task((taskDefinitionKey: ScopedKey(Scope(Select(ProjectRef(file:/home/phuonglh/courses/bda/bankmarketing/,root)), Select(ConfigKey(compile)), Zero, Zero),externalDependencyClasspath)))), tpe=Error, msg=None, causes=List(Incomplete(node=Some(Task(_)), tpe=Error, msg=None, causes=List(Incomplete(node=Some(Task((taskDefinitionKey: ScopedKey(Scope(Select(ProjectRef(file:/home/phuonglh/courses/bda/bankmarketing/,root)), Select(ConfigKey(compile)), Zero, Zero),managedClasspath)))), tpe=Error, msg=None, causes=List(Incomplete(node=Some(Task(_)), tpe=Error, msg=None, causes=List(Incomplete(node=Some(Task((taskDefinitionKey: ScopedKey(Scope(Select(ProjectRef(file:/home/phuonglh/courses/bda/bankmarketing/,root)), Zero, Zero, Zero),update)))), tpe=Error, msg=None, causes=List(Incomplete(node=Some(Task((tags: Map(Tag(update) -> 1, Tag(network) -> 1), taskDefinitionKey: ScopedKey(Scope(Select(ProjectRef(file:/home/phuonglh/courses/bda/bankmarketing/,root)), Zero, Zero, Zero),update)))), tpe=Error, msg=None, causes=List(), directCause=Some(sbt.librarymanagement.ResolveException: Error downloading org.apache.spark:spark-core_2.13:3.1.2
2024.03.23 09:49:25 INFO  [error]   Not found
2024.03.23 09:49:25 INFO  [error]   Not found
2024.03.23 09:49:25 INFO  [error]   not found: /home/phuonglh/.ivy2/localorg.apache.spark/spark-core_2.13/3.1.2/ivys/ivy.xml
2024.03.23 09:49:25 INFO  [error]   not found: https://repo1.maven.org/maven2/org/apache/spark/spark-core_2.13/3.1.2/spark-core_2.13-3.1.2.pom
2024.03.23 09:49:25 INFO  [error] Error downloading org.apache.spark:spark-sql_2.13:3.1.2
2024.03.23 09:49:25 INFO  [error]   Not found
2024.03.23 09:49:25 INFO  [error]   Not found
2024.03.23 09:49:25 INFO  [error]   not found: /home/phuonglh/.ivy2/localorg.apache.spark/spark-sql_2.13/3.1.2/ivys/ivy.xml
2024.03.23 09:49:25 INFO  [error]   not found: https://repo1.maven.org/maven2/org/apache/spark/spark-sql_2.13/3.1.2/spark-sql_2.13-3.1.2.pom
2024.03.23 09:49:25 INFO  [error] Error downloading org.apache.spark:spark-mllib_2.13:3.1.2
2024.03.23 09:49:25 INFO  [error]   Not found
2024.03.23 09:49:25 INFO  [error]   Not found
2024.03.23 09:49:25 INFO  [error]   not found: /home/phuonglh/.ivy2/localorg.apache.spark/spark-mllib_2.13/3.1.2/ivys/ivy.xml
2024.03.23 09:49:25 INFO  [error]   not found: https://repo1.maven.org/maven2/org/apache/spark/spark-mllib_2.13/3.1.2/spark-mllib_2.13-3.1.2.pom))), directCause=None), Incomplete(node=Some(Task((taskDefinitionKey: ScopedKey(Scope(Select(ProjectRef(file:/home/phuonglh/courses/bda/bankmarketing/,root)), Select(ConfigKey(compile)), Zero, Zero),classpathConfiguration)))), tpe=Error, msg=None, causes=List(Incomplete(node=Some(Task((taskDefinitionKey: ScopedKey(Scope(Select(ProjectRef(file:/home/phuonglh/courses/bda/bankmarketing/,root)), Zero, Zero, Zero),update)))), tpe=Error, msg=None, causes=List(Incomplete(node=Some(Task((tags: Map(Tag(update) -> 1, Tag(network) -> 1), taskDefinitionKey: ScopedKey(Scope(Select(ProjectRef(file:/home/phuonglh/courses/bda/bankmarketing/,root)), Zero, Zero, Zero),update)))), tpe=Error, msg=None, causes=List(), directCause=Some(sbt.librarymanagement.ResolveException: Error downloading org.apache.spark:spark-core_2.13:3.1.2
2024.03.23 09:49:25 INFO  [error]   Not found
2024.03.23 09:49:25 INFO  [error]   Not found
2024.03.23 09:49:25 INFO  [error]   not found: /home/phuonglh/.ivy2/localorg.apache.spark/spark-core_2.13/3.1.2/ivys/ivy.xml
2024.03.23 09:49:25 INFO  [error]   not found: https://repo1.maven.org/maven2/org/apache/spark/spark-core_2.13/3.1.2/spark-core_2.13-3.1.2.pom
2024.03.23 09:49:25 INFO  [error] Error downloading org.apache.spark:spark-sql_2.13:3.1.2
2024.03.23 09:49:25 INFO  [error]   Not found
2024.03.23 09:49:25 INFO  [error]   Not found
2024.03.23 09:49:25 INFO  [error]   not found: /home/phuonglh/.ivy2/localorg.apache.spark/spark-sql_2.13/3.1.2/ivys/ivy.xml
2024.03.23 09:49:25 INFO  [error]   not found: https://repo1.maven.org/maven2/org/apache/spark/spark-sql_2.13/3.1.2/spark-sql_2.13-3.1.2.pom
2024.03.23 09:49:25 INFO  [error] Error downloading org.apache.spark:spark-mllib_2.13:3.1.2
2024.03.23 09:49:25 INFO  [error]   Not found
2024.03.23 09:49:25 INFO  [error]   Not found
2024.03.23 09:49:25 INFO  [error]   not found: /home/phuonglh/.ivy2/localorg.apache.spark/spark-mllib_2.13/3.1.2/ivys/ivy.xml
2024.03.23 09:49:25 INFO  [error]   Not found
2024.03.23 09:49:25 INFO  [error]   not found: /home/phuonglh/.ivy2/localorg.apache.spark/spark-sql_2.13/3.1.2/ivys/ivy.xml
2024.03.23 09:49:25 INFO  [error]   not found: https://repo1.maven.org/maven2/org/apache/spark/spark-sql_2.13/3.1.2/spark-sql_2.13-3.1.2.pom
2024.03.23 09:49:25 INFO  [error] Error downloading org.apache.spark:spark-mllib_2.13:3.1.2
2024.03.23 09:49:25 INFO  [error]   Not found
2024.03.23 09:49:25 INFO  [error]   Not found
2024.03.23 09:49:25 INFO  [error]   not found: /home/phuonglh/.ivy2/localorg.apache.spark/spark-mllib_2.13/3.1.2/ivys/ivy.xml
2024.03.23 09:49:25 INFO  [error]   not found: https://repo1.maven.org/maven2/org/apache/spark/spark-mllib_2.13/3.1.2/spark-mllib_2.13-3.1.2.pom))), directCause=None), Incomplete(node=Some(Task((taskDefinitionKey: ScopedKey(Scope(Select(ProjectRef(file:/home/phuonglh/courses/bda/bankmarketing/,root)), Select(ConfigKey(runtime)), Zero, Zero),classpathConfiguration)))), tpe=Error, msg=None, causes=List(Incomplete(node=Some(Task((taskDefinitionKey: ScopedKey(Scope(Select(ProjectRef(file:/home/phuonglh/courses/bda/bankmarketing/,root)), Zero, Zero, Zero),update)))), tpe=Error, msg=None, causes=List(Incomplete(node=Some(Task((tags: Map(Tag(update) -> 1, Tag(network) -> 1), taskDefinitionKey: ScopedKey(Scope(Select(ProjectRef(file:/home/phuonglh/courses/bda/bankmarketing/,root)), Zero, Zero, Zero),update)))), tpe=Error, msg=None, causes=List(), directCause=Some(sbt.librarymanagement.ResolveException: Error downloading org.apache.spark:spark-core_2.13:3.1.2
2024.03.23 09:49:25 INFO  [error]   Not found
2024.03.23 09:49:25 INFO  [error]   Not found
2024.03.23 09:49:25 INFO  [error]   not found: /home/phuonglh/.ivy2/localorg.apache.spark/spark-core_2.13/3.1.2/ivys/ivy.xml
2024.03.23 09:49:25 INFO  [error]   not found: https://repo1.maven.org/maven2/org/apache/spark/spark-core_2.13/3.1.2/spark-core_2.13-3.1.2.pom
2024.03.23 09:49:25 INFO  [error] Error downloading org.apache.spark:spark-sql_2.13:3.1.2
2024.03.23 09:49:25 INFO  [error]   Not found
2024.03.23 09:49:25 INFO  [error]   Not found
2024.03.23 09:49:25 INFO  [error]   not found: /home/phuonglh/.ivy2/localorg.apache.spark/spark-sql_2.13/3.1.2/ivys/ivy.xml
2024.03.23 09:49:25 INFO  [error]   not found: https://repo1.maven.org/maven2/org/apache/spark/spark-sql_2.13/3.1.2/spark-sql_2.13-3.1.2.pom
2024.03.23 09:49:25 INFO  [error] Error downloading org.apache.spark:spark-mllib_2.13:3.1.2
2024.03.23 09:49:25 INFO  [error]   Not found
2024.03.23 09:49:25 INFO  [error]   Not found
2024.03.23 09:49:25 INFO  [error]   not found: /home/phuonglh/.ivy2/localorg.apache.spark/spark-mllib_2.13/3.1.2/ivys/ivy.xml
2024.03.23 09:49:25 INFO  [error]   not found: https://repo1.maven.org/maven2/org/apache/spark/spark-mllib_2.13/3.1.2/spark-mllib_2.13-3.1.2.pom))), directCause=None), Incomplete(node=Some(Task((taskDefinitionKey: ScopedKey(Scope(Select(ProjectRef(file:/home/phuonglh/courses/bda/bankmarketing/,root)), Select(ConfigKey(compile)), Zero, Zero),classpathConfiguration)))), tpe=Error, msg=None, causes=List(Incomplete(node=Some(Task((taskDefinitionKey: ScopedKey(Scope(Select(ProjectRef(file:/home/phuonglh/courses/bda/bankmarketing/,root)), Zero, Zero, Zero),update)))), tpe=Error, msg=None, causes=List(Incomplete(node=Some(Task((tags: Map(Tag(update) -> 1, Tag(network) -> 1), taskDefinitionKey: ScopedKey(Scope(Select(ProjectRef(file:/home/phuonglh/courses/bda/bankmarketing/,root)), Zero, Zero, Zero),update)))), tpe=Error, msg=None, causes=List(), directCause=Some(sbt.librarymanagement.ResolveException: Error downloading org.apache.spark:spark-core_2.13:3.1.2
2024.03.23 09:49:25 INFO  [error]   Not found
2024.03.23 09:49:25 INFO  [error]   Not found
2024.03.23 09:49:25 INFO  [error]   not found: /home/phuonglh/.ivy2/localorg.apache.spark/spark-core_2.13/3.1.2/ivys/ivy.xml
2024.03.23 09:49:25 INFO  [error]   not found: https://repo1.maven.org/maven2/org/apache/spark/spark-core_2.13/3.1.2/spark-core_2.13-3.1.2.pom
2024.03.23 09:49:25 INFO  [error] Error downloading org.apache.spark:spark-sql_2.13:3.1.2
2024.03.23 09:49:25 INFO  [error]   Not found
2024.03.23 09:49:25 INFO  [error]   Not found
2024.03.23 09:49:25 INFO  [error]   not found: /home/phuonglh/.ivy2/localorg.apache.spark/spark-sql_2.13/3.1.2/ivys/ivy.xml
2024.03.23 09:49:25 INFO  [error]   not found: https://repo1.maven.org/maven2/org/apache/spark/spark-sql_2.13/3.1.2/spark-sql_2.13-3.1.2.pom
2024.03.23 09:49:25 INFO  [error] Error downloading org.apache.spark:spark-mllib_2.13:3.1.2
2024.03.23 09:49:25 INFO  [error]   Not found
2024.03.23 09:49:25 INFO  [error]   Not found
2024.03.23 09:49:25 INFO  [error]   not found: /home/phuonglh/.ivy2/localorg.apache.spark/spark-mllib_2.13/3.1.2/ivys/ivy.xml
2024.03.23 09:49:25 INFO  [error]   not found: https://repo1.maven.org/maven2/org/apache/spark/spark-mllib_2.13/3.1.2/spark-mllib_2.13-3.1.2.pom))), directCause=None)), directCause=None)), directCause=None)), directCause=None)), directCause=None)), directCause=None), Incomplete(node=Some(Task((taskDefinitionKey: ScopedKey(Scope(Select(ProjectRef(file:/home/phuonglh/courses/bda/bankmarketing/,root)), Select(ConfigKey(test)), Zero, Zero),scalacOptions)))), tpe=Error, msg=None, causes=List(Incomplete(node=Some(Task((taskDefinitionKey: ScopedKey(Scope(Select(ProjectRef(file:/home/phuonglh/courses/bda/bankmarketing/,root)), Select(ConfigKey(test)), Zero, Zero),scalacOptions)))), tpe=Error, msg=None, causes=List(Incomplete(node=Some(Task((taskDefinitionKey: ScopedKey(Scope(Select(ProjectRef(file:/home/phuonglh/courses/bda/bankmarketing/,root)), Select(ConfigKey(test)), Zero, Zero),scalacOptions)))), tpe=Error, msg=None, causes=List(Incomplete(node=Some(Task((taskDefinitionKey: ScopedKey(Scope(Select(ProjectRef(file:/home/phuonglh/courses/bda/bankmarketing/,root)), Zero, Zero, Zero),update)))), tpe=Error, msg=None, causes=List(Incomplete(node=Some(Task((tags: Map(Tag(update) -> 1, Tag(network) -> 1), taskDefinitionKey: ScopedKey(Scope(Select(ProjectRef(file:/home/phuonglh/courses/bda/bankmarketing/,root)), Zero, Zero, Zero),update)))), tpe=Error, msg=None, causes=List(), directCause=Some(sbt.librarymanagement.ResolveException: Error downloading org.apache.spark:spark-core_2.13:3.1.2
2024.03.23 09:49:25 INFO  [error]   Not found
2024.03.23 09:49:25 INFO  [error]   Not found
2024.03.23 09:49:25 INFO  [error]   not found: /home/phuonglh/.ivy2/localorg.apache.spark/spark-core_2.13/3.1.2/ivys/ivy.xml
2024.03.23 09:49:25 INFO  [error]   not found: https://repo1.maven.org/maven2/org/apache/spark/spark-core_2.13/3.1.2/spark-core_2.13-3.1.2.pom
2024.03.23 09:49:25 INFO  [error] Error downloading org.apache.spark:spark-sql_2.13:3.1.2
2024.03.23 09:49:25 INFO  [error]   Not found
2024.03.23 09:49:25 INFO  [error]   Not found
2024.03.23 09:49:25 INFO  [error]   not found: /home/phuonglh/.ivy2/localorg.apache.spark/spark-sql_2.13/3.1.2/ivys/ivy.xml
2024.03.23 09:49:25 INFO  [error]   not found: https://repo1.maven.org/maven2/org/apache/spark/spark-sql_2.13/3.1.2/spark-sql_2.13-3.1.2.pom
2024.03.23 09:49:25 INFO  [error] Error downloading org.apache.spark:spark-mllib_2.13:3.1.2
2024.03.23 09:49:25 INFO  [error]   Not found
2024.03.23 09:49:25 INFO  [error]   Not found
2024.03.23 09:49:25 INFO  [error]   not found: /home/phuonglh/.ivy2/localorg.apache.spark/spark-mllib_2.13/3.1.2/ivys/ivy.xml
2024.03.23 09:49:25 INFO  [error]   not found: https://repo1.maven.org/maven2/org/apache/spark/spark-mllib_2.13/3.1.2/spark-mllib_2.13-3.1.2.pom))), directCause=None), Incomplete(node=Some(Task((taskDefinitionKey: ScopedKey(Scope(Select(ProjectRef(file:/home/phuonglh/courses/bda/bankmarketing/,root)), Select(ConfigKey(test)), Zero, Zero),scalacOptions)))), tpe=Error, msg=None, causes=List(Incomplete(node=Some(Task((taskDefinitionKey: ScopedKey(Scope(Select(ProjectRef(file:/home/phuonglh/courses/bda/bankmarketing/,root)), Select(ConfigKey(test)), Zero, Zero),scalacOptions)))), tpe=Error, msg=None, causes=List(Incomplete(node=Some(Task((taskDefinitionKey: ScopedKey(Scope(Select(ProjectRef(file:/home/phuonglh/courses/bda/bankmarketing/,root)), Select(ConfigKey(compile)), Zero, Zero),scalacOptions)))), tpe=Error, msg=None, causes=List(Incomplete(node=Some(Task((taskDefinitionKey: ScopedKey(Scope(Select(ProjectRef(file:/home/phuonglh/courses/bda/bankmarketing/,root)), Select(ConfigKey(compile)), Zero, Zero),scalacOptions)))), tpe=Error, msg=None, causes=List(Incomplete(node=Some(Task((taskDefinitionKey: ScopedKey(Scope(Select(ProjectRef(file:/home/phuonglh/courses/bda/bankmarketing/,root)), Select(ConfigKey(compile)), Zero, Zero),scalacOptions)))), tpe=Error, msg=None, causes=List(Incomplete(node=Some(Task((taskDefinitionKey: ScopedKey(Scope(Select(ProjectRef(file:/home/phuonglh/courses/bda/bankmarketing/,root)), Select(ConfigKey(compile)), Zero, Zero),scalacOptions)))), tpe=Error, msg=None, causes=List(Incomplete(node=Some(Task((taskDefinitionKey: ScopedKey(Scope(Select(ProjectRef(file:/home/phuonglh/courses/bda/bankmarketing/,root)), Select(ConfigKey(compile)), Zero, Zero),scalacOptions)))), tpe=Error, msg=None, causes=List(Incomplete(node=Some(Task((taskDefinitionKey: ScopedKey(Scope(Select(ProjectRef(file:/home/phuonglh/courses/bda/bankmarketing/,root)), Zero, Zero, Zero),update)))), tpe=Error, msg=None, causes=List(Incomplete(node=Some(Task((tags: Map(Tag(update) -> 1, Tag(network) -> 1), taskDefinitionKey: ScopedKey(Scope(Select(ProjectRef(file:/home/phuonglh/courses/bda/bankmarketing/,root)), Zero, Zero, Zero),update)))), tpe=Error, msg=None, causes=List(), directCause=Some(sbt.librarymanagement.ResolveException: Error downloading org.apache.spark:spark-core_2.13:3.1.2
2024.03.23 09:49:25 INFO  [error]   Not found
2024.03.23 09:49:25 INFO  [error]   Not found
2024.03.23 09:49:25 INFO  [error]   not found: /home/phuonglh/.ivy2/localorg.apache.spark/spark-core_2.13/3.1.2/ivys/ivy.xml
2024.03.23 09:49:25 INFO  [error]   not found: https://repo1.maven.org/maven2/org/apache/spark/spark-core_2.13/3.1.2/spark-core_2.13-3.1.2.pom
2024.03.23 09:49:25 INFO  [error] Error downloading org.apache.spark:spark-sql_2.13:3.1.2
2024.03.23 09:49:25 INFO  [error]   Not found
2024.03.23 09:49:25 INFO  [error]   Not found
2024.03.23 09:49:25 INFO  [error]   not found: /home/phuonglh/.ivy2/localorg.apache.spark/spark-sql_2.13/3.1.2/ivys/ivy.xml
2024.03.23 09:49:25 INFO  [error]   not found: https://repo1.maven.org/maven2/org/apache/spark/spark-sql_2.13/3.1.2/spark-sql_2.13-3.1.2.pom
2024.03.23 09:49:25 INFO  [error] Error downloading org.apache.spark:spark-mllib_2.13:3.1.2
2024.03.23 09:49:25 INFO  [error]   Not found
2024.03.23 09:49:25 INFO  [error]   Not found
2024.03.23 09:49:25 INFO  [error]   not found: /home/phuonglh/.ivy2/localorg.apache.spark/spark-mllib_2.13/3.1.2/ivys/ivy.xml
2024.03.23 09:49:25 INFO  [error]   not found: https://repo1.maven.org/maven2/org/apache/spark/spark-mllib_2.13/3.1.2/spark-mllib_2.13-3.1.2.pom))), directCause=None)), directCause=None)), directCause=None)), directCause=None)), directCause=None)), directCause=None)), directCause=None)), directCause=None)), directCause=None)), directCause=None)), directCause=None), Incomplete(node=Some(Task(_)), tpe=Error, msg=None, causes=List(Incomplete(node=Some(Task((taskDefinitionKey: ScopedKey(Scope(Select(ProjectRef(file:/home/phuonglh/courses/bda/bankmarketing/,root)), Select(ConfigKey(test)), Zero, Zero),externalDependencyClasspath)))), tpe=Error, msg=None, causes=List(Incomplete(node=Some(Task(_)), tpe=Error, msg=None, causes=List(Incomplete(node=Some(Task((taskDefinitionKey: ScopedKey(Scope(Select(ProjectRef(file:/home/phuonglh/courses/bda/bankmarketing/,root)), Select(ConfigKey(test)), Zero, Zero),managedClasspath)))), tpe=Error, msg=None, causes=List(Incomplete(node=Some(Task(_)), tpe=Error, msg=None, causes=List(Incomplete(node=Some(Task((taskDefinitionKey: ScopedKey(Scope(Select(ProjectRef(file:/home/phuonglh/courses/bda/bankmarketing/,root)), Zero, Zero, Zero),update)))), tpe=Error, msg=None, causes=List(Incomplete(node=Some(Task((tags: Map(Tag(update) -> 1, Tag(network) -> 1), taskDefinitionKey: ScopedKey(Scope(Select(ProjectRef(file:/home/phuonglh/courses/bda/bankmarketing/,root)), Zero, Zero, Zero),update)))), tpe=Error, msg=None, causes=List(), directCause=Some(sbt.librarymanagement.ResolveException: Error downloading org.apache.spark:spark-core_2.13:3.1.2
2024.03.23 09:49:25 INFO  [error]   Not found
2024.03.23 09:49:25 INFO  [error]   Not found
2024.03.23 09:49:25 INFO  [error]   not found: /home/phuonglh/.ivy2/localorg.apache.spark/spark-core_2.13/3.1.2/ivys/ivy.xml
2024.03.23 09:49:25 INFO  [error]   not found: https://repo1.maven.org/maven2/org/apache/spark/spark-core_2.13/3.1.2/spark-core_2.13-3.1.2.pom
2024.03.23 09:49:25 INFO  [error] Error downloading org.apache.spark:spark-sql_2.13:3.1.2
2024.03.23 09:49:25 INFO  [error]   Not found
2024.03.23 09:49:25 INFO  [error]   Not found
2024.03.23 09:49:25 INFO  [error]   not found: /home/phuonglh/.ivy2/localorg.apache.spark/spark-sql_2.13/3.1.2/ivys/ivy.xml
2024.03.23 09:49:25 INFO  [error]   not found: https://repo1.maven.org/maven2/org/apache/spark/spark-sql_2.13/3.1.2/spark-sql_2.13-3.1.2.pom
2024.03.23 09:49:25 INFO  [error] Error downloading org.apache.spark:spark-mllib_2.13:3.1.2
2024.03.23 09:49:25 INFO  [error]   Not found
2024.03.23 09:49:25 INFO  [error]   Not found
2024.03.23 09:49:25 INFO  [error]   not found: /home/phuonglh/.ivy2/localorg.apache.spark/spark-mllib_2.13/3.1.2/ivys/ivy.xml
2024.03.23 09:49:25 INFO  [error]   not found: https://repo1.maven.org/maven2/org/apache/spark/spark-mllib_2.13/3.1.2/spark-mllib_2.13-3.1.2.pom))), directCause=None), Incomplete(node=Some(Task((taskDefinitionKey: ScopedKey(Scope(Select(ProjectRef(file:/home/phuonglh/courses/bda/bankmarketing/,root)), Select(ConfigKey(test)), Zero, Zero),classpathConfiguration)))), tpe=Error, msg=None, causes=List(Incomplete(node=Some(Task((taskDefinitionKey: ScopedKey(Scope(Select(ProjectRef(file:/home/phuonglh/courses/bda/bankmarketing/,root)), Zero, Zero, Zero),update)))), tpe=Error, msg=None, causes=List(Incomplete(node=Some(Task((tags: Map(Tag(update) -> 1, Tag(network) -> 1), taskDefinitionKey: ScopedKey(Scope(Select(ProjectRef(file:/home/phuonglh/courses/bda/bankmarketing/,root)), Zero, Zero, Zero),update)))), tpe=Error, msg=None, causes=List(), directCause=Some(sbt.librarymanagement.ResolveException: Error downloading org.apache.spark:spark-core_2.13:3.1.2
2024.03.23 09:49:25 INFO  [error]   Not found
2024.03.23 09:49:25 INFO  [error]   Not found
2024.03.23 09:49:25 INFO  [error]   not found: /home/phuonglh/.ivy2/localorg.apache.spark/spark-core_2.13/3.1.2/ivys/ivy.xml
2024.03.23 09:49:25 INFO  [error]   not found: https://repo1.maven.org/maven2/org/apache/spark/spark-core_2.13/3.1.2/spark-core_2.13-3.1.2.pom
2024.03.23 09:49:25 INFO  [error] Error downloading org.apache.spark:spark-sql_2.13:3.1.2
2024.03.23 09:49:25 INFO  [error]   Not found
2024.03.23 09:49:25 INFO  [error]   Not found
2024.03.23 09:49:25 INFO  [error]   not found: /home/phuonglh/.ivy2/localorg.apache.spark/spark-sql_2.13/3.1.2/ivys/ivy.xml
2024.03.23 09:49:25 INFO  [error]   not found: https://repo1.maven.org/maven2/org/apache/spark/spark-sql_2.13/3.1.2/spark-sql_2.13-3.1.2.pom
2024.03.23 09:49:25 INFO  [error] Error downloading org.apache.spark:spark-mllib_2.13:3.1.2
2024.03.23 09:49:25 INFO  [error]   Not found
2024.03.23 09:49:25 INFO  [error]   Not found
2024.03.23 09:49:25 INFO  [error]   not found: /home/phuonglh/.ivy2/localorg.apache.spark/spark-mllib_2.13/3.1.2/ivys/ivy.xml
2024.03.23 09:49:25 INFO  [error]   not found: https://repo1.maven.org/maven2/org/apache/spark/spark-mllib_2.13/3.1.2/spark-mllib_2.13-3.1.2.pom))), directCause=None), Incomplete(node=Some(Task((taskDefinitionKey: ScopedKey(Scope(Select(ProjectRef(file:/home/phuonglh/courses/bda/bankmarketing/,root)), Select(ConfigKey(runtime)), Zero, Zero),classpathConfiguration)))), tpe=Error, msg=None, causes=List(Incomplete(node=Some(Task((taskDefinitionKey: ScopedKey(Scope(Select(ProjectRef(file:/home/phuonglh/courses/bda/bankmarketing/,root)), Zero, Zero, Zero),update)))), tpe=Error, msg=None, causes=List(Incomplete(node=Some(Task((tags: Map(Tag(update) -> 1, Tag(network) -> 1), taskDefinitionKey: ScopedKey(Scope(Select(ProjectRef(file:/home/phuonglh/courses/bda/bankmarketing/,root)), Zero, Zero, Zero),update)))), tpe=Error, msg=None, causes=List(), directCause=Some(sbt.librarymanagement.ResolveException: Error downloading org.apache.spark:spark-core_2.13:3.1.2
2024.03.23 09:49:25 INFO  [error]   Not found
2024.03.23 09:49:25 INFO  [error]   Not found
2024.03.23 09:49:25 INFO  [error]   not found: /home/phuonglh/.ivy2/localorg.apache.spark/spark-core_2.13/3.1.2/ivys/ivy.xml
2024.03.23 09:49:25 INFO  [error]   not found: https://repo1.maven.org/maven2/org/apache/spark/spark-core_2.13/3.1.2/spark-core_2.13-3.1.2.pom
2024.03.23 09:49:25 INFO  [error] Error downloading org.apache.spark:spark-sql_2.13:3.1.2
2024.03.23 09:49:25 INFO  [error]   Not found
2024.03.23 09:49:25 INFO  [error]   Not found
2024.03.23 09:49:25 INFO  [error]   not found: /home/phuonglh/.ivy2/localorg.apache.spark/spark-sql_2.13/3.1.2/ivys/ivy.xml
2024.03.23 09:49:25 INFO  [error]   not found: https://repo1.maven.org/maven2/org/apache/spark/spark-sql_2.13/3.1.2/spark-sql_2.13-3.1.2.pom
2024.03.23 09:49:25 INFO  [error] Error downloading org.apache.spark:spark-mllib_2.13:3.1.2
2024.03.23 09:49:25 INFO  [error]   Not found
2024.03.23 09:49:25 INFO  [error]   Not found
2024.03.23 09:49:25 INFO  [error]   not found: /home/phuonglh/.ivy2/localorg.apache.spark/spark-mllib_2.13/3.1.2/ivys/ivy.xml
2024.03.23 09:49:25 INFO  [error]   not found: https://repo1.maven.org/maven2/org/apache/spark/spark-mllib_2.13/3.1.2/spark-mllib_2.13-3.1.2.pom))), directCause=None), Incomplete(node=Some(Task((taskDefinitionKey: ScopedKey(Scope(Select(ProjectRef(file:/home/phuonglh/courses/bda/bankmarketing/,root)), Select(ConfigKey(compile)), Zero, Zero),classpathConfiguration)))), tpe=Error, msg=None, causes=List(Incomplete(node=Some(Task((taskDefinitionKey: ScopedKey(Scope(Select(ProjectRef(file:/home/phuonglh/courses/bda/bankmarketing/,root)), Zero, Zero, Zero),update)))), tpe=Error, msg=None, causes=List(Incomplete(node=Some(Task((tags: Map(Tag(update) -> 1, Tag(network) -> 1), taskDefinitionKey: ScopedKey(Scope(Select(ProjectRef(file:/home/phuonglh/courses/bda/bankmarketing/,root)), Zero, Zero, Zero),update)))), tpe=Error, msg=None, causes=List(), directCause=Some(sbt.librarymanagement.ResolveException: Error downloading org.apache.spark:spark-core_2.13:3.1.2
2024.03.23 09:49:25 INFO  [error]   Not found
2024.03.23 09:49:25 INFO  [error]   Not found
2024.03.23 09:49:25 INFO  [error]   not found: /home/phuonglh/.ivy2/localorg.apache.spark/spark-core_2.13/3.1.2/ivys/ivy.xml
2024.03.23 09:49:25 INFO  [error]   not found: https://repo1.maven.org/maven2/org/apache/spark/spark-core_2.13/3.1.2/spark-core_2.13-3.1.2.pom
2024.03.23 09:49:25 INFO  [error] Error downloading org.apache.spark:spark-sql_2.13:3.1.2
2024.03.23 09:49:25 INFO  [error]   Not found
2024.03.23 09:49:25 INFO  [error]   Not found
2024.03.23 09:49:25 INFO  [error]   not found: /home/phuonglh/.ivy2/localorg.apache.spark/spark-sql_2.13/3.1.2/ivys/ivy.xml
2024.03.23 09:49:25 INFO  [error]   not found: https://repo1.maven.org/maven2/org/apache/spark/spark-sql_2.13/3.1.2/spark-sql_2.13-3.1.2.pom
2024.03.23 09:49:25 INFO  [error] Error downloading org.apache.spark:spark-mllib_2.13:3.1.2
2024.03.23 09:49:25 INFO  [error]   Not found
2024.03.23 09:49:25 INFO  [error]   Not found
2024.03.23 09:49:25 INFO  [error]   not found: /home/phuonglh/.ivy2/localorg.apache.spark/spark-mllib_2.13/3.1.2/ivys/ivy.xml
2024.03.23 09:49:25 INFO  [error]   not found: https://repo1.maven.org/maven2/org/apache/spark/spark-mllib_2.13/3.1.2/spark-mllib_2.13-3.1.2.pom))), directCause=None)), directCause=None)), directCause=None)), directCause=None)), directCause=None)), directCause=None)), directCause=None)), directCause=None), Incomplete(node=Some(Task((taskDefinitionKey: ScopedKey(Scope(Select(ProjectRef(file:/home/phuonglh/courses/bda/bankmarketing/,root)), Select(ConfigKey(test)), Zero, Zero),bloopInternalClasspath)))), tpe=Error, msg=None, causes=List(Incomplete(node=Some(Task(_)), tpe=Error, msg=None, causes=List(Incomplete(node=Some(Task((taskDefinitionKey: ScopedKey(Scope(Select(ProjectRef(file:/home/phuonglh/courses/bda/bankmarketing/,root)), Select(ConfigKey(test)), Zero, Zero),classpathConfiguration)))), tpe=Error, msg=None, causes=List(Incomplete(node=Some(Task((taskDefinitionKey: ScopedKey(Scope(Select(ProjectRef(file:/home/phuonglh/courses/bda/bankmarketing/,root)), Zero, Zero, Zero),update)))), tpe=Error, msg=None, causes=List(Incomplete(node=Some(Task((tags: Map(Tag(update) -> 1, Tag(network) -> 1), taskDefinitionKey: ScopedKey(Scope(Select(ProjectRef(file:/home/phuonglh/courses/bda/bankmarketing/,root)), Zero, Zero, Zero),update)))), tpe=Error, msg=None, causes=List(), directCause=Some(sbt.librarymanagement.ResolveException: Error downloading org.apache.spark:spark-core_2.13:3.1.2
2024.03.23 09:49:25 INFO  [error]   Not found
2024.03.23 09:49:25 INFO  [error]   Not found
2024.03.23 09:49:25 INFO  [error]   not found: /home/phuonglh/.ivy2/localorg.apache.spark/spark-core_2.13/3.1.2/ivys/ivy.xml
2024.03.23 09:49:25 INFO  [error]   not found: https://repo1.maven.org/maven2/org/apache/spark/spark-core_2.13/3.1.2/spark-core_2.13-3.1.2.pom
2024.03.23 09:49:25 INFO  [error] Error downloading org.apache.spark:spark-sql_2.13:3.1.2
2024.03.23 09:49:25 INFO  [error]   Not found
2024.03.23 09:49:25 INFO  [error]   Not found
2024.03.23 09:49:25 INFO  [error]   not found: /home/phuonglh/.ivy2/localorg.apache.spark/spark-sql_2.13/3.1.2/ivys/ivy.xml
2024.03.23 09:49:25 INFO  [error]   not found: https://repo1.maven.org/maven2/org/apache/spark/spark-sql_2.13/3.1.2/spark-sql_2.13-3.1.2.pom
2024.03.23 09:49:25 INFO  [error] Error downloading org.apache.spark:spark-mllib_2.13:3.1.2
2024.03.23 09:49:25 INFO  [error]   Not found
2024.03.23 09:49:25 INFO  [error]   Not found
2024.03.23 09:49:25 INFO  [error]   not found: /home/phuonglh/.ivy2/localorg.apache.spark/spark-mllib_2.13/3.1.2/ivys/ivy.xml
2024.03.23 09:49:25 INFO  [error]   not found: https://repo1.maven.org/maven2/org/apache/spark/spark-mllib_2.13/3.1.2/spark-mllib_2.13-3.1.2.pom))), directCause=None), Incomplete(node=Some(Task((taskDefinitionKey: ScopedKey(Scope(Select(ProjectRef(file:/home/phuonglh/courses/bda/bankmarketing/,root)), Select(ConfigKey(runtime)), Zero, Zero),classpathConfiguration)))), tpe=Error, msg=None, causes=List(Incomplete(node=Some(Task((taskDefinitionKey: ScopedKey(Scope(Select(ProjectRef(file:/home/phuonglh/courses/bda/bankmarketing/,root)), Zero, Zero, Zero),update)))), tpe=Error, msg=None, causes=List(Incomplete(node=Some(Task((tags: Map(Tag(update) -> 1, Tag(network) -> 1), taskDefinitionKey: ScopedKey(Scope(Select(ProjectRef(file:/home/phuonglh/courses/bda/bankmarketing/,root)), Zero, Zero, Zero),update)))), tpe=Error, msg=None, causes=List(), directCause=Some(sbt.librarymanagement.ResolveException: Error downloading org.apache.spark:spark-core_2.13:3.1.2
2024.03.23 09:49:25 INFO  [error]   Not found
2024.03.23 09:49:25 INFO  [error]   Not found
2024.03.23 09:49:25 INFO  [error]   not found: /home/phuonglh/.ivy2/localorg.apache.spark/spark-core_2.13/3.1.2/ivys/ivy.xml
2024.03.23 09:49:25 INFO  [error]   not found: https://repo1.maven.org/maven2/org/apache/spark/spark-core_2.13/3.1.2/spark-core_2.13-3.1.2.pom
2024.03.23 09:49:25 INFO  [error] Error downloading org.apache.spark:spark-sql_2.13:3.1.2
2024.03.23 09:49:25 INFO  [error]   Not found
2024.03.23 09:49:25 INFO  [error]   Not found
2024.03.23 09:49:25 INFO  [error]   not found: /home/phuonglh/.ivy2/localorg.apache.spark/spark-sql_2.13/3.1.2/ivys/ivy.xml
2024.03.23 09:49:25 INFO  [error]   not found: https://repo1.maven.org/maven2/org/apache/spark/spark-sql_2.13/3.1.2/spark-sql_2.13-3.1.2.pom
2024.03.23 09:49:25 INFO  [error] Error downloading org.apache.spark:spark-mllib_2.13:3.1.2
2024.03.23 09:49:25 INFO  [error]   Not found
2024.03.23 09:49:25 INFO  [error]   Not found
2024.03.23 09:49:25 INFO  [error]   not found: /home/phuonglh/.ivy2/localorg.apache.spark/spark-mllib_2.13/3.1.2/ivys/ivy.xml
2024.03.23 09:49:25 INFO  [error]   not found: https://repo1.maven.org/maven2/org/apache/spark/spark-mllib_2.13/3.1.2/spark-mllib_2.13-3.1.2.pom))), directCause=None), Incomplete(node=Some(Task((taskDefinitionKey: ScopedKey(Scope(Select(ProjectRef(file:/home/phuonglh/courses/bda/bankmarketing/,root)), Select(ConfigKey(compile)), Zero, Zero),classpathConfiguration)))), tpe=Error, msg=None, causes=List(Incomplete(node=Some(Task((taskDefinitionKey: ScopedKey(Scope(Select(ProjectRef(file:/home/phuonglh/courses/bda/bankmarketing/,root)), Zero, Zero, Zero),update)))), tpe=Error, msg=None, causes=List(Incomplete(node=Some(Task((tags: Map(Tag(update) -> 1, Tag(network) -> 1), taskDefinitionKey: ScopedKey(Scope(Select(ProjectRef(file:/home/phuonglh/courses/bda/bankmarketing/,root)), Zero, Zero, Zero),update)))), tpe=Error, msg=None, causes=List(), directCause=Some(sbt.librarymanagement.ResolveException: Error downloading org.apache.spark:spark-core_2.13:3.1.2
2024.03.23 09:49:25 INFO  [error]   Not found
2024.03.23 09:49:25 INFO  [error]   Not found
2024.03.23 09:49:25 INFO  [error]   not found: /home/phuonglh/.ivy2/localorg.apache.spark/spark-core_2.13/3.1.2/ivys/ivy.xml
2024.03.23 09:49:25 INFO  [error]   not found: https://repo1.maven.org/maven2/org/apache/spark/spark-core_2.13/3.1.2/spark-core_2.13-3.1.2.pom
2024.03.23 09:49:25 INFO  [error] Error downloading org.apache.spark:spark-sql_2.13:3.1.2
2024.03.23 09:49:25 INFO  [error]   Not found
2024.03.23 09:49:25 INFO  [error]   Not found
2024.03.23 09:49:25 INFO  [error]   not found: /home/phuonglh/.ivy2/localorg.apache.spark/spark-sql_2.13/3.1.2/ivys/ivy.xml
2024.03.23 09:49:25 INFO  [error]   not found: https://repo1.maven.org/maven2/org/apache/spark/spark-sql_2.13/3.1.2/spark-sql_2.13-3.1.2.pom
2024.03.23 09:49:25 INFO  [error] Error downloading org.apache.spark:spark-mllib_2.13:3.1.2
2024.03.23 09:49:25 INFO  [error]   Not found
2024.03.23 09:49:25 INFO  [error]   Not found
2024.03.23 09:49:25 INFO  [error]   not found: /home/phuonglh/.ivy2/localorg.apache.spark/spark-mllib_2.13/3.1.2/ivys/ivy.xml
2024.03.23 09:49:25 INFO  [error]   not found: https://repo1.maven.org/maven2/org/apache/spark/spark-mllib_2.13/3.1.2/spark-mllib_2.13-3.1.2.pom))), directCause=None)), directCause=None)), directCause=None)), directCause=None)), directCause=None)), directCause=None), Incomplete(node=Some(Task((taskDefinitionKey: ScopedKey(Scope(Select(ProjectRef(file:/home/phuonglh/courses/bda/bankmarketing/,root)), Select(ConfigKey(compile)), Zero, Zero),bloopInternalClasspath)))), tpe=Error, msg=None, causes=List(Incomplete(node=Some(Task(_)), tpe=Error, msg=None, causes=List(Incomplete(node=Some(Task((taskDefinitionKey: ScopedKey(Scope(Select(ProjectRef(file:/home/phuonglh/courses/bda/bankmarketing/,root)), Select(ConfigKey(compile)), Zero, Zero),classpathConfiguration)))), tpe=Error, msg=None, causes=List(Incomplete(node=Some(Task((taskDefinitionKey: ScopedKey(Scope(Select(ProjectRef(file:/home/phuonglh/courses/bda/bankmarketing/,root)), Zero, Zero, Zero),update)))), tpe=Error, msg=None, causes=List(Incomplete(node=Some(Task((tags: Map(Tag(update) -> 1, Tag(network) -> 1), taskDefinitionKey: ScopedKey(Scope(Select(ProjectRef(file:/home/phuonglh/courses/bda/bankmarketing/,root)), Zero, Zero, Zero),update)))), tpe=Error, msg=None, causes=List(), directCause=Some(sbt.librarymanagement.ResolveException: Error downloading org.apache.spark:spark-core_2.13:3.1.2
2024.03.23 09:49:25 INFO  [error]   Not found
2024.03.23 09:49:25 INFO  [error]   Not found
2024.03.23 09:49:25 INFO  [error]   not found: /home/phuonglh/.ivy2/localorg.apache.spark/spark-core_2.13/3.1.2/ivys/ivy.xml
2024.03.23 09:49:25 INFO  [error]   not found: https://repo1.maven.org/maven2/org/apache/spark/spark-core_2.13/3.1.2/spark-core_2.13-3.1.2.pom
2024.03.23 09:49:25 INFO  [error] Error downloading org.apache.spark:spark-sql_2.13:3.1.2
2024.03.23 09:49:25 INFO  [error]   Not found
2024.03.23 09:49:25 INFO  [error]   Not found
2024.03.23 09:49:25 INFO  [error]   not found: /home/phuonglh/.ivy2/localorg.apache.spark/spark-sql_2.13/3.1.2/ivys/ivy.xml
2024.03.23 09:49:25 INFO  [error]   not found: https://repo1.maven.org/maven2/org/apache/spark/spark-sql_2.13/3.1.2/spark-sql_2.13-3.1.2.pom
2024.03.23 09:49:25 INFO  [error] Error downloading org.apache.spark:spark-mllib_2.13:3.1.2
2024.03.23 09:49:25 INFO  [error]   Not found
2024.03.23 09:49:25 INFO  [error]   Not found
2024.03.23 09:49:25 INFO  [error]   not found: /home/phuonglh/.ivy2/localorg.apache.spark/spark-mllib_2.13/3.1.2/ivys/ivy.xml
2024.03.23 09:49:25 INFO  [error]   not found: https://repo1.maven.org/maven2/org/apache/spark/spark-mllib_2.13/3.1.2/spark-mllib_2.13-3.1.2.pom))), directCause=None)), directCause=None)), directCause=None)), directCause=None)), directCause=None), Incomplete(node=Some(Task((taskDefinitionKey: ScopedKey(Scope(Select(ProjectRef(file:/home/phuonglh/courses/bda/bankmarketing/,root)), Zero, Zero, Zero),scalaInstance)))), tpe=Error, msg=None, causes=List(Incomplete(node=Some(Task(_)), tpe=Error, msg=None, causes=List(Incomplete(node=Some(Task((taskDefinitionKey: ScopedKey(Scope(Select(ProjectRef(file:/home/phuonglh/courses/bda/bankmarketing/,root)), Zero, Zero, Zero),update)))), tpe=Error, msg=None, causes=List(Incomplete(node=Some(Task((tags: Map(Tag(update) -> 1, Tag(network) -> 1), taskDefinitionKey: ScopedKey(Scope(Select(ProjectRef(file:/home/phuonglh/courses/bda/bankmarketing/,root)), Zero, Zero, Zero),update)))), tpe=Error, msg=None, causes=List(), directCause=Some(sbt.librarymanagement.ResolveException: Error downloading org.apache.spark:spark-core_2.13:3.1.2
2024.03.23 09:49:25 INFO  [error]   Not found
2024.03.23 09:49:25 INFO  [error]   Not found
2024.03.23 09:49:25 INFO  [error]   not found: /home/phuonglh/.ivy2/localorg.apache.spark/spark-core_2.13/3.1.2/ivys/ivy.xml
2024.03.23 09:49:25 INFO  [error]   not found: https://repo1.maven.org/maven2/org/apache/spark/spark-core_2.13/3.1.2/spark-core_2.13-3.1.2.pom
2024.03.23 09:49:25 INFO  [error] Error downloading org.apache.spark:spark-sql_2.13:3.1.2
2024.03.23 09:49:25 INFO  [error]   Not found
2024.03.23 09:49:25 INFO  [error]   Not found
2024.03.23 09:49:25 INFO  [error]   not found: /home/phuonglh/.ivy2/localorg.apache.spark/spark-sql_2.13/3.1.2/ivys/ivy.xml
2024.03.23 09:49:25 INFO  [error]   not found: https://repo1.maven.org/maven2/org/apache/spark/spark-sql_2.13/3.1.2/spark-sql_2.13-3.1.2.pom
2024.03.23 09:49:25 INFO  [error] Error downloading org.apache.spark:spark-mllib_2.13:3.1.2
2024.03.23 09:49:25 INFO  [error]   Not found
2024.03.23 09:49:25 INFO  [error]   Not found
2024.03.23 09:49:25 INFO  [error]   not found: /home/phuonglh/.ivy2/localorg.apache.spark/spark-mllib_2.13/3.1.2/ivys/ivy.xml
2024.03.23 09:49:25 INFO  [error]   not found: https://repo1.maven.org/maven2/org/apache/spark/spark-mllib_2.13/3.1.2/spark-mllib_2.13-3.1.2.pom))), directCause=None)), directCause=None)), directCause=None)), directCause=None)
2024.03.23 09:49:25 INFO  [error]   not found: https://repo1.maven.org/maven2/org/apache/spark/spark-mllib_2.13/3.1.2/spark-mllib_2.13-3.1.2.pom))), directCause=None)), directCause=None)), directCause=None)), directCause=None)), directCause=None)), directCause=None)), directCause=None), Incomplete(node=Some(Task((taskDefinitionKey: ScopedKey(Scope(Select(ProjectRef(file:/home/phuonglh/courses/bda/bankmarketing/,root)), Zero, Zero, Zero),scalaInstance)))), tpe=Error, msg=None, causes=List(Incomplete(node=Some(Task(_)), tpe=Error, msg=None, causes=List(Incomplete(node=Some(Task((taskDefinitionKey: ScopedKey(Scope(Select(ProjectRef(file:/home/phuonglh/courses/bda/bankmarketing/,root)), Zero, Zero, Zero),update)))), tpe=Error, msg=None, causes=List(Incomplete(node=Some(Task((tags: Map(Tag(update) -> 1, Tag(network) -> 1), taskDefinitionKey: ScopedKey(Scope(Select(ProjectRef(file:/home/phuonglh/courses/bda/bankmarketing/,root)), Zero, Zero, Zero),update)))), tpe=Error, msg=None, causes=List(), directCause=Some(sbt.librarymanagement.ResolveException: Error downloading org.apache.spark:spark-core_2.13:3.1.2
2024.03.23 09:49:25 INFO  [error]   Not found
2024.03.23 09:49:25 INFO  [error]   Not found
2024.03.23 09:49:25 INFO  [error]   not found: /home/phuonglh/.ivy2/localorg.apache.spark/spark-core_2.13/3.1.2/ivys/ivy.xml
2024.03.23 09:49:25 INFO  [error]   not found: https://repo1.maven.org/maven2/org/apache/spark/spark-core_2.13/3.1.2/spark-core_2.13-3.1.2.pom
2024.03.23 09:49:25 INFO  [error] Error downloading org.apache.spark:spark-sql_2.13:3.1.2
2024.03.23 09:49:25 INFO  [error]   Not found
2024.03.23 09:49:25 INFO  [error]   Not found
2024.03.23 09:49:25 INFO  [error]   not found: /home/phuonglh/.ivy2/localorg.apache.spark/spark-sql_2.13/3.1.2/ivys/ivy.xml
2024.03.23 09:49:25 INFO  [error]   not found: https://repo1.maven.org/maven2/org/apache/spark/spark-sql_2.13/3.1.2/spark-sql_2.13-3.1.2.pom
2024.03.23 09:49:25 INFO  [error] Error downloading org.apache.spark:spark-mllib_2.13:3.1.2
2024.03.23 09:49:25 INFO  [error]   Not found
2024.03.23 09:49:25 INFO  [error]   Not found
2024.03.23 09:49:25 INFO  [error]   not found: /home/phuonglh/.ivy2/localorg.apache.spark/spark-mllib_2.13/3.1.2/ivys/ivy.xml
2024.03.23 09:49:25 INFO  [error]   not found: https://repo1.maven.org/maven2/org/apache/spark/spark-mllib_2.13/3.1.2/spark-mllib_2.13-3.1.2.pom))), directCause=None)), directCause=None)), directCause=None)), directCause=None)
2024.03.23 09:49:25 INFO  [warn] Removed stale /home/phuonglh/courses/bda/bankmarketing/.bloop/root-test.json
2024.03.23 09:49:25 INFO  [warn] Removed stale /home/phuonglh/courses/bda/bankmarketing/.bloop/root.json
2024.03.23 09:49:25 INFO  [success] Total time: 4 s, completed Mar 23, 2024 9:49:25 AM
2024.03.23 09:49:25 INFO  time: ran 'sbt bloopInstall' in 15s
2024.03.23 09:49:25 INFO  Disconnecting from Bloop session...
2024.03.23 09:49:25 INFO  Shut down connection with build server.
2024.03.23 09:49:25 INFO  Attempting to connect to the build server...
2024.03.23 09:49:25 INFO  Bloop uses /usr/lib/jvm/java-11-openjdk-amd64 defined at /home/phuonglh/.bloop/bloop.json
2024.03.23 09:49:25 INFO  tracing is disabled for protocol BSP, to enable tracing of incoming and outgoing JSON messages create an empty file at /home/phuonglh/courses/bda/bankmarketing/.metals/bsp.trace.json or /home/phuonglh/.cache/metals/bsp.trace.json
2024.03.23 09:49:25 INFO  time: Connected to build server in 68ms
2024.03.23 09:49:25 INFO  Connected to Build server: Bloop v1.5.15
2024.03.23 09:49:27 WARN  Could not find java sources in /usr/lib/jvm/src.zip, /usr/lib/jvm/lib/src.zip, /usr/lib/jvm/java-11-openjdk-amd64/src.zip, /usr/lib/jvm/java-11-openjdk-amd64/lib/src.zip, /usr/lib/jvm/src.zip, /usr/lib/jvm/lib/src.zip, /usr/lib/jvm/java-11-openjdk-amd64/src.zip, /usr/lib/jvm/java-11-openjdk-amd64/lib/src.zip. Java symbols will not be available.
2024.03.23 09:49:27 WARN  Could not find java sources in /usr/lib/jvm/src.zip, /usr/lib/jvm/lib/src.zip, /usr/lib/jvm/java-11-openjdk-amd64/src.zip, /usr/lib/jvm/java-11-openjdk-amd64/lib/src.zip, /usr/lib/jvm/src.zip, /usr/lib/jvm/lib/src.zip, /usr/lib/jvm/java-11-openjdk-amd64/src.zip, /usr/lib/jvm/java-11-openjdk-amd64/lib/src.zip. Java symbols will not be available.
2024.03.23 09:49:27 WARN  Could not find java sources in /usr/lib/jvm/src.zip, /usr/lib/jvm/lib/src.zip, /usr/lib/jvm/java-11-openjdk-amd64/src.zip, /usr/lib/jvm/java-11-openjdk-amd64/lib/src.zip, /usr/lib/jvm/src.zip, /usr/lib/jvm/lib/src.zip, /usr/lib/jvm/java-11-openjdk-amd64/src.zip, /usr/lib/jvm/java-11-openjdk-amd64/lib/src.zip. Java symbols will not be available.
2024.03.23 09:49:27 INFO  time: indexed workspace in 1.3s
2024.03.23 09:49:27 WARN  no build target for: /home/phuonglh/courses/bda/bankmarketing/src/main/scala/example/BankMarketing.scala
2024.03.23 09:49:27 WARN  no build target for: /home/phuonglh/courses/bda/bankmarketing/build.sbt
2024.03.23 09:49:27 INFO  skipping build import with status 'Installed'
2024.03.23 09:49:28 INFO  no build target found for /home/phuonglh/courses/bda/bankmarketing/build.sbt. Using presentation compiler with project's scala-library version: 3.3.1
2024.03.23 09:49:28 INFO  time: code lens generation in 1.07s
2024.03.23 09:49:49 WARN  no build target for: /home/phuonglh/courses/bda/bankmarketing/build.sbt
2024.03.23 09:49:52 INFO  running '/home/phuonglh/.local/share/coursier/bin/sbt -Dbloop.export-jar-classifiers=sources bloopInstall'
2024.03.23 09:49:54 INFO  [info] welcome to sbt 1.9.9 (Private Build Java 1.8.0_402)
2024.03.23 09:49:55 INFO  [info] loading settings for project bankmarketing-build from plugins.sbt ...
2024.03.23 09:49:55 INFO  [info] loading project definition from /home/phuonglh/courses/bda/bankmarketing/project
2024.03.23 09:50:00 INFO  [info] loading settings for project root from build.sbt ...
2024.03.23 09:50:00 INFO  [info] set current project to BankMarketing (in build file:/home/phuonglh/courses/bda/bankmarketing/)
2024.03.23 09:50:13 INFO  [success] Generated .bloop/root.json
2024.03.23 09:50:13 INFO  [success] Generated .bloop/root-test.json
2024.03.23 09:50:13 INFO  [success] Total time: 13 s, completed Mar 23, 2024 9:50:13 AM
2024.03.23 09:50:13 INFO  time: ran 'sbt bloopInstall' in 21s
2024.03.23 09:50:13 INFO  Disconnecting from Bloop session...
2024.03.23 09:50:13 INFO  Shut down connection with build server.
2024.03.23 09:50:13 INFO  Attempting to connect to the build server...
2024.03.23 09:50:13 INFO  Bloop uses /usr/lib/jvm/java-11-openjdk-amd64 defined at /home/phuonglh/.bloop/bloop.json
2024.03.23 09:51:06 INFO  skipping build import with status 'Installed'
2024.03.23 09:51:14 ERROR Starting the bsp launcher for bloop...
2024.03.23 09:51:14 ERROR Opening a bsp server connection with 'bsp --protocol local --socket /tmp/bsp-launcher9839700643574248454/bsp.socket'...
2024.03.23 09:51:14 ERROR Waiting for the bsp connection to come up...
2024.03.23 09:51:14 ERROR Waiting for the bsp connection to come up...
2024.03.23 09:51:14 ERROR Waiting for the bsp connection to come up...
2024.03.23 09:51:14 ERROR Waiting for the bsp connection to come up...
2024.03.23 09:51:14 ERROR Waiting for the bsp connection to come up...
2024.03.23 09:51:14 ERROR Waiting for the bsp connection to come up...
2024.03.23 09:51:14 ERROR Waiting for the bsp connection to come up...
2024.03.23 09:51:14 ERROR Waiting for the bsp connection to come up...
2024.03.23 09:51:14 ERROR Waiting for the bsp connection to come up...
2024.03.23 09:51:14 ERROR Waiting for the bsp connection to come up...
2024.03.23 09:51:14 ERROR Waiting for the bsp connection to come up...
2024.03.23 09:51:14 ERROR Waiting for the bsp connection to come up...
2024.03.23 09:51:14 ERROR Waiting for the bsp connection to come up...
2024.03.23 09:51:14 ERROR Waiting for the bsp connection to come up...
2024.03.23 09:51:14 ERROR Waiting for the bsp connection to come up...
2024.03.23 09:51:14 ERROR Waiting for the bsp connection to come up...
2024.03.23 09:51:14 ERROR Waiting for the bsp connection to come up...
2024.03.23 09:51:14 ERROR Waiting for the bsp connection to come up...
2024.03.23 09:51:14 ERROR Waiting for the bsp connection to come up...
2024.03.23 09:51:14 ERROR Waiting for the bsp connection to come up...
2024.03.23 09:51:14 ERROR Waiting for the bsp connection to come up...
2024.03.23 09:51:14 ERROR Waiting for the bsp connection to come up...
2024.03.23 09:51:14 ERROR Waiting for the bsp connection to come up...
2024.03.23 09:51:14 ERROR Waiting for the bsp connection to come up...
2024.03.23 09:51:14 ERROR Waiting for the bsp connection to come up...
2024.03.23 09:51:14 ERROR Waiting for the bsp connection to come up...
2024.03.23 09:51:14 ERROR Waiting for the bsp connection to come up...
2024.03.23 09:51:14 ERROR Waiting for the bsp connection to come up...
2024.03.23 09:51:14 ERROR Waiting for the bsp connection to come up...
2024.03.23 09:51:14 ERROR Waiting for the bsp connection to come up...
2024.03.23 09:51:14 ERROR Waiting for the bsp connection to come up...
2024.03.23 09:51:14 ERROR error: Giving up on waiting for a connection, printing embedded bloop logs:
2024.03.23 09:51:14 ERROR > 
2024.03.23 09:51:14 ERROR error: Trying a tcp-based connection to the server instead...
2024.03.23 09:51:14 ERROR Opening a bsp server connection with 'bsp --protocol tcp --port 22668'...
2024.03.23 09:51:14 ERROR Waiting for the bsp connection to come up...
2024.03.23 09:51:14 ERROR Waiting for the bsp connection to come up...
2024.03.23 09:51:14 ERROR Waiting for the bsp connection to come up...
2024.03.23 09:51:14 ERROR Waiting for the bsp connection to come up...
2024.03.23 09:51:14 ERROR Waiting for the bsp connection to come up...
2024.03.23 09:51:14 ERROR Waiting for the bsp connection to come up...
2024.03.23 09:51:14 ERROR Waiting for the bsp connection to come up...
2024.03.23 09:51:14 ERROR Waiting for the bsp connection to come up...
2024.03.23 09:51:14 ERROR Waiting for the bsp connection to come up...
2024.03.23 09:51:14 ERROR Waiting for the bsp connection to come up...
2024.03.23 09:51:14 ERROR Waiting for the bsp connection to come up...
2024.03.23 09:51:14 ERROR Waiting for the bsp connection to come up...
2024.03.23 09:51:14 ERROR Waiting for the bsp connection to come up...
2024.03.23 09:51:14 ERROR Waiting for the bsp connection to come up...
2024.03.23 09:51:14 ERROR Waiting for the bsp connection to come up...
2024.03.23 09:51:14 ERROR Waiting for the bsp connection to come up...
2024.03.23 09:51:14 ERROR Waiting for the bsp connection to come up...
2024.03.23 09:51:14 ERROR Waiting for the bsp connection to come up...
2024.03.23 09:51:14 ERROR Waiting for the bsp connection to come up...
2024.03.23 09:51:14 ERROR Waiting for the bsp connection to come up...
2024.03.23 09:51:14 ERROR Waiting for the bsp connection to come up...
2024.03.23 09:51:14 ERROR Waiting for the bsp connection to come up...
2024.03.23 09:51:14 ERROR Waiting for the bsp connection to come up...
2024.03.23 09:51:14 ERROR Waiting for the bsp connection to come up...
2024.03.23 09:51:14 ERROR Waiting for the bsp connection to come up...
2024.03.23 09:51:14 ERROR Waiting for the bsp connection to come up...
2024.03.23 09:51:14 ERROR Waiting for the bsp connection to come up...
2024.03.23 09:51:14 ERROR Waiting for the bsp connection to come up...
2024.03.23 09:51:14 ERROR Waiting for the bsp connection to come up...
2024.03.23 09:51:14 ERROR Waiting for the bsp connection to come up...
2024.03.23 09:51:14 ERROR Waiting for the bsp connection to come up...
2024.03.23 09:51:14 ERROR error: Giving up on waiting for a connection, printing embedded bloop logs:
2024.03.23 09:51:14 ERROR > 
2024.03.23 09:51:14 ERROR error: The launcher failed to establish a bsp connection, aborting...
2024.03.23 09:51:14 ERROR Failed to connect with build server, no functionality will work.
java.lang.RuntimeException: The server did not start, got FailedToOpenBspConnection
	at bloop.launcher.LauncherMain.failPromise$1(Launcher.scala:92)
	at bloop.launcher.LauncherMain.runLauncher(Launcher.scala:119)
	at scala.meta.internal.metals.BloopServers$$anon$2.run(BloopServers.scala:502)
	at java.util.concurrent.Executors$RunnableAdapter.call(Executors.java:515)
	at java.util.concurrent.FutureTask.run(FutureTask.java:264)
	at java.util.concurrent.ThreadPoolExecutor.runWorker(ThreadPoolExecutor.java:1128)
	at java.util.concurrent.ThreadPoolExecutor$Worker.run(ThreadPoolExecutor.java:628)
	at java.lang.Thread.run(Thread.java:829)

2024.03.23 09:51:28 WARN  no build target for: /home/phuonglh/courses/bda/bankmarketing/src/main/scala/example/BankMarketing.scala
2024.03.23 09:51:47 WARN  no build target for: /home/phuonglh/courses/bda/bankmarketing/build.sbt
2024.03.23 09:51:47 INFO  skipping build import with status 'Installed'
2024.03.23 09:51:49 WARN  no build target for: /home/phuonglh/courses/bda/bankmarketing/build.sbt
2024.03.23 09:51:49 INFO  skipping build import with status 'Installed'
2024.03.23 09:52:03 INFO  Shutting down server
2024.03.23 09:52:03 INFO  shutting down Metals
2024.03.23 09:52:03 INFO  Exiting server
2024.03.23 09:52:34 INFO  Started: Metals version 1.2.2 in folders '/home/phuonglh/courses/bda/bankmarketing' for client Visual Studio Code 1.87.2.
09:52:35.097 [pool-1-thread-1] INFO org.flywaydb.core.internal.license.VersionPrinter -- Flyway Community Edition 9.22.3 by Redgate
09:52:35.098 [pool-1-thread-1] INFO org.flywaydb.core.internal.license.VersionPrinter -- See release notes here: https://rd.gt/416ObMi
09:52:35.098 [pool-1-thread-1] INFO org.flywaydb.core.internal.license.VersionPrinter -- 
09:52:35.100 [pool-1-thread-1] DEBUG org.flywaydb.core.internal.scanner.classpath.ClassPathScanner -- Scanning for classpath resources at 'classpath:db/callback' ...
09:52:35.101 [pool-1-thread-1] DEBUG org.flywaydb.core.internal.scanner.classpath.ClassPathScanner -- Determining location urls for classpath:db/callback using ClassLoader jdk.internal.loader.ClassLoaders$AppClassLoader@55054057 ...
09:52:35.101 [pool-1-thread-1] DEBUG org.flywaydb.core.internal.scanner.classpath.ClassPathScanner -- Unable to resolve location classpath:db/callback.
09:52:35.101 [pool-1-thread-1] DEBUG org.flywaydb.core.internal.scanner.classpath.ClassPathScanner -- Scanning for classpath resources at 'classpath:db/migration' ...
09:52:35.101 [pool-1-thread-1] DEBUG org.flywaydb.core.internal.scanner.classpath.ClassPathScanner -- Determining location urls for classpath:db/migration using ClassLoader jdk.internal.loader.ClassLoaders$AppClassLoader@55054057 ...
09:52:35.101 [pool-1-thread-1] DEBUG org.flywaydb.core.internal.scanner.classpath.ClassPathScanner -- Scanning URL: jar:file:/home/phuonglh/.cache/coursier/v1/https/repo1.maven.org/maven2/org/scalameta/metals_2.13/1.2.2/metals_2.13-1.2.2.jar!/db/migration
09:52:35.103 [pool-1-thread-1] DEBUG org.flywaydb.core.internal.scanner.classpath.ClassPathScanner -- Found resource: db/migration/
09:52:35.103 [pool-1-thread-1] DEBUG org.flywaydb.core.internal.scanner.classpath.ClassPathScanner -- Found resource: db/migration/V1__Create_tables.sql
09:52:35.103 [pool-1-thread-1] DEBUG org.flywaydb.core.internal.scanner.classpath.ClassPathScanner -- Found resource: db/migration/V2__Server_discovery.sql
09:52:35.103 [pool-1-thread-1] DEBUG org.flywaydb.core.internal.scanner.classpath.ClassPathScanner -- Found resource: db/migration/V3__Jar_symbols.sql
09:52:35.103 [pool-1-thread-1] DEBUG org.flywaydb.core.internal.scanner.classpath.ClassPathScanner -- Found resource: db/migration/V4__Fingerprints.sql
09:52:35.104 [pool-1-thread-1] DEBUG org.flywaydb.core.internal.scanner.classpath.ClassPathScanner -- Scanning for classes at classpath:db/migration
09:52:35.106 [pool-1-thread-1] DEBUG org.flywaydb.core.internal.scanner.Scanner -- Filtering out resource: db/migration/ (filename: )
09:52:35.106 [pool-1-thread-1] DEBUG org.flywaydb.core.internal.resource.ResourceNameValidator -- Validating V4__Fingerprints.sql
09:52:35.107 [pool-1-thread-1] DEBUG org.flywaydb.core.internal.resource.ResourceNameValidator -- Validating V1__Create_tables.sql
09:52:35.107 [pool-1-thread-1] DEBUG org.flywaydb.core.internal.resource.ResourceNameValidator -- Validating V2__Server_discovery.sql
09:52:35.107 [pool-1-thread-1] DEBUG org.flywaydb.core.internal.resource.ResourceNameValidator -- Validating V3__Jar_symbols.sql
09:52:35.175 [pool-1-thread-1] INFO org.flywaydb.core.FlywayExecutor -- Database: jdbc:h2:file:/home/phuonglh/courses/bda/bankmarketing/.metals/metals (H2 2.2)
09:52:35.175 [pool-1-thread-1] DEBUG org.flywaydb.core.FlywayExecutor -- Driver: H2 JDBC Driver 2.2.224 (2023-09-17)
09:52:35.175 [pool-1-thread-1] DEBUG org.flywaydb.core.FlywayExecutor -- DDL Transactions Supported: false
09:52:35.176 [pool-1-thread-1] DEBUG org.flywaydb.core.internal.schemahistory.SchemaHistoryFactory -- Schemas: 
09:52:35.177 [pool-1-thread-1] DEBUG org.flywaydb.core.internal.schemahistory.SchemaHistoryFactory -- Default schema: null
09:52:35.180 [pool-1-thread-1] WARN org.flywaydb.core.internal.database.base.Database -- Flyway upgrade recommended: H2 2.2.224 is newer than this version of Flyway and support has not been tested. The latest supported version of H2 is 2.2.220.
09:52:35.181 [pool-1-thread-1] DEBUG org.flywaydb.core.internal.callback.SqlScriptCallbackFactory -- Scanning for SQL callbacks ...
09:52:35.181 [pool-1-thread-1] DEBUG org.flywaydb.core.internal.scanner.Scanner -- Filtering out resource: db/migration/ (filename: )
09:52:35.188 [pool-1-thread-1] DEBUG org.flywaydb.core.internal.command.DbValidate -- Validating migrations ...
09:52:35.191 [pool-1-thread-1] DEBUG org.flywaydb.core.internal.scanner.Scanner -- Filtering out resource: db/migration/ (filename: )
09:52:35.197 [pool-1-thread-1] DEBUG org.flywaydb.core.internal.scanner.Scanner -- Filtering out resource: db/migration/ (filename: )
09:52:35.198 [pool-1-thread-1] DEBUG org.flywaydb.core.internal.scanner.Scanner -- Filtering out resource: db/migration/V4__Fingerprints.sql (filename: V4__Fingerprints.sql)
09:52:35.198 [pool-1-thread-1] DEBUG org.flywaydb.core.internal.scanner.Scanner -- Filtering out resource: db/migration/V1__Create_tables.sql (filename: V1__Create_tables.sql)
09:52:35.198 [pool-1-thread-1] DEBUG org.flywaydb.core.internal.scanner.Scanner -- Filtering out resource: db/migration/V2__Server_discovery.sql (filename: V2__Server_discovery.sql)
09:52:35.198 [pool-1-thread-1] DEBUG org.flywaydb.core.internal.scanner.Scanner -- Filtering out resource: db/migration/V3__Jar_symbols.sql (filename: V3__Jar_symbols.sql)
09:52:35.198 [pool-1-thread-1] DEBUG org.flywaydb.core.internal.scanner.Scanner -- Filtering out resource: db/migration/ (filename: )
09:52:35.198 [pool-1-thread-1] DEBUG org.flywaydb.core.internal.scanner.Scanner -- Filtering out resource: db/migration/V4__Fingerprints.sql (filename: V4__Fingerprints.sql)
09:52:35.198 [pool-1-thread-1] DEBUG org.flywaydb.core.internal.scanner.Scanner -- Filtering out resource: db/migration/V1__Create_tables.sql (filename: V1__Create_tables.sql)
09:52:35.199 [pool-1-thread-1] DEBUG org.flywaydb.core.internal.scanner.Scanner -- Filtering out resource: db/migration/V2__Server_discovery.sql (filename: V2__Server_discovery.sql)
09:52:35.199 [pool-1-thread-1] DEBUG org.flywaydb.core.internal.scanner.Scanner -- Filtering out resource: db/migration/V3__Jar_symbols.sql (filename: V3__Jar_symbols.sql)
09:52:35.207 [pool-1-thread-1] INFO org.flywaydb.core.internal.command.DbValidate -- Successfully validated 4 migrations (execution time 00:00.018s)
09:52:35.209 [pool-1-thread-1] DEBUG org.flywaydb.core.internal.command.DbSchemas -- Skipping creation of existing schema: "PUBLIC"
09:52:35.213 [pool-1-thread-1] INFO org.flywaydb.core.internal.command.DbMigrate -- Current version of schema "PUBLIC": 4
09:52:35.216 [pool-1-thread-1] INFO org.flywaydb.core.internal.command.DbMigrate -- Schema "PUBLIC" is up to date. No migration necessary.
09:52:35.224 [pool-1-thread-1] DEBUG org.flywaydb.core.FlywayExecutor -- Memory usage: 46 of 102M
2024.03.23 09:52:35 INFO  skipping build import with status 'Installed'
2024.03.23 09:52:35 INFO  Attempting to connect to the build server...
2024.03.23 09:52:35 INFO  Bloop uses /usr/lib/jvm/java-11-openjdk-amd64 defined at /home/phuonglh/.bloop/bloop.json
2024.03.23 09:52:35 INFO  tracing is disabled for protocol BSP, to enable tracing of incoming and outgoing JSON messages create an empty file at /home/phuonglh/courses/bda/bankmarketing/.metals/bsp.trace.json or /home/phuonglh/.cache/metals/bsp.trace.json
Mar 23, 2024 9:52:35 AM org.eclipse.lsp4j.jsonrpc.RemoteEndpoint handleCancellation
WARNING: Unmatched cancel notification for request id 2
2024.03.23 09:52:35 INFO  time: Connected to build server in 0.38s
2024.03.23 09:52:35 INFO  Connected to Build server: Bloop v1.5.15
2024.03.23 09:52:35 INFO  time: Imported build in 0.12s
2024.03.23 09:52:39 INFO  no build target found for /home/phuonglh/courses/bda/bankmarketing/src/main/scala/example/BankMarketing.scala. Using presentation compiler with project's scala-library version: 3.3.1
Mar 23, 2024 9:52:39 AM org.eclipse.lsp4j.jsonrpc.RemoteEndpoint handleCancellation
WARNING: Unmatched cancel notification for request id 14
Mar 23, 2024 9:53:26 AM org.eclipse.lsp4j.jsonrpc.RemoteEndpoint handleCancellation
WARNING: Unmatched cancel notification for request id 28
Mar 23, 2024 9:53:26 AM org.eclipse.lsp4j.jsonrpc.RemoteEndpoint handleCancellation
WARNING: Unmatched cancel notification for request id 30
Mar 23, 2024 9:53:26 AM org.eclipse.lsp4j.jsonrpc.RemoteEndpoint handleCancellation
WARNING: Unmatched cancel notification for request id 37
Mar 23, 2024 9:53:26 AM org.eclipse.lsp4j.jsonrpc.RemoteEndpoint handleCancellation
WARNING: Unmatched cancel notification for request id 32
Mar 23, 2024 9:53:26 AM org.eclipse.lsp4j.jsonrpc.RemoteEndpoint handleCancellation
WARNING: Unmatched cancel notification for request id 47
Mar 23, 2024 9:53:26 AM org.eclipse.lsp4j.jsonrpc.RemoteEndpoint handleCancellation
WARNING: Unmatched cancel notification for request id 53
Mar 23, 2024 9:53:26 AM org.eclipse.lsp4j.jsonrpc.RemoteEndpoint handleCancellation
WARNING: Unmatched cancel notification for request id 51
Mar 23, 2024 9:53:26 AM org.eclipse.lsp4j.jsonrpc.RemoteEndpoint handleCancellation
WARNING: Unmatched cancel notification for request id 49
2024.03.23 09:53:27 INFO  compiling root (1 scala source)
2024.03.23 09:53:33 INFO  no build target found for /home/phuonglh/courses/bda/bankmarketing/build.sbt. Using presentation compiler with project's scala-library version: 2.12.12
Mar 23, 2024 9:53:33 AM org.eclipse.lsp4j.jsonrpc.RemoteEndpoint handleCancellation
WARNING: Unmatched cancel notification for request id 59
Mar 23, 2024 9:53:33 AM org.eclipse.lsp4j.jsonrpc.RemoteEndpoint handleCancellation
WARNING: Unmatched cancel notification for request id 64
2024.03.23 09:53:33 WARN  Could not find java sources in /usr/lib/jvm/src.zip, /usr/lib/jvm/lib/src.zip, /usr/lib/jvm/java-11-openjdk-amd64/src.zip, /usr/lib/jvm/java-11-openjdk-amd64/lib/src.zip, /usr/lib/jvm/src.zip, /usr/lib/jvm/lib/src.zip, /usr/lib/jvm/java-11-openjdk-amd64/src.zip, /usr/lib/jvm/java-11-openjdk-amd64/lib/src.zip. Java symbols will not be available.
Mar 23, 2024 9:53:34 AM org.eclipse.lsp4j.jsonrpc.RemoteEndpoint handleCancellation
WARNING: Unmatched cancel notification for request id 61
Mar 23, 2024 9:53:34 AM org.eclipse.lsp4j.jsonrpc.RemoteEndpoint handleCancellation
WARNING: Unmatched cancel notification for request id 57
Mar 23, 2024 9:53:34 AM org.eclipse.lsp4j.jsonrpc.RemoteEndpoint handleCancellation
WARNING: Unmatched cancel notification for request id 70
Mar 23, 2024 9:53:34 AM org.eclipse.lsp4j.jsonrpc.RemoteEndpoint handleCancellation
WARNING: Unmatched cancel notification for request id 72
Mar 23, 2024 9:53:34 AM org.eclipse.lsp4j.jsonrpc.RemoteEndpoint handleCancellation
WARNING: Unmatched cancel notification for request id 74
2024.03.23 09:53:34 WARN  no build target for: /home/phuonglh/courses/bda/bankmarketing/build.sbt
Mar 23, 2024 9:53:34 AM org.eclipse.lsp4j.jsonrpc.RemoteEndpoint handleCancellation
WARNING: Unmatched cancel notification for request id 75
Mar 23, 2024 9:53:34 AM org.eclipse.lsp4j.jsonrpc.RemoteEndpoint handleCancellation
WARNING: Unmatched cancel notification for request id 80
Mar 23, 2024 9:53:34 AM org.eclipse.lsp4j.jsonrpc.RemoteEndpoint handleCancellation
WARNING: Unmatched cancel notification for request id 83
Mar 23, 2024 9:53:34 AM org.eclipse.lsp4j.jsonrpc.RemoteEndpoint handleCancellation
WARNING: Unmatched cancel notification for request id 79
Mar 23, 2024 9:53:34 AM org.eclipse.lsp4j.jsonrpc.RemoteEndpoint handleCancellation
WARNING: Unmatched cancel notification for request id 77
Mar 23, 2024 9:53:34 AM org.eclipse.lsp4j.jsonrpc.RemoteEndpoint handleCancellation
WARNING: Unmatched cancel notification for request id 89
Mar 23, 2024 9:53:34 AM org.eclipse.lsp4j.jsonrpc.RemoteEndpoint handleCancellation
WARNING: Unmatched cancel notification for request id 88
Mar 23, 2024 9:53:34 AM org.eclipse.lsp4j.jsonrpc.RemoteEndpoint handleCancellation
WARNING: Unmatched cancel notification for request id 93
Mar 23, 2024 9:53:34 AM org.eclipse.lsp4j.jsonrpc.RemoteEndpoint handleCancellation
WARNING: Unmatched cancel notification for request id 95
Mar 23, 2024 9:53:34 AM org.eclipse.lsp4j.jsonrpc.RemoteEndpoint handleCancellation
WARNING: Unmatched cancel notification for request id 94
Mar 23, 2024 9:53:34 AM org.eclipse.lsp4j.jsonrpc.RemoteEndpoint handleCancellation
WARNING: Unmatched cancel notification for request id 97
Mar 23, 2024 9:53:35 AM org.eclipse.lsp4j.jsonrpc.RemoteEndpoint handleCancellation
WARNING: Unmatched cancel notification for request id 101
Mar 23, 2024 9:53:35 AM org.eclipse.lsp4j.jsonrpc.RemoteEndpoint handleCancellation
WARNING: Unmatched cancel notification for request id 103
Mar 23, 2024 9:53:35 AM org.eclipse.lsp4j.jsonrpc.RemoteEndpoint handleCancellation
WARNING: Unmatched cancel notification for request id 109
Mar 23, 2024 9:53:35 AM org.eclipse.lsp4j.jsonrpc.RemoteEndpoint handleCancellation
WARNING: Unmatched cancel notification for request id 102
Mar 23, 2024 9:53:35 AM org.eclipse.lsp4j.jsonrpc.RemoteEndpoint handleCancellation
WARNING: Unmatched cancel notification for request id 105
Mar 23, 2024 9:53:35 AM org.eclipse.lsp4j.jsonrpc.RemoteEndpoint handleCancellation
WARNING: Unmatched cancel notification for request id 112
Mar 23, 2024 9:53:35 AM org.eclipse.lsp4j.jsonrpc.RemoteEndpoint handleCancellation
WARNING: Unmatched cancel notification for request id 111
Mar 23, 2024 9:53:35 AM org.eclipse.lsp4j.jsonrpc.RemoteEndpoint handleCancellation
WARNING: Unmatched cancel notification for request id 114
Mar 23, 2024 9:53:35 AM org.eclipse.lsp4j.jsonrpc.RemoteEndpoint handleCancellation
WARNING: Unmatched cancel notification for request id 117
2024.03.23 09:53:35 INFO  Deduplicating compilation of root from bsp client 'Metals 1.2.2' (since 59.655s)
2024.03.23 09:53:35 INFO  compiling root (1 scala source)
2024.03.23 09:53:37 INFO  running '/home/phuonglh/.local/share/coursier/bin/sbt -Dbloop.export-jar-classifiers=sources bloopInstall'
2024.03.23 09:53:43 INFO  [info] welcome to sbt 1.9.9 (Private Build Java 1.8.0_402)
2024.03.23 09:53:46 INFO  [info] loading settings for project bankmarketing-build from plugins.sbt ...
2024.03.23 09:53:48 INFO  [info] loading project definition from /home/phuonglh/courses/bda/bankmarketing/project
2024.03.23 09:53:52 INFO  [info] loading settings for project root from build.sbt ...
2024.03.23 09:53:52 INFO  [info] set current project to BankMarketing (in build file:/home/phuonglh/courses/bda/bankmarketing/)
2024.03.23 09:53:52 WARN  Could not find java sources in /usr/lib/jvm/src.zip, /usr/lib/jvm/lib/src.zip, /usr/lib/jvm/java-11-openjdk-amd64/src.zip, /usr/lib/jvm/java-11-openjdk-amd64/lib/src.zip, /usr/lib/jvm/src.zip, /usr/lib/jvm/lib/src.zip, /usr/lib/jvm/java-11-openjdk-amd64/src.zip, /usr/lib/jvm/java-11-openjdk-amd64/lib/src.zip. Java symbols will not be available.
2024.03.23 09:53:52 WARN  Could not find java sources in /usr/lib/jvm/src.zip, /usr/lib/jvm/lib/src.zip, /usr/lib/jvm/java-11-openjdk-amd64/src.zip, /usr/lib/jvm/java-11-openjdk-amd64/lib/src.zip, /usr/lib/jvm/src.zip, /usr/lib/jvm/lib/src.zip, /usr/lib/jvm/java-11-openjdk-amd64/src.zip, /usr/lib/jvm/java-11-openjdk-amd64/lib/src.zip. Java symbols will not be available.
2024.03.23 09:53:52 INFO  time: indexed workspace in 1m13s
2024.03.23 09:53:57 INFO  time: compiled root in 21s
2024.03.23 09:53:57 WARN  no build target for: /home/phuonglh/courses/bda/bankmarketing/build.sbt
2024.03.23 09:53:57 INFO  Deduplicating compilation of root from bsp client 'Metals 1.2.2' (since 1m 21.453s)
2024.03.23 09:53:57 INFO  compiling root-test (1 scala source)
2024.03.23 09:53:58 INFO  time: compiled root-test in 0.75s
2024.03.23 09:54:03 INFO  [success] Generated .bloop/root.json
2024.03.23 09:54:03 INFO  [success] Generated .bloop/root-test.json
2024.03.23 09:54:03 INFO  [success] Total time: 10 s, completed Mar 23, 2024 9:54:03 AM
2024.03.23 09:54:04 INFO  time: ran 'sbt bloopInstall' in 26s
2024.03.23 09:54:04 INFO  Disconnecting from Bloop session...
2024.03.23 09:54:04 INFO  Shut down connection with build server.
2024.03.23 09:54:04 INFO  Attempting to connect to the build server...
2024.03.23 09:54:04 INFO  Bloop uses /usr/lib/jvm/java-11-openjdk-amd64 defined at /home/phuonglh/.bloop/bloop.json
Mar 23, 2024 9:54:21 AM org.eclipse.lsp4j.jsonrpc.RemoteEndpoint handleCancellation
WARNING: Unmatched cancel notification for request id 153
Mar 23, 2024 9:54:22 AM org.eclipse.lsp4j.jsonrpc.RemoteEndpoint handleCancellation
WARNING: Unmatched cancel notification for request id 155
Mar 23, 2024 9:54:22 AM org.eclipse.lsp4j.jsonrpc.RemoteEndpoint fallbackResponseError
SEVERE: Internal error: scala.reflect.internal.Symbols$CyclicReference: illegal cyclic reference involving object BankMarketing
java.util.concurrent.CompletionException: scala.reflect.internal.Symbols$CyclicReference: illegal cyclic reference involving object BankMarketing
	at java.base/java.util.concurrent.CompletableFuture.encodeThrowable(CompletableFuture.java:314)
	at java.base/java.util.concurrent.CompletableFuture.completeThrowable(CompletableFuture.java:319)
	at java.base/java.util.concurrent.CompletableFuture$UniAccept.tryFire(CompletableFuture.java:718)
	at java.base/java.util.concurrent.CompletableFuture.postComplete(CompletableFuture.java:506)
	at java.base/java.util.concurrent.CompletableFuture.complete(CompletableFuture.java:2079)
	at scala.meta.internal.metals.CancelTokens$.$anonfun$future$1(CancelTokens.scala:42)
	at scala.meta.internal.metals.CancelTokens$.$anonfun$future$1$adapted(CancelTokens.scala:38)
	at scala.concurrent.impl.Promise$Transformation.run(Promise.scala:484)
	at java.base/java.util.concurrent.ThreadPoolExecutor.runWorker(ThreadPoolExecutor.java:1128)
	at java.base/java.util.concurrent.ThreadPoolExecutor$Worker.run(ThreadPoolExecutor.java:628)
	at java.base/java.lang.Thread.run(Thread.java:829)
Caused by: scala.reflect.internal.Symbols$CyclicReference: illegal cyclic reference involving object BankMarketing

2024.03.23 09:55:05 ERROR Starting the bsp launcher for bloop...
2024.03.23 09:55:05 ERROR Opening a bsp server connection with 'bsp --protocol local --socket /tmp/bsp-launcher7407656401168007709/bsp.socket'...
2024.03.23 09:55:05 ERROR Waiting for the bsp connection to come up...
2024.03.23 09:55:05 ERROR Waiting for the bsp connection to come up...
2024.03.23 09:55:05 ERROR Waiting for the bsp connection to come up...
2024.03.23 09:55:05 ERROR Waiting for the bsp connection to come up...
2024.03.23 09:55:05 ERROR Waiting for the bsp connection to come up...
2024.03.23 09:55:05 ERROR Waiting for the bsp connection to come up...
2024.03.23 09:55:05 ERROR Waiting for the bsp connection to come up...
2024.03.23 09:55:05 ERROR Waiting for the bsp connection to come up...
2024.03.23 09:55:05 ERROR Waiting for the bsp connection to come up...
2024.03.23 09:55:05 ERROR Waiting for the bsp connection to come up...
2024.03.23 09:55:05 ERROR Waiting for the bsp connection to come up...
2024.03.23 09:55:05 ERROR Waiting for the bsp connection to come up...
2024.03.23 09:55:05 ERROR Waiting for the bsp connection to come up...
2024.03.23 09:55:05 ERROR Waiting for the bsp connection to come up...
2024.03.23 09:55:05 ERROR Waiting for the bsp connection to come up...
2024.03.23 09:55:05 ERROR Waiting for the bsp connection to come up...
2024.03.23 09:55:05 ERROR Waiting for the bsp connection to come up...
2024.03.23 09:55:05 ERROR Waiting for the bsp connection to come up...
2024.03.23 09:55:05 ERROR Waiting for the bsp connection to come up...
2024.03.23 09:55:05 ERROR Waiting for the bsp connection to come up...
2024.03.23 09:55:05 ERROR Waiting for the bsp connection to come up...
2024.03.23 09:55:05 ERROR Waiting for the bsp connection to come up...
2024.03.23 09:55:05 ERROR Waiting for the bsp connection to come up...
2024.03.23 09:55:05 ERROR Waiting for the bsp connection to come up...
2024.03.23 09:55:05 ERROR Waiting for the bsp connection to come up...
2024.03.23 09:55:05 ERROR Waiting for the bsp connection to come up...
2024.03.23 09:55:05 ERROR Waiting for the bsp connection to come up...
2024.03.23 09:55:05 ERROR Waiting for the bsp connection to come up...
2024.03.23 09:55:05 ERROR Waiting for the bsp connection to come up...
2024.03.23 09:55:05 ERROR Waiting for the bsp connection to come up...
2024.03.23 09:55:05 ERROR Waiting for the bsp connection to come up...
2024.03.23 09:55:05 ERROR error: Giving up on waiting for a connection, printing embedded bloop logs:
2024.03.23 09:55:05 ERROR > 
2024.03.23 09:55:05 ERROR error: Trying a tcp-based connection to the server instead...
2024.03.23 09:55:05 ERROR Opening a bsp server connection with 'bsp --protocol tcp --port 28324'...
2024.03.23 09:55:05 ERROR Waiting for the bsp connection to come up...
2024.03.23 09:55:05 ERROR Waiting for the bsp connection to come up...
2024.03.23 09:55:05 ERROR Waiting for the bsp connection to come up...
2024.03.23 09:55:05 ERROR Waiting for the bsp connection to come up...
2024.03.23 09:55:05 ERROR Waiting for the bsp connection to come up...
2024.03.23 09:55:05 ERROR Waiting for the bsp connection to come up...
2024.03.23 09:55:05 ERROR Waiting for the bsp connection to come up...
2024.03.23 09:55:05 ERROR Waiting for the bsp connection to come up...
2024.03.23 09:55:05 ERROR Waiting for the bsp connection to come up...
2024.03.23 09:55:05 ERROR Waiting for the bsp connection to come up...
2024.03.23 09:55:05 ERROR Waiting for the bsp connection to come up...
2024.03.23 09:55:05 ERROR Waiting for the bsp connection to come up...
2024.03.23 09:55:05 ERROR Waiting for the bsp connection to come up...
2024.03.23 09:55:05 ERROR Waiting for the bsp connection to come up...
2024.03.23 09:55:05 ERROR Waiting for the bsp connection to come up...
2024.03.23 09:55:05 ERROR Waiting for the bsp connection to come up...
2024.03.23 09:55:05 ERROR Waiting for the bsp connection to come up...
2024.03.23 09:55:05 ERROR Waiting for the bsp connection to come up...
2024.03.23 09:55:05 ERROR Waiting for the bsp connection to come up...
2024.03.23 09:55:05 ERROR Waiting for the bsp connection to come up...
2024.03.23 09:55:05 ERROR Waiting for the bsp connection to come up...
2024.03.23 09:55:05 ERROR Waiting for the bsp connection to come up...
2024.03.23 09:55:05 ERROR Waiting for the bsp connection to come up...
2024.03.23 09:55:05 ERROR Waiting for the bsp connection to come up...
2024.03.23 09:55:05 ERROR Waiting for the bsp connection to come up...
2024.03.23 09:55:05 ERROR Waiting for the bsp connection to come up...
2024.03.23 09:55:05 ERROR Waiting for the bsp connection to come up...
2024.03.23 09:55:05 ERROR Waiting for the bsp connection to come up...
2024.03.23 09:55:05 ERROR Waiting for the bsp connection to come up...
2024.03.23 09:55:05 ERROR Waiting for the bsp connection to come up...
2024.03.23 09:55:05 ERROR Waiting for the bsp connection to come up...
2024.03.23 09:55:05 ERROR error: Giving up on waiting for a connection, printing embedded bloop logs:
2024.03.23 09:55:05 ERROR > 
2024.03.23 09:55:05 ERROR error: The launcher failed to establish a bsp connection, aborting...
2024.03.23 09:55:05 ERROR Failed to connect with build server, no functionality will work.
java.lang.RuntimeException: The server did not start, got FailedToOpenBspConnection
	at bloop.launcher.LauncherMain.failPromise$1(Launcher.scala:92)
	at bloop.launcher.LauncherMain.runLauncher(Launcher.scala:119)
	at scala.meta.internal.metals.BloopServers$$anon$2.run(BloopServers.scala:502)
	at java.util.concurrent.Executors$RunnableAdapter.call(Executors.java:515)
	at java.util.concurrent.FutureTask.run(FutureTask.java:264)
	at java.util.concurrent.ThreadPoolExecutor.runWorker(ThreadPoolExecutor.java:1128)
	at java.util.concurrent.ThreadPoolExecutor$Worker.run(ThreadPoolExecutor.java:628)
	at java.lang.Thread.run(Thread.java:829)

2024.03.23 09:57:11 WARN  no build target for: /home/phuonglh/courses/bda/bankmarketing/build.sbt
2024.03.23 09:57:11 INFO  skipping build import with status 'Installed'
2024.03.23 09:57:16 WARN  no build target for: /home/phuonglh/courses/bda/bankmarketing/build.sbt
2024.03.23 09:57:16 INFO  skipping build import with status 'Installed'
2024.04.06 10:25:28 INFO  Started: Metals version 1.2.2 in folders '/home/ubuntu/Personal/Spark_Big_Data/bankmarketing' for client Visual Studio Code 1.88.0.
10:25:32.690 [pool-1-thread-4] INFO org.flywaydb.core.internal.license.VersionPrinter -- Flyway Community Edition 9.22.3 by Redgate
10:25:32.691 [pool-1-thread-4] INFO org.flywaydb.core.internal.license.VersionPrinter -- See release notes here: https://rd.gt/416ObMi
10:25:32.691 [pool-1-thread-4] INFO org.flywaydb.core.internal.license.VersionPrinter -- 
10:25:32.693 [pool-1-thread-4] DEBUG org.flywaydb.core.internal.scanner.classpath.ClassPathScanner -- Scanning for classpath resources at 'classpath:db/callback' ...
10:25:32.693 [pool-1-thread-4] DEBUG org.flywaydb.core.internal.scanner.classpath.ClassPathScanner -- Determining location urls for classpath:db/callback using ClassLoader jdk.internal.loader.ClassLoaders$AppClassLoader@55054057 ...
10:25:32.693 [pool-1-thread-4] DEBUG org.flywaydb.core.internal.scanner.classpath.ClassPathScanner -- Unable to resolve location classpath:db/callback.
10:25:32.693 [pool-1-thread-4] DEBUG org.flywaydb.core.internal.scanner.classpath.ClassPathScanner -- Scanning for classpath resources at 'classpath:db/migration' ...
10:25:32.693 [pool-1-thread-4] DEBUG org.flywaydb.core.internal.scanner.classpath.ClassPathScanner -- Determining location urls for classpath:db/migration using ClassLoader jdk.internal.loader.ClassLoaders$AppClassLoader@55054057 ...
10:25:32.694 [pool-1-thread-4] DEBUG org.flywaydb.core.internal.scanner.classpath.ClassPathScanner -- Scanning URL: jar:file:/home/ubuntu/.cache/coursier/v1/https/repo1.maven.org/maven2/org/scalameta/metals_2.13/1.2.2/metals_2.13-1.2.2.jar!/db/migration
10:25:32.696 [pool-1-thread-4] DEBUG org.flywaydb.core.internal.scanner.classpath.ClassPathScanner -- Found resource: db/migration/
10:25:32.697 [pool-1-thread-4] DEBUG org.flywaydb.core.internal.scanner.classpath.ClassPathScanner -- Found resource: db/migration/V1__Create_tables.sql
10:25:32.697 [pool-1-thread-4] DEBUG org.flywaydb.core.internal.scanner.classpath.ClassPathScanner -- Found resource: db/migration/V2__Server_discovery.sql
10:25:32.697 [pool-1-thread-4] DEBUG org.flywaydb.core.internal.scanner.classpath.ClassPathScanner -- Found resource: db/migration/V3__Jar_symbols.sql
10:25:32.697 [pool-1-thread-4] DEBUG org.flywaydb.core.internal.scanner.classpath.ClassPathScanner -- Found resource: db/migration/V4__Fingerprints.sql
10:25:32.697 [pool-1-thread-4] DEBUG org.flywaydb.core.internal.scanner.classpath.ClassPathScanner -- Scanning for classes at classpath:db/migration
10:25:32.699 [pool-1-thread-4] DEBUG org.flywaydb.core.internal.scanner.Scanner -- Filtering out resource: db/migration/ (filename: )
10:25:32.699 [pool-1-thread-4] DEBUG org.flywaydb.core.internal.resource.ResourceNameValidator -- Validating V3__Jar_symbols.sql
10:25:32.699 [pool-1-thread-4] DEBUG org.flywaydb.core.internal.resource.ResourceNameValidator -- Validating V4__Fingerprints.sql
10:25:32.699 [pool-1-thread-4] DEBUG org.flywaydb.core.internal.resource.ResourceNameValidator -- Validating V2__Server_discovery.sql
10:25:32.700 [pool-1-thread-4] DEBUG org.flywaydb.core.internal.resource.ResourceNameValidator -- Validating V1__Create_tables.sql
10:25:32.763 [pool-1-thread-4] INFO org.flywaydb.core.FlywayExecutor -- Database: jdbc:h2:file:/home/ubuntu/Personal/Spark_Big_Data/bankmarketing/.metals/metals (H2 2.2)
10:25:32.763 [pool-1-thread-4] DEBUG org.flywaydb.core.FlywayExecutor -- Driver: H2 JDBC Driver 2.2.224 (2023-09-17)
10:25:32.763 [pool-1-thread-4] DEBUG org.flywaydb.core.FlywayExecutor -- DDL Transactions Supported: false
10:25:32.764 [pool-1-thread-4] DEBUG org.flywaydb.core.internal.schemahistory.SchemaHistoryFactory -- Schemas: 
10:25:32.764 [pool-1-thread-4] DEBUG org.flywaydb.core.internal.schemahistory.SchemaHistoryFactory -- Default schema: null
10:25:32.768 [pool-1-thread-4] WARN org.flywaydb.core.internal.database.base.Database -- Flyway upgrade recommended: H2 2.2.224 is newer than this version of Flyway and support has not been tested. The latest supported version of H2 is 2.2.220.
10:25:32.769 [pool-1-thread-4] DEBUG org.flywaydb.core.internal.callback.SqlScriptCallbackFactory -- Scanning for SQL callbacks ...
10:25:32.769 [pool-1-thread-4] DEBUG org.flywaydb.core.internal.scanner.Scanner -- Filtering out resource: db/migration/ (filename: )
10:25:32.776 [pool-1-thread-4] DEBUG org.flywaydb.core.internal.command.DbValidate -- Validating migrations ...
10:25:32.780 [pool-1-thread-4] DEBUG org.flywaydb.core.internal.scanner.Scanner -- Filtering out resource: db/migration/ (filename: )
10:25:32.786 [pool-1-thread-4] DEBUG org.flywaydb.core.internal.scanner.Scanner -- Filtering out resource: db/migration/V3__Jar_symbols.sql (filename: V3__Jar_symbols.sql)
10:25:32.786 [pool-1-thread-4] DEBUG org.flywaydb.core.internal.scanner.Scanner -- Filtering out resource: db/migration/V4__Fingerprints.sql (filename: V4__Fingerprints.sql)
10:25:32.786 [pool-1-thread-4] DEBUG org.flywaydb.core.internal.scanner.Scanner -- Filtering out resource: db/migration/ (filename: )
10:25:32.786 [pool-1-thread-4] DEBUG org.flywaydb.core.internal.scanner.Scanner -- Filtering out resource: db/migration/V2__Server_discovery.sql (filename: V2__Server_discovery.sql)
10:25:32.786 [pool-1-thread-4] DEBUG org.flywaydb.core.internal.scanner.Scanner -- Filtering out resource: db/migration/V1__Create_tables.sql (filename: V1__Create_tables.sql)
10:25:32.787 [pool-1-thread-4] DEBUG org.flywaydb.core.internal.scanner.Scanner -- Filtering out resource: db/migration/V3__Jar_symbols.sql (filename: V3__Jar_symbols.sql)
10:25:32.787 [pool-1-thread-4] DEBUG org.flywaydb.core.internal.scanner.Scanner -- Filtering out resource: db/migration/V4__Fingerprints.sql (filename: V4__Fingerprints.sql)
10:25:32.787 [pool-1-thread-4] DEBUG org.flywaydb.core.internal.scanner.Scanner -- Filtering out resource: db/migration/ (filename: )
10:25:32.787 [pool-1-thread-4] DEBUG org.flywaydb.core.internal.scanner.Scanner -- Filtering out resource: db/migration/V2__Server_discovery.sql (filename: V2__Server_discovery.sql)
10:25:32.787 [pool-1-thread-4] DEBUG org.flywaydb.core.internal.scanner.Scanner -- Filtering out resource: db/migration/V1__Create_tables.sql (filename: V1__Create_tables.sql)
10:25:32.797 [pool-1-thread-4] INFO org.flywaydb.core.internal.command.DbValidate -- Successfully validated 4 migrations (execution time 00:00.019s)
10:25:32.799 [pool-1-thread-4] DEBUG org.flywaydb.core.internal.command.DbSchemas -- Skipping creation of existing schema: "PUBLIC"
10:25:32.803 [pool-1-thread-4] INFO org.flywaydb.core.internal.command.DbMigrate -- Current version of schema "PUBLIC": 4
10:25:32.807 [pool-1-thread-4] INFO org.flywaydb.core.internal.command.DbMigrate -- Schema "PUBLIC" is up to date. No migration necessary.
10:25:32.818 [pool-1-thread-4] DEBUG org.flywaydb.core.FlywayExecutor -- Memory usage: 51 of 102M
2024.04.06 10:25:33 INFO  Attempting to connect to the build server...
2024.04.06 10:25:33 INFO  Bloop uses /usr/lib/jvm/java-11-openjdk-amd64 defined at /home/ubuntu/.bloop/bloop.json
2024.04.06 10:25:38 INFO  no build target found for /home/ubuntu/Personal/Spark_Big_Data/bankmarketing/src/main/scala/example/BankMarketing.scala. Using presentation compiler with project's scala-library version: 3.3.1
2024.04.06 10:25:41 INFO  tracing is disabled for protocol BSP, to enable tracing of incoming and outgoing JSON messages create an empty file at /home/ubuntu/Personal/Spark_Big_Data/bankmarketing/.metals/bsp.trace.json or /home/ubuntu/.cache/metals/bsp.trace.json
2024.04.06 10:25:41 INFO  Attempting to connect to the build server...
2024.04.06 10:25:41 INFO  Bloop uses /usr/lib/jvm/java-11-openjdk-amd64 defined at /home/ubuntu/.bloop/bloop.json
2024.04.06 10:25:41 INFO  Attempting to connect to the build server...
2024.04.06 10:25:41 INFO  Bloop uses /usr/lib/jvm/java-11-openjdk-amd64 defined at /home/ubuntu/.bloop/bloop.json
2024.04.06 10:25:41 INFO  tracing is disabled for protocol BSP, to enable tracing of incoming and outgoing JSON messages create an empty file at /home/ubuntu/Personal/Spark_Big_Data/bankmarketing/project/project/.metals/bsp.trace.json or /home/ubuntu/.cache/metals/bsp.trace.json
2024.04.06 10:25:41 INFO  tracing is disabled for protocol BSP, to enable tracing of incoming and outgoing JSON messages create an empty file at /home/ubuntu/Personal/Spark_Big_Data/bankmarketing/project/.metals/bsp.trace.json or /home/ubuntu/.cache/metals/bsp.trace.json
2024.04.06 10:25:41 INFO  time: Connected to build server in 8.32s
2024.04.06 10:25:41 INFO  Connected to Build server: Bloop v1.5.15
2024.04.06 10:25:41 INFO  time: Imported build in 0.19s
2024.04.06 10:25:44 WARN  Could not find java sources in /usr/lib/jvm/src.zip, /usr/lib/jvm/lib/src.zip, /usr/lib/jvm/java-11-openjdk-amd64/src.zip, /usr/lib/jvm/java-11-openjdk-amd64/lib/src.zip, /usr/lib/jvm/src.zip, /usr/lib/jvm/lib/src.zip, /usr/lib/jvm/java-11-openjdk-amd64/src.zip, /usr/lib/jvm/java-11-openjdk-amd64/lib/src.zip. Java symbols will not be available.
2024.04.06 10:25:51 WARN  Could not find java sources in /usr/lib/jvm/src.zip, /usr/lib/jvm/lib/src.zip, /usr/lib/jvm/java-11-openjdk-amd64/src.zip, /usr/lib/jvm/java-11-openjdk-amd64/lib/src.zip, /usr/lib/jvm/src.zip, /usr/lib/jvm/lib/src.zip, /usr/lib/jvm/java-11-openjdk-amd64/src.zip, /usr/lib/jvm/java-11-openjdk-amd64/lib/src.zip. Java symbols will not be available.
2024.04.06 10:25:51 WARN  Could not find java sources in /usr/lib/jvm/src.zip, /usr/lib/jvm/lib/src.zip, /usr/lib/jvm/java-11-openjdk-amd64/src.zip, /usr/lib/jvm/java-11-openjdk-amd64/lib/src.zip, /usr/lib/jvm/src.zip, /usr/lib/jvm/lib/src.zip, /usr/lib/jvm/java-11-openjdk-amd64/src.zip, /usr/lib/jvm/java-11-openjdk-amd64/lib/src.zip. Java symbols will not be available.
2024.04.06 10:25:51 INFO  time: indexed workspace in 9.99s
2024.04.06 10:27:33 INFO  compiling root (1 scala source)
2024.04.06 10:27:36 INFO  time: compiled root in 2.86s
Apr 06, 2024 10:27:51 AM org.eclipse.lsp4j.jsonrpc.RemoteEndpoint handleCancellation
WARNING: Unmatched cancel notification for request id 138
Apr 06, 2024 10:27:51 AM org.eclipse.lsp4j.jsonrpc.RemoteEndpoint handleCancellation
WARNING: Unmatched cancel notification for request id 140
Apr 06, 2024 10:27:54 AM org.eclipse.lsp4j.jsonrpc.RemoteEndpoint handleCancellation
WARNING: Unmatched cancel notification for request id 157
Apr 06, 2024 10:27:54 AM org.eclipse.lsp4j.jsonrpc.RemoteEndpoint handleCancellation
WARNING: Unmatched cancel notification for request id 158
Apr 06, 2024 10:27:54 AM org.eclipse.lsp4j.jsonrpc.RemoteEndpoint handleCancellation
WARNING: Unmatched cancel notification for request id 159
Apr 06, 2024 10:31:28 AM org.eclipse.lsp4j.jsonrpc.RemoteEndpoint handleCancellation
WARNING: Unmatched cancel notification for request id 254
Apr 06, 2024 10:31:30 AM scala.meta.internal.pc.CompilerAccess retryWithCleanCompiler
INFO: compiler crashed due to an error in the Scala compiler, retrying with new compiler instance.
something's wrong: no file:///home/ubuntu/Personal/Spark_Big_Data/bankmarketing/src/main/scala/example/Tweeter.scala in Array[<error>]RangePosition(file:///home/ubuntu/Personal/Spark_Big_Data/bankmarketing/src/main/scala/example/Tweeter.scala, 94, 94, 109)
something's wrong: no file:///home/ubuntu/Personal/Spark_Big_Data/bankmarketing/src/main/scala/example/Tweeter.scala in Array[<error>]RangePosition(file:///home/ubuntu/Personal/Spark_Big_Data/bankmarketing/src/main/scala/example/Tweeter.scala, 94, 94, 102)
something's wrong: no file:///home/ubuntu/Personal/Spark_Big_Data/bankmarketing/src/main/scala/example/Tweeter.scala in Array[<error>]RangePosition(file:///home/ubuntu/Personal/Spark_Big_Data/bankmarketing/src/main/scala/example/Tweeter.scala, 94, 94, 105)
something's wrong: no file:///home/ubuntu/Personal/Spark_Big_Data/bankmarketing/src/main/scala/example/Tweeter.scala in Array[<error>]RangePosition(file:///home/ubuntu/Personal/Spark_Big_Data/bankmarketing/src/main/scala/example/Tweeter.scala, 94, 94, 106)
Apr 06, 2024 10:31:44 AM scala.meta.internal.pc.CompilerAccess retryWithCleanCompiler
INFO: compiler crashed due to an error in the Scala compiler, retrying with new compiler instance.
Apr 06, 2024 10:35:52 AM org.eclipse.lsp4j.jsonrpc.RemoteEndpoint handleCancellation
WARNING: Unmatched cancel notification for request id 1597
Apr 06, 2024 10:39:08 AM org.eclipse.lsp4j.jsonrpc.RemoteEndpoint handleCancellation
WARNING: Unmatched cancel notification for request id 2054
Apr 06, 2024 10:39:28 AM org.eclipse.lsp4j.jsonrpc.RemoteEndpoint handleCancellation
WARNING: Unmatched cancel notification for request id 2149
Apr 06, 2024 10:39:46 AM org.eclipse.lsp4j.jsonrpc.RemoteEndpoint fallbackResponseError
SEVERE: Internal error: scala.reflect.internal.Symbols$CyclicReference: illegal cyclic reference involving class Tweeter
java.util.concurrent.CompletionException: scala.reflect.internal.Symbols$CyclicReference: illegal cyclic reference involving class Tweeter
	at java.base/java.util.concurrent.CompletableFuture.encodeThrowable(CompletableFuture.java:314)
	at java.base/java.util.concurrent.CompletableFuture.completeThrowable(CompletableFuture.java:319)
	at java.base/java.util.concurrent.CompletableFuture$UniAccept.tryFire(CompletableFuture.java:718)
	at java.base/java.util.concurrent.CompletableFuture.postComplete(CompletableFuture.java:506)
	at java.base/java.util.concurrent.CompletableFuture.complete(CompletableFuture.java:2079)
	at scala.meta.internal.metals.CancelTokens$.$anonfun$future$1(CancelTokens.scala:42)
	at scala.meta.internal.metals.CancelTokens$.$anonfun$future$1$adapted(CancelTokens.scala:38)
	at scala.concurrent.impl.Promise$Transformation.run(Promise.scala:484)
	at java.base/java.util.concurrent.ThreadPoolExecutor.runWorker(ThreadPoolExecutor.java:1128)
	at java.base/java.util.concurrent.ThreadPoolExecutor$Worker.run(ThreadPoolExecutor.java:628)
	at java.base/java.lang.Thread.run(Thread.java:829)
Caused by: scala.reflect.internal.Symbols$CyclicReference: illegal cyclic reference involving class Tweeter

Apr 06, 2024 10:49:51 AM org.eclipse.lsp4j.jsonrpc.RemoteEndpoint handleCancellation
WARNING: Unmatched cancel notification for request id 3175
Apr 06, 2024 10:54:06 AM scala.meta.internal.pc.CompletionProvider expected$1
WARNING: offset 1074, count -1, length 1091
Apr 06, 2024 10:54:15 AM org.eclipse.lsp4j.jsonrpc.RemoteEndpoint handleCancellation
WARNING: Unmatched cancel notification for request id 3462
Apr 06, 2024 10:55:40 AM org.eclipse.lsp4j.jsonrpc.RemoteEndpoint handleCancellation
WARNING: Unmatched cancel notification for request id 3679
2024.04.06 10:56:05 ERROR Failed to tokenize input for semantic tokens for /home/ubuntu/Personal/Spark_Big_Data/bankmarketing/src/main/scala/example/Tweeter.scala
scala.meta.tokenizers.TokenizeException: <input>:29: error: `$$', `$'ident, `$'this, `$'BlockExpr`$'_
        printf(s"F1 score = $") 
                 ^
	at scala.meta.internal.tokenizers.Reporter.syntaxError(Reporter.scala:23)
	at scala.meta.internal.tokenizers.Reporter.syntaxError$(Reporter.scala:23)
	at scala.meta.internal.tokenizers.Reporter$$anon$1.syntaxError(Reporter.scala:33)
	at scala.meta.internal.tokenizers.Reporter.syntaxError(Reporter.scala:25)
	at scala.meta.internal.tokenizers.Reporter.syntaxError$(Reporter.scala:25)
	at scala.meta.internal.tokenizers.Reporter$$anon$1.syntaxError(Reporter.scala:33)
	at scala.meta.internal.tokenizers.LegacyScanner.getStringPart(LegacyScanner.scala:649)
	at scala.meta.internal.tokenizers.LegacyScanner.fetchDoubleQuote$1(LegacyScanner.scala:357)
	at scala.meta.internal.tokenizers.LegacyScanner.fetchToken(LegacyScanner.scala:376)
	at scala.meta.internal.tokenizers.LegacyScanner.nextToken(LegacyScanner.scala:211)
	at scala.meta.internal.tokenizers.LegacyScanner.foreach(LegacyScanner.scala:1011)
	at scala.meta.internal.tokenizers.ScalametaTokenizer.uncachedTokenize(ScalametaTokenizer.scala:24)
	at scala.meta.internal.tokenizers.ScalametaTokenizer.$anonfun$tokenize$1(ScalametaTokenizer.scala:17)
	at scala.collection.concurrent.TrieMap.getOrElseUpdate(TrieMap.scala:962)
	at scala.meta.internal.tokenizers.ScalametaTokenizer.tokenize(ScalametaTokenizer.scala:17)
	at scala.meta.internal.tokenizers.ScalametaTokenizer$$anon$2.apply(ScalametaTokenizer.scala:332)
	at scala.meta.tokenizers.Api$XtensionTokenizeDialectInput.tokenize(Api.scala:25)
	at scala.meta.tokenizers.Api$XtensionTokenizeInputLike.tokenize(Api.scala:14)
	at scala.meta.internal.metals.SemanticTokensProvider$.getTokens(SemanticTokensProvider.scala:30)
	at scala.meta.internal.metals.SemanticTokensProvider$.provide(SemanticTokensProvider.scala:89)
	at scala.meta.internal.metals.Compilers.$anonfun$semanticTokens$3(Compilers.scala:541)
	at scala.concurrent.impl.Promise$Transformation.run(Promise.scala:467)
	at java.util.concurrent.ThreadPoolExecutor.runWorker(ThreadPoolExecutor.java:1128)
	at java.util.concurrent.ThreadPoolExecutor$Worker.run(ThreadPoolExecutor.java:628)
	at java.lang.Thread.run(Thread.java:829)

2024.04.06 10:56:17 INFO  compiling root (1 scala source)
2024.04.06 10:56:17 INFO  time: compiled root in 0.65s
Apr 06, 2024 11:02:33 AM org.eclipse.lsp4j.jsonrpc.RemoteEndpoint handleCancellation
WARNING: Unmatched cancel notification for request id 3941
2024.04.06 11:02:34 WARN  Using indexes to guess the definition of Tokenizer
2024.04.06 11:02:34 INFO  compiling root (1 scala source)
2024.04.06 11:02:34 INFO  time: compiled root in 0.4s
2024.04.06 11:02:37 INFO  Shutting down server
2024.04.06 11:02:37 INFO  shutting down Metals
2024.04.06 11:02:37 INFO  Shut down connection with build server.
2024.04.06 11:02:37 INFO  Shut down connection with build server.
2024.04.06 11:02:37 INFO  Shut down connection with build server.
2024.04.06 11:02:37 INFO  Exiting server
2024.04.06 11:02:37 ERROR Unexpected error initializing server: 
org.eclipse.lsp4j.jsonrpc.ResponseErrorException: Request window/showMessageRequest failed with message: Canceled
	at org.eclipse.lsp4j.jsonrpc.RemoteEndpoint.handleResponse(RemoteEndpoint.java:209)
	at org.eclipse.lsp4j.jsonrpc.RemoteEndpoint.consume(RemoteEndpoint.java:193)
	at org.eclipse.lsp4j.jsonrpc.json.StreamMessageProducer.handleMessage(StreamMessageProducer.java:194)
	at org.eclipse.lsp4j.jsonrpc.json.StreamMessageProducer.listen(StreamMessageProducer.java:94)
	at org.eclipse.lsp4j.jsonrpc.json.ConcurrentMessageProcessor.run(ConcurrentMessageProcessor.java:113)
	at java.util.concurrent.Executors$RunnableAdapter.call(Executors.java:515)
	at java.util.concurrent.FutureTask.run(FutureTask.java:264)
	at java.util.concurrent.ThreadPoolExecutor.runWorker(ThreadPoolExecutor.java:1128)
	at java.util.concurrent.ThreadPoolExecutor$Worker.run(ThreadPoolExecutor.java:628)
	at java.lang.Thread.run(Thread.java:829)

2024.04.08 09:37:28 INFO  Started: Metals version 1.2.2 in folders '/home/ubuntu/Personal/Spark_Big_Data/bankmarketing' for client Visual Studio Code 1.88.0.
09:37:28.917 [pool-1-thread-1] INFO org.flywaydb.core.internal.license.VersionPrinter -- Flyway Community Edition 9.22.3 by Redgate
09:37:28.918 [pool-1-thread-1] INFO org.flywaydb.core.internal.license.VersionPrinter -- See release notes here: https://rd.gt/416ObMi
09:37:28.919 [pool-1-thread-1] INFO org.flywaydb.core.internal.license.VersionPrinter -- 
09:37:28.920 [pool-1-thread-1] DEBUG org.flywaydb.core.internal.scanner.classpath.ClassPathScanner -- Scanning for classpath resources at 'classpath:db/callback' ...
09:37:28.920 [pool-1-thread-1] DEBUG org.flywaydb.core.internal.scanner.classpath.ClassPathScanner -- Determining location urls for classpath:db/callback using ClassLoader jdk.internal.loader.ClassLoaders$AppClassLoader@55054057 ...
09:37:28.920 [pool-1-thread-1] DEBUG org.flywaydb.core.internal.scanner.classpath.ClassPathScanner -- Unable to resolve location classpath:db/callback.
09:37:28.920 [pool-1-thread-1] DEBUG org.flywaydb.core.internal.scanner.classpath.ClassPathScanner -- Scanning for classpath resources at 'classpath:db/migration' ...
09:37:28.920 [pool-1-thread-1] DEBUG org.flywaydb.core.internal.scanner.classpath.ClassPathScanner -- Determining location urls for classpath:db/migration using ClassLoader jdk.internal.loader.ClassLoaders$AppClassLoader@55054057 ...
09:37:28.920 [pool-1-thread-1] DEBUG org.flywaydb.core.internal.scanner.classpath.ClassPathScanner -- Scanning URL: jar:file:/home/ubuntu/.cache/coursier/v1/https/repo1.maven.org/maven2/org/scalameta/metals_2.13/1.2.2/metals_2.13-1.2.2.jar!/db/migration
09:37:28.922 [pool-1-thread-1] DEBUG org.flywaydb.core.internal.scanner.classpath.ClassPathScanner -- Found resource: db/migration/
09:37:28.922 [pool-1-thread-1] DEBUG org.flywaydb.core.internal.scanner.classpath.ClassPathScanner -- Found resource: db/migration/V1__Create_tables.sql
09:37:28.922 [pool-1-thread-1] DEBUG org.flywaydb.core.internal.scanner.classpath.ClassPathScanner -- Found resource: db/migration/V2__Server_discovery.sql
09:37:28.922 [pool-1-thread-1] DEBUG org.flywaydb.core.internal.scanner.classpath.ClassPathScanner -- Found resource: db/migration/V3__Jar_symbols.sql
09:37:28.922 [pool-1-thread-1] DEBUG org.flywaydb.core.internal.scanner.classpath.ClassPathScanner -- Found resource: db/migration/V4__Fingerprints.sql
09:37:28.922 [pool-1-thread-1] DEBUG org.flywaydb.core.internal.scanner.classpath.ClassPathScanner -- Scanning for classes at classpath:db/migration
09:37:28.924 [pool-1-thread-1] DEBUG org.flywaydb.core.internal.scanner.Scanner -- Filtering out resource: db/migration/ (filename: )
09:37:28.924 [pool-1-thread-1] DEBUG org.flywaydb.core.internal.resource.ResourceNameValidator -- Validating V3__Jar_symbols.sql
09:37:28.924 [pool-1-thread-1] DEBUG org.flywaydb.core.internal.resource.ResourceNameValidator -- Validating V4__Fingerprints.sql
09:37:28.924 [pool-1-thread-1] DEBUG org.flywaydb.core.internal.resource.ResourceNameValidator -- Validating V2__Server_discovery.sql
09:37:28.924 [pool-1-thread-1] DEBUG org.flywaydb.core.internal.resource.ResourceNameValidator -- Validating V1__Create_tables.sql
09:37:28.996 [pool-1-thread-1] INFO org.flywaydb.core.FlywayExecutor -- Database: jdbc:h2:file:/home/ubuntu/Personal/Spark_Big_Data/bankmarketing/.metals/metals (H2 2.2)
09:37:28.996 [pool-1-thread-1] DEBUG org.flywaydb.core.FlywayExecutor -- Driver: H2 JDBC Driver 2.2.224 (2023-09-17)
09:37:28.996 [pool-1-thread-1] DEBUG org.flywaydb.core.FlywayExecutor -- DDL Transactions Supported: false
09:37:28.997 [pool-1-thread-1] DEBUG org.flywaydb.core.internal.schemahistory.SchemaHistoryFactory -- Schemas: 
09:37:28.997 [pool-1-thread-1] DEBUG org.flywaydb.core.internal.schemahistory.SchemaHistoryFactory -- Default schema: null
09:37:29.001 [pool-1-thread-1] WARN org.flywaydb.core.internal.database.base.Database -- Flyway upgrade recommended: H2 2.2.224 is newer than this version of Flyway and support has not been tested. The latest supported version of H2 is 2.2.220.
09:37:29.002 [pool-1-thread-1] DEBUG org.flywaydb.core.internal.callback.SqlScriptCallbackFactory -- Scanning for SQL callbacks ...
09:37:29.002 [pool-1-thread-1] DEBUG org.flywaydb.core.internal.scanner.Scanner -- Filtering out resource: db/migration/ (filename: )
09:37:29.009 [pool-1-thread-1] DEBUG org.flywaydb.core.internal.command.DbValidate -- Validating migrations ...
09:37:29.012 [pool-1-thread-1] DEBUG org.flywaydb.core.internal.scanner.Scanner -- Filtering out resource: db/migration/ (filename: )
09:37:29.019 [pool-1-thread-1] DEBUG org.flywaydb.core.internal.scanner.Scanner -- Filtering out resource: db/migration/V3__Jar_symbols.sql (filename: V3__Jar_symbols.sql)
09:37:29.019 [pool-1-thread-1] DEBUG org.flywaydb.core.internal.scanner.Scanner -- Filtering out resource: db/migration/V4__Fingerprints.sql (filename: V4__Fingerprints.sql)
09:37:29.019 [pool-1-thread-1] DEBUG org.flywaydb.core.internal.scanner.Scanner -- Filtering out resource: db/migration/ (filename: )
09:37:29.019 [pool-1-thread-1] DEBUG org.flywaydb.core.internal.scanner.Scanner -- Filtering out resource: db/migration/V2__Server_discovery.sql (filename: V2__Server_discovery.sql)
09:37:29.019 [pool-1-thread-1] DEBUG org.flywaydb.core.internal.scanner.Scanner -- Filtering out resource: db/migration/V1__Create_tables.sql (filename: V1__Create_tables.sql)
09:37:29.020 [pool-1-thread-1] DEBUG org.flywaydb.core.internal.scanner.Scanner -- Filtering out resource: db/migration/V3__Jar_symbols.sql (filename: V3__Jar_symbols.sql)
09:37:29.020 [pool-1-thread-1] DEBUG org.flywaydb.core.internal.scanner.Scanner -- Filtering out resource: db/migration/V4__Fingerprints.sql (filename: V4__Fingerprints.sql)
09:37:29.020 [pool-1-thread-1] DEBUG org.flywaydb.core.internal.scanner.Scanner -- Filtering out resource: db/migration/ (filename: )
09:37:29.020 [pool-1-thread-1] DEBUG org.flywaydb.core.internal.scanner.Scanner -- Filtering out resource: db/migration/V2__Server_discovery.sql (filename: V2__Server_discovery.sql)
09:37:29.020 [pool-1-thread-1] DEBUG org.flywaydb.core.internal.scanner.Scanner -- Filtering out resource: db/migration/V1__Create_tables.sql (filename: V1__Create_tables.sql)
09:37:29.030 [pool-1-thread-1] INFO org.flywaydb.core.internal.command.DbValidate -- Successfully validated 4 migrations (execution time 00:00.020s)
09:37:29.032 [pool-1-thread-1] DEBUG org.flywaydb.core.internal.command.DbSchemas -- Skipping creation of existing schema: "PUBLIC"
09:37:29.037 [pool-1-thread-1] INFO org.flywaydb.core.internal.command.DbMigrate -- Current version of schema "PUBLIC": 4
09:37:29.041 [pool-1-thread-1] INFO org.flywaydb.core.internal.command.DbMigrate -- Schema "PUBLIC" is up to date. No migration necessary.
09:37:29.053 [pool-1-thread-1] DEBUG org.flywaydb.core.FlywayExecutor -- Memory usage: 46 of 102M
2024.04.08 09:37:29 INFO  skipping build import with status 'Installed'
2024.04.08 09:37:29 INFO  Attempting to connect to the build server...
2024.04.08 09:37:29 INFO  Bloop uses /usr/lib/jvm/java-11-openjdk-amd64 defined at /home/ubuntu/.bloop/bloop.json
2024.04.08 09:37:33 INFO  no build target found for /home/ubuntu/Personal/Spark_Big_Data/bankmarketing/src/main/scala/example/Tweeter.scala. Using presentation compiler with project's scala-library version: 3.3.1
2024.04.08 09:37:37 INFO  tracing is disabled for protocol BSP, to enable tracing of incoming and outgoing JSON messages create an empty file at /home/ubuntu/Personal/Spark_Big_Data/bankmarketing/.metals/bsp.trace.json or /home/ubuntu/.cache/metals/bsp.trace.json
2024.04.08 09:37:37 INFO  Attempting to connect to the build server...
2024.04.08 09:37:37 INFO  Bloop uses /usr/lib/jvm/java-11-openjdk-amd64 defined at /home/ubuntu/.bloop/bloop.json
2024.04.08 09:37:37 INFO  Attempting to connect to the build server...
2024.04.08 09:37:37 INFO  Bloop uses /usr/lib/jvm/java-11-openjdk-amd64 defined at /home/ubuntu/.bloop/bloop.json
2024.04.08 09:37:37 INFO  tracing is disabled for protocol BSP, to enable tracing of incoming and outgoing JSON messages create an empty file at /home/ubuntu/Personal/Spark_Big_Data/bankmarketing/project/project/.metals/bsp.trace.json or /home/ubuntu/.cache/metals/bsp.trace.json
2024.04.08 09:37:37 INFO  tracing is disabled for protocol BSP, to enable tracing of incoming and outgoing JSON messages create an empty file at /home/ubuntu/Personal/Spark_Big_Data/bankmarketing/project/.metals/bsp.trace.json or /home/ubuntu/.cache/metals/bsp.trace.json
2024.04.08 09:37:37 INFO  time: Connected to build server in 8.39s
2024.04.08 09:37:37 INFO  Connected to Build server: Bloop v1.5.15
2024.04.08 09:37:37 INFO  time: Imported build in 0.14s
2024.04.08 09:37:39 WARN  Could not find java sources in /usr/lib/jvm/src.zip, /usr/lib/jvm/lib/src.zip, /usr/lib/jvm/java-11-openjdk-amd64/src.zip, /usr/lib/jvm/java-11-openjdk-amd64/lib/src.zip, /usr/lib/jvm/src.zip, /usr/lib/jvm/lib/src.zip, /usr/lib/jvm/java-11-openjdk-amd64/src.zip, /usr/lib/jvm/java-11-openjdk-amd64/lib/src.zip. Java symbols will not be available.
2024.04.08 09:37:39 WARN  Could not find java sources in /usr/lib/jvm/src.zip, /usr/lib/jvm/lib/src.zip, /usr/lib/jvm/java-11-openjdk-amd64/src.zip, /usr/lib/jvm/java-11-openjdk-amd64/lib/src.zip, /usr/lib/jvm/src.zip, /usr/lib/jvm/lib/src.zip, /usr/lib/jvm/java-11-openjdk-amd64/src.zip, /usr/lib/jvm/java-11-openjdk-amd64/lib/src.zip. Java symbols will not be available.
2024.04.08 09:37:39 WARN  Could not find java sources in /usr/lib/jvm/src.zip, /usr/lib/jvm/lib/src.zip, /usr/lib/jvm/java-11-openjdk-amd64/src.zip, /usr/lib/jvm/java-11-openjdk-amd64/lib/src.zip, /usr/lib/jvm/src.zip, /usr/lib/jvm/lib/src.zip, /usr/lib/jvm/java-11-openjdk-amd64/src.zip, /usr/lib/jvm/java-11-openjdk-amd64/lib/src.zip. Java symbols will not be available.
2024.04.08 09:37:39 INFO  time: indexed workspace in 2.58s
2024.04.08 09:37:41 INFO  compiling root (1 scala source)
2024.04.08 09:37:42 INFO  time: compiled root in 1.56s
2024.04.08 09:37:42 INFO  compiling root (1 scala source)
2024.04.08 09:37:42 INFO  time: compiled root in 0.27s
2024.04.08 09:38:19 INFO  compiling root (1 scala source)
2024.04.08 09:38:19 INFO  time: compiled root in 0.19s
2024.06.27 10:04:45 INFO  Started: Metals version 1.3.2 in folders 'D:\VIRACE\Big_data_scala' for client Visual Studio Code 1.89.0.
SLF4J(W): Class path contains multiple SLF4J providers.
SLF4J(W): Found provider [scribe.slf4j.ScribeServiceProvider@15b77544]
SLF4J(W): Found provider [ch.qos.logback.classic.spi.LogbackServiceProvider@491a9af9]
SLF4J(W): See https://www.slf4j.org/codes.html#multiple_bindings for an explanation.
SLF4J(I): Actual provider is of type [scribe.slf4j.ScribeServiceProvider@15b77544]
2024.06.27 10:04:49 WARN  Flyway upgrade recommended: H2 2.2.224 is newer than this version of Flyway and support has not been tested. The latest supported version of H2 is 2.2.220.
2024.06.27 10:04:52 INFO  Attempting to connect to the build server...
2024.06.27 10:04:52 INFO  Setting up current java home C:\Java\jdk-17 in C:\Users\SonNguyen92\.bloop\bloop.json
2024.06.27 10:05:26 ERROR Starting the bsp launcher for bloop...
2024.06.27 10:05:26 ERROR Opening a bsp server connection with 'bsp --protocol tcp --port 44161'...
2024.06.27 10:05:26 ERROR Waiting for the bsp connection to come up...
2024.06.27 10:05:26 ERROR Waiting for the bsp connection to come up...
2024.06.27 10:05:26 ERROR Waiting for the bsp connection to come up...
2024.06.27 10:05:26 ERROR Waiting for the bsp connection to come up...
2024.06.27 10:05:26 ERROR Waiting for the bsp connection to come up...
2024.06.27 10:05:26 ERROR Waiting for the bsp connection to come up...
2024.06.27 10:05:26 ERROR Waiting for the bsp connection to come up...
2024.06.27 10:05:26 ERROR Waiting for the bsp connection to come up...
2024.06.27 10:05:26 ERROR Waiting for the bsp connection to come up...
2024.06.27 10:05:26 ERROR Waiting for the bsp connection to come up...
2024.06.27 10:05:26 ERROR Waiting for the bsp connection to come up...
2024.06.27 10:05:26 ERROR Waiting for the bsp connection to come up...
2024.06.27 10:05:26 ERROR Waiting for the bsp connection to come up...
2024.06.27 10:05:26 ERROR Waiting for the bsp connection to come up...
2024.06.27 10:05:26 ERROR Waiting for the bsp connection to come up...
2024.06.27 10:05:26 ERROR Waiting for the bsp connection to come up...
2024.06.27 10:05:26 ERROR Waiting for the bsp connection to come up...
2024.06.27 10:05:26 ERROR Waiting for the bsp connection to come up...
2024.06.27 10:05:26 ERROR error: The command bsp --protocol tcp --port 44161 returned with an error
2024.06.27 10:05:26 ERROR > No server running at 127.0.0.1:8212, let's fire one...
2024.06.27 10:05:26 ERROR > Resolving ch.epfl.scala:bloop-frontend_2.12:1.5.18...
2024.06.27 10:05:26 ERROR > Starting bloop server at 127.0.0.1:8212...
2024.06.27 10:05:26 ERROR > Attempting a connection to the server...
2024.06.27 10:05:26 ERROR > Attempting a connection to the server...
2024.06.27 10:05:26 ERROR > Attempting a connection to the server...
2024.06.27 10:05:26 ERROR > Attempting a connection to the server...
2024.06.27 10:05:26 ERROR > Attempting a connection to the server...
2024.06.27 10:05:26 ERROR > Attempting a connection to the server...
2024.06.27 10:05:26 ERROR > [0m[33m[W][0m Scala instance jar d:\home\ubuntu\.cache\coursier\v1\https\repo1.maven.org\maven2\org\scala-lang\scala-library\2.12.13\scala-library-2.12.13.jar doesn't exist!
2024.06.27 10:05:26 ERROR > [0m[33m[W][0m Scala instance jar d:\home\ubuntu\.cache\coursier\v1\https\repo1.maven.org\maven2\org\scala-lang\scala-library\2.12.13\scala-library-2.12.13.jar doesn't exist!
2024.06.27 10:05:26 ERROR > [0m[33m[W][0m Scala instance jar d:\home\ubuntu\.cache\coursier\v1\https\repo1.maven.org\maven2\org\scala-lang\scala-compiler\2.12.13\scala-compiler-2.12.13.jar doesn't exist!
2024.06.27 10:05:26 ERROR > [0m[33m[W][0m Scala instance jar d:\home\ubuntu\.cache\coursier\v1\https\repo1.maven.org\maven2\org\scala-lang\scala-reflect\2.12.13\scala-reflect-2.12.13.jar doesn't exist!
2024.06.27 10:05:26 ERROR > [0m[33m[W][0m Scala instance jar d:\home\ubuntu\.cache\coursier\v1\https\repo1.maven.org\maven2\org\scala-lang\modules\scala-xml_2.12\1.0.6\scala-xml_2.12-1.0.6.jar doesn't exist!
2024.06.27 10:05:26 ERROR > [0m[33m[W][0m Scala instance jar d:\home\ubuntu\.cache\coursier\v1\https\repo1.maven.org\maven2\jline\jline\2.14.6\jline-2.14.6.jar doesn't exist!
2024.06.27 10:05:26 ERROR > [0m[33m[W][0m Scala instance jar d:\home\ubuntu\.cache\coursier\v1\https\repo1.maven.org\maven2\org\fusesource\jansi\jansi\1.12\jansi-1.12.jar doesn't exist!
2024.06.27 10:05:26 ERROR > [0m[33m[W][0m Scala instance jar d:\home\ubuntu\.cache\coursier\v1\https\repo1.maven.org\maven2\org\scala-lang\scala-compiler\2.12.13\scala-compiler-2.12.13.jar doesn't exist!
2024.06.27 10:05:26 ERROR > [0m[33m[W][0m Scala instance jar d:\home\ubuntu\.cache\coursier\v1\https\repo1.maven.org\maven2\org\scala-lang\scala-reflect\2.12.13\scala-reflect-2.12.13.jar doesn't exist!
2024.06.27 10:05:26 ERROR > [0m[33m[W][0m Scala instance jar d:\home\ubuntu\.cache\coursier\v1\https\repo1.maven.org\maven2\org\scala-lang\modules\scala-xml_2.12\1.0.6\scala-xml_2.12-1.0.6.jar doesn't exist!
2024.06.27 10:05:26 ERROR > [0m[33m[W][0m Scala instance jar d:\home\ubuntu\.cache\coursier\v1\https\repo1.maven.org\maven2\jline\jline\2.14.6\jline-2.14.6.jar doesn't exist!
2024.06.27 10:05:26 ERROR > [0m[33m[W][0m Scala instance jar d:\home\ubuntu\.cache\coursier\v1\https\repo1.maven.org\maven2\org\fusesource\jansi\jansi\1.12\jansi-1.12.jar doesn't exist!
2024.06.27 10:05:26 ERROR > [0m[31m[E][0m Failed to load project from d:\VIRACE\Big_data_scala\.bloop\root.json
2024.06.27 10:05:26 ERROR error: The launcher failed to establish a bsp connection, aborting...
2024.06.27 10:05:26 ERROR Failed to connect with build server, no functionality will work.
java.lang.RuntimeException: The server did not start, got FailedToOpenBspConnection
	at bloop.launcher.LauncherMain.failPromise$1(Launcher.scala:92)
	at bloop.launcher.LauncherMain.runLauncher(Launcher.scala:119)
	at scala.meta.internal.metals.BloopServers$$anon$2.run(BloopServers.scala:385)
	at java.util.concurrent.Executors$RunnableAdapter.call(Executors.java:539)
	at java.util.concurrent.FutureTask.run(FutureTask.java:264)
	at java.util.concurrent.ThreadPoolExecutor.runWorker(ThreadPoolExecutor.java:1136)
	at java.util.concurrent.ThreadPoolExecutor$Worker.run(ThreadPoolExecutor.java:635)
	at java.lang.Thread.run(Thread.java:842)

2024.06.27 14:38:20 INFO  no build target found for D:\VIRACE\Big_data_scala\src\main\scala\example\BankMarketing.scala. Using presentation compiler with project's scala-library version: 3.3.3
2024.06.27 14:38:20 INFO  no build target found for D:\VIRACE\Big_data_scala\src\main\scala\example\BankMarketing.scala. Using presentation compiler with project's scala-library version: 3.3.3
2024.06.27 14:38:22 INFO  no build target found for D:\VIRACE\Big_data_scala\src\main\scala\example\BankMarketing.scala. Using presentation compiler with project's scala-library version: 3.3.3
2024.06.27 14:38:49 INFO  no build target found for D:\VIRACE\Big_data_scala\src\main\scala\example\BankMarketing.scala. Using presentation compiler with project's scala-library version: 3.3.3
2024.06.27 14:38:49 INFO  no build target found for D:\VIRACE\Big_data_scala\src\main\scala\example\BankMarketing.scala. Using presentation compiler with project's scala-library version: 3.3.3
2024.06.27 14:38:49 INFO  no build target found for D:\VIRACE\Big_data_scala\src\main\scala\example\BankMarketing.scala. Using presentation compiler with project's scala-library version: 3.3.3
Jun 27, 2024 2:38:49 PM org.eclipse.lsp4j.jsonrpc.RemoteEndpoint handleCancellation
WARNING: Unmatched cancel notification for request id 11
2024.06.27 14:38:49 INFO  no build target found for D:\VIRACE\Big_data_scala\src\main\scala\example\BankMarketing.scala. Using presentation compiler with project's scala-library version: 3.3.3
2024.06.27 14:38:49 INFO  no build target found for D:\VIRACE\Big_data_scala\src\main\scala\example\BankMarketing.scala. Using presentation compiler with project's scala-library version: 3.3.3
2024.06.27 14:38:52 INFO  time: code lens generation in 2.24s
2024.06.27 14:38:52 INFO  time: code lens generation in 2.28s
2024.06.27 14:38:52 INFO  time: code lens generation in 31s
2024.06.27 14:40:30 INFO  no build target found for D:\VIRACE\Big_data_scala\src\main\scala\example\BankMarketing.scala. Using presentation compiler with project's scala-library version: 3.3.3
2024.06.27 14:40:30 INFO  no build target found for D:\VIRACE\Big_data_scala\src\main\scala\example\BankMarketing.scala. Using presentation compiler with project's scala-library version: 3.3.3
2024.06.27 14:40:30 INFO  no build target found for D:\VIRACE\Big_data_scala\src\main\scala\example\BankMarketing.scala. Using presentation compiler with project's scala-library version: 3.3.3
2024.06.27 14:40:30 INFO  no build target found for D:\VIRACE\Big_data_scala\src\main\scala\example\BankMarketing.scala. Using presentation compiler with project's scala-library version: 3.3.3
2024.06.27 14:40:30 INFO  no build target found for D:\VIRACE\Big_data_scala\src\main\scala\example\BankMarketing.scala. Using presentation compiler with project's scala-library version: 3.3.3
2024.06.27 14:40:30 INFO  no build target found for D:\VIRACE\Big_data_scala\src\main\scala\example\BankMarketing.scala. Using presentation compiler with project's scala-library version: 3.3.3
2024.06.27 14:43:12 INFO  no build target found for D:\VIRACE\Big_data_scala\src\main\scala\example\BankMarketing.scala. Using presentation compiler with project's scala-library version: 3.3.3
2024.06.27 14:43:12 INFO  no build target found for D:\VIRACE\Big_data_scala\src\main\scala\example\BankMarketing.scala. Using presentation compiler with project's scala-library version: 3.3.3
2024.06.27 14:43:14 INFO  no build target found for D:\VIRACE\Big_data_scala\src\main\scala\example\BankMarketing.scala. Using presentation compiler with project's scala-library version: 3.3.3
2024.06.27 14:55:39 INFO  no build target found for D:\VIRACE\Big_data_scala\src\main\scala\example\BankMarketing.scala. Using presentation compiler with project's scala-library version: 3.3.3
2024.06.27 14:55:41 INFO  no build target found for D:\VIRACE\Big_data_scala\src\main\scala\example\BankMarketing.scala. Using presentation compiler with project's scala-library version: 3.3.3
2024.06.27 14:55:42 INFO  no build target found for D:\VIRACE\Big_data_scala\src\main\scala\example\BankMarketing.scala. Using presentation compiler with project's scala-library version: 3.3.3
2024.06.27 14:55:42 INFO  no build target found for D:\VIRACE\Big_data_scala\src\main\scala\example\BankMarketing.scala. Using presentation compiler with project's scala-library version: 3.3.3
Jun 27, 2024 2:55:42 PM org.eclipse.lsp4j.jsonrpc.RemoteEndpoint handleCancellation
WARNING: Unmatched cancel notification for request id 37
2024.06.27 14:55:42 INFO  no build target found for D:\VIRACE\Big_data_scala\src\main\scala\example\BankMarketing.scala. Using presentation compiler with project's scala-library version: 3.3.3
2024.06.27 14:55:42 INFO  no build target found for D:\VIRACE\Big_data_scala\src\main\scala\example\BankMarketing.scala. Using presentation compiler with project's scala-library version: 3.3.3
2024.06.27 14:55:43 INFO  no build target found for D:\VIRACE\Big_data_scala\src\main\scala\example\BankMarketing.scala. Using presentation compiler with project's scala-library version: 3.3.3
2024.06.27 14:55:43 INFO  no build target found for D:\VIRACE\Big_data_scala\src\main\scala\example\BankMarketing.scala. Using presentation compiler with project's scala-library version: 3.3.3
2024.06.27 14:55:50 INFO  no build target found for D:\VIRACE\Big_data_scala\src\main\scala\example\BankMarketing.scala. Using presentation compiler with project's scala-library version: 3.3.3
2024.06.27 14:55:50 INFO  no build target found for D:\VIRACE\Big_data_scala\src\main\scala\example\BankMarketing.scala. Using presentation compiler with project's scala-library version: 3.3.3
2024.06.27 14:55:52 INFO  no build target found for D:\VIRACE\Big_data_scala\src\main\scala\example\BankMarketing.scala. Using presentation compiler with project's scala-library version: 3.3.3
2024.06.27 14:55:52 INFO  no build target found for D:\VIRACE\Big_data_scala\src\main\scala\example\BankMarketing.scala. Using presentation compiler with project's scala-library version: 3.3.3
2024.06.27 14:55:52 INFO  no build target found for D:\VIRACE\Big_data_scala\src\main\scala\example\BankMarketing.scala. Using presentation compiler with project's scala-library version: 3.3.3
2024.06.27 14:55:52 INFO  no build target found for D:\VIRACE\Big_data_scala\src\main\scala\example\BankMarketing.scala. Using presentation compiler with project's scala-library version: 3.3.3
2024.06.27 14:55:52 INFO  no build target found for D:\VIRACE\Big_data_scala\src\main\scala\example\BankMarketing.scala. Using presentation compiler with project's scala-library version: 3.3.3
2024.06.27 14:55:53 INFO  no build target found for D:\VIRACE\Big_data_scala\src\main\scala\example\BankMarketing.scala. Using presentation compiler with project's scala-library version: 3.3.3
2024.06.27 14:55:53 INFO  no build target found for D:\VIRACE\Big_data_scala\src\main\scala\example\BankMarketing.scala. Using presentation compiler with project's scala-library version: 3.3.3
2024.06.27 14:55:53 INFO  no build target found for D:\VIRACE\Big_data_scala\src\main\scala\example\BankMarketing.scala. Using presentation compiler with project's scala-library version: 3.3.3
2024.06.27 14:55:55 INFO  no build target found for D:\VIRACE\Big_data_scala\src\main\scala\example\BankMarketing.scala. Using presentation compiler with project's scala-library version: 3.3.3
2024.06.27 14:56:17 INFO  no build target found for D:\VIRACE\Big_data_scala\src\main\scala\example\BankMarketing.scala. Using presentation compiler with project's scala-library version: 3.3.3
2024.06.27 14:56:25 INFO  no build target found for D:\VIRACE\Big_data_scala\src\main\scala\example\BankMarketing.scala. Using presentation compiler with project's scala-library version: 3.3.3
2024.06.27 14:56:25 INFO  no build target found for D:\VIRACE\Big_data_scala\src\main\scala\example\BankMarketing.scala. Using presentation compiler with project's scala-library version: 3.3.3
2024.06.27 14:58:07 INFO  no build target found for D:\VIRACE\Big_data_scala\src\main\scala\example\BankMarketing.scala. Using presentation compiler with project's scala-library version: 3.3.3
2024.06.27 14:58:10 INFO  no build target found for D:\VIRACE\Big_data_scala\src\main\scala\example\BankMarketing.scala. Using presentation compiler with project's scala-library version: 3.3.3
2024.06.27 14:58:10 INFO  no build target found for D:\VIRACE\Big_data_scala\src\main\scala\example\BankMarketing.scala. Using presentation compiler with project's scala-library version: 3.3.3
2024.06.27 14:58:12 INFO  no build target found for D:\VIRACE\Big_data_scala\src\main\scala\example\BankMarketing.scala. Using presentation compiler with project's scala-library version: 3.3.3
2024.06.27 14:58:15 INFO  no build target found for D:\VIRACE\Big_data_scala\src\main\scala\example\BankMarketing.scala. Using presentation compiler with project's scala-library version: 3.3.3
2024.06.27 14:58:15 INFO  no build target found for D:\VIRACE\Big_data_scala\src\main\scala\example\BankMarketing.scala. Using presentation compiler with project's scala-library version: 3.3.3
2024.06.27 14:58:15 INFO  no build target found for D:\VIRACE\Big_data_scala\src\main\scala\example\BankMarketing.scala. Using presentation compiler with project's scala-library version: 3.3.3
2024.06.27 14:58:15 INFO  no build target found for D:\VIRACE\Big_data_scala\src\main\scala\example\BankMarketing.scala. Using presentation compiler with project's scala-library version: 3.3.3
2024.06.27 14:58:17 INFO  no build target found for D:\VIRACE\Big_data_scala\src\main\scala\example\BankMarketing.scala. Using presentation compiler with project's scala-library version: 3.3.3
2024.06.27 14:58:23 INFO  no build target found for D:\VIRACE\Big_data_scala\src\main\scala\example\BankMarketing.scala. Using presentation compiler with project's scala-library version: 3.3.3
2024.06.27 14:58:36 INFO  no build target found for D:\VIRACE\Big_data_scala\src\main\scala\example\BankMarketing.scala. Using presentation compiler with project's scala-library version: 3.3.3
2024.06.27 14:58:36 INFO  no build target found for D:\VIRACE\Big_data_scala\src\main\scala\example\BankMarketing.scala. Using presentation compiler with project's scala-library version: 3.3.3
2024.06.27 14:58:37 INFO  no build target found for D:\VIRACE\Big_data_scala\src\main\scala\example\BankMarketing.scala. Using presentation compiler with project's scala-library version: 3.3.3
2024.06.27 14:58:55 INFO  no build target found for D:\VIRACE\Big_data_scala\src\main\scala\example\BankMarketing.scala. Using presentation compiler with project's scala-library version: 3.3.3
2024.06.27 14:58:55 INFO  no build target found for D:\VIRACE\Big_data_scala\src\main\scala\example\BankMarketing.scala. Using presentation compiler with project's scala-library version: 3.3.3
2024.06.27 14:58:56 INFO  no build target found for D:\VIRACE\Big_data_scala\src\main\scala\example\BankMarketing.scala. Using presentation compiler with project's scala-library version: 3.3.3
2024.06.27 14:58:56 INFO  no build target found for D:\VIRACE\Big_data_scala\src\main\scala\example\BankMarketing.scala. Using presentation compiler with project's scala-library version: 3.3.3
2024.06.27 14:59:24 INFO  no build target found for D:\VIRACE\Big_data_scala\src\main\scala\example\BankMarketing.scala. Using presentation compiler with project's scala-library version: 3.3.3
2024.06.27 14:59:27 INFO  no build target found for D:\VIRACE\Big_data_scala\src\main\scala\example\BankMarketing.scala. Using presentation compiler with project's scala-library version: 3.3.3
2024.06.27 15:00:43 INFO  no build target found for D:\VIRACE\Big_data_scala\src\main\scala\example\BankMarketing.scala. Using presentation compiler with project's scala-library version: 3.3.3
2024.06.27 15:09:23 INFO  no build target found for D:\VIRACE\Big_data_scala\src\main\scala\example\BankMarketing.scala. Using presentation compiler with project's scala-library version: 3.3.3
2024.06.27 15:09:23 INFO  no build target found for D:\VIRACE\Big_data_scala\src\main\scala\example\BankMarketing.scala. Using presentation compiler with project's scala-library version: 3.3.3
2024.06.27 15:09:23 INFO  no build target found for D:\VIRACE\Big_data_scala\src\main\scala\example\BankMarketing.scala. Using presentation compiler with project's scala-library version: 3.3.3
Jun 27, 2024 3:09:25 PM org.eclipse.lsp4j.jsonrpc.services.GenericEndpoint notify
INFO: Unsupported notification method: $/setTrace
2024.06.27 15:09:27 INFO  no build target found for D:\VIRACE\Big_data_scala\src\main\scala\example\BankMarketing.scala. Using presentation compiler with project's scala-library version: 3.3.3
2024.06.27 15:09:29 INFO  no build target found for D:\VIRACE\Big_data_scala\src\main\scala\example\BankMarketing.scala. Using presentation compiler with project's scala-library version: 3.3.3
2024.06.27 15:12:24 INFO  no build target found for D:\VIRACE\Big_data_scala\src\main\scala\example\BankMarketing.scala. Using presentation compiler with project's scala-library version: 3.3.3
2024.06.27 15:14:39 INFO  no build target found for D:\VIRACE\Big_data_scala\src\main\scala\example\BankMarketing.scala. Using presentation compiler with project's scala-library version: 3.3.3
2024.06.27 15:14:39 INFO  no build target found for D:\VIRACE\Big_data_scala\src\main\scala\example\BankMarketing.scala. Using presentation compiler with project's scala-library version: 3.3.3
2024.06.27 15:17:02 INFO  no build target found for D:\VIRACE\Big_data_scala\src\main\scala\example\BankMarketing.scala. Using presentation compiler with project's scala-library version: 3.3.3
2024.06.27 15:17:02 INFO  no build target found for D:\VIRACE\Big_data_scala\src\main\scala\example\BankMarketing.scala. Using presentation compiler with project's scala-library version: 3.3.3
2024.06.27 15:17:05 INFO  no build target found for D:\VIRACE\Big_data_scala\src\main\scala\example\BankMarketing.scala. Using presentation compiler with project's scala-library version: 3.3.3
2024.06.27 15:17:05 INFO  no build target found for D:\VIRACE\Big_data_scala\src\main\scala\example\BankMarketing.scala. Using presentation compiler with project's scala-library version: 3.3.3
2024.06.27 15:17:07 INFO  no build target found for D:\VIRACE\Big_data_scala\src\main\scala\example\BankMarketing.scala. Using presentation compiler with project's scala-library version: 3.3.3
2024.06.27 15:17:08 INFO  no build target found for D:\VIRACE\Big_data_scala\src\main\scala\example\BankMarketing.scala. Using presentation compiler with project's scala-library version: 3.3.3
2024.06.27 15:17:08 INFO  no build target found for D:\VIRACE\Big_data_scala\src\main\scala\example\BankMarketing.scala. Using presentation compiler with project's scala-library version: 3.3.3
2024.06.27 15:17:08 INFO  no build target found for D:\VIRACE\Big_data_scala\src\main\scala\example\BankMarketing.scala. Using presentation compiler with project's scala-library version: 3.3.3
2024.06.27 15:17:09 INFO  no build target found for D:\VIRACE\Big_data_scala\src\main\scala\example\BankMarketing.scala. Using presentation compiler with project's scala-library version: 3.3.3
2024.06.27 15:17:09 ERROR Failed to tokenize input for semantic tokens for D:\VIRACE\Big_data_scala\src\main\scala\example\BankMarketing.scala
scala.meta.tokenizers.TokenizeException: <input>:62: error: unclosed character literal
 Row(age=25, job='services', marital='single', education='high.school', default='no', housing='yes', loan='no', contact='telephone', month='may', dayOfWeek='mon', duration=50, campaign=1, pdays=999, previous=0, poutcome='nonexistent', empVarRate=1.1, consPriceIdx=93.994, consConfIdx=-36.4, euribor3m=4.857, nrEmployed=5191.0, y='no')]
                          ^
	at scala.meta.internal.tokenizers.Reporter.syntaxError(Reporter.scala:23)
	at scala.meta.internal.tokenizers.Reporter.syntaxError$(Reporter.scala:23)
	at scala.meta.internal.tokenizers.Reporter$$anon$1.syntaxError(Reporter.scala:32)
	at scala.meta.internal.tokenizers.Reporter.syntaxError(Reporter.scala:25)
	at scala.meta.internal.tokenizers.Reporter.syntaxError$(Reporter.scala:25)
	at scala.meta.internal.tokenizers.Reporter$$anon$1.syntaxError(Reporter.scala:32)
	at scala.meta.internal.tokenizers.LegacyScanner.fetchSingleQuote$1(LegacyScanner.scala:391)
	at scala.meta.internal.tokenizers.LegacyScanner.fetchToken(LegacyScanner.scala:395)
	at scala.meta.internal.tokenizers.LegacyScanner.nextToken(LegacyScanner.scala:201)
	at scala.meta.internal.tokenizers.LegacyScanner.foreach(LegacyScanner.scala:912)
	at scala.meta.internal.tokenizers.ScalametaTokenizer.uncachedTokenize(ScalametaTokenizer.scala:23)
	at scala.meta.internal.tokenizers.ScalametaTokenizer.$anonfun$tokenize$1(ScalametaTokenizer.scala:17)
	at scala.collection.concurrent.TrieMap.getOrElseUpdate(TrieMap.scala:960)
	at scala.meta.internal.tokenizers.ScalametaTokenizer.tokenize(ScalametaTokenizer.scala:17)
	at scala.meta.internal.tokenizers.ScalametaTokenizer$$anon$2.apply(ScalametaTokenizer.scala:322)
	at scala.meta.tokenizers.Api$XtensionTokenizeDialectInput.tokenize(Api.scala:22)
	at scala.meta.tokenizers.Api$XtensionTokenizeInputLike.tokenize(Api.scala:13)
	at scala.meta.internal.metals.SemanticTokensProvider$.getTokens(SemanticTokensProvider.scala:28)
	at scala.meta.internal.metals.SemanticTokensProvider$.provide(SemanticTokensProvider.scala:89)
	at scala.meta.internal.metals.Compilers.$anonfun$semanticTokens$3(Compilers.scala:545)
	at scala.concurrent.impl.Promise$Transformation.run(Promise.scala:467)
	at java.util.concurrent.ThreadPoolExecutor.runWorker(ThreadPoolExecutor.java:1136)
	at java.util.concurrent.ThreadPoolExecutor$Worker.run(ThreadPoolExecutor.java:635)
	at java.lang.Thread.run(Thread.java:842)

2024.06.27 15:17:10 INFO  no build target found for D:\VIRACE\Big_data_scala\src\main\scala\example\BankMarketing.scala. Using presentation compiler with project's scala-library version: 3.3.3
2024.06.27 15:17:12 INFO  no build target found for D:\VIRACE\Big_data_scala\src\main\scala\example\BankMarketing.scala. Using presentation compiler with project's scala-library version: 3.3.3
2024.06.27 15:26:57 INFO  no build target found for D:\VIRACE\Big_data_scala\src\main\scala\example\BankMarketing.scala. Using presentation compiler with project's scala-library version: 3.3.3
2024.06.28 15:21:18 INFO  Started: Metals version 1.3.2 in folders 'D:\VIRACE\Big_data_scala' for client Visual Studio Code 1.89.0.
SLF4J(W): Class path contains multiple SLF4J providers.
SLF4J(W): Found provider [scribe.slf4j.ScribeServiceProvider@76ccdf72]
SLF4J(W): Found provider [ch.qos.logback.classic.spi.LogbackServiceProvider@476e57e]
SLF4J(W): See https://www.slf4j.org/codes.html#multiple_bindings for an explanation.
SLF4J(I): Actual provider is of type [scribe.slf4j.ScribeServiceProvider@76ccdf72]
2024.06.28 15:21:23 WARN  Flyway upgrade recommended: H2 2.2.224 is newer than this version of Flyway and support has not been tested. The latest supported version of H2 is 2.2.220.
2024.06.28 15:21:23 INFO  Attempting to connect to the build server...
2024.06.28 15:21:24 ERROR Starting the bsp launcher for bloop...
2024.06.28 15:21:24 ERROR Opening a bsp server connection with 'bsp --protocol tcp --port 40525'...
2024.06.28 15:21:24 ERROR Waiting for the bsp connection to come up...
2024.06.28 15:21:24 ERROR error: The command bsp --protocol tcp --port 40525 returned with an error
2024.06.28 15:21:24 ERROR > [0m[33m[W][0m Scala instance jar d:\home\ubuntu\.cache\coursier\v1\https\repo1.maven.org\maven2\org\scala-lang\scala-library\2.12.13\scala-library-2.12.13.jar doesn't exist!
2024.06.28 15:21:24 ERROR > [0m[33m[W][0m Scala instance jar d:\home\ubuntu\.cache\coursier\v1\https\repo1.maven.org\maven2\org\scala-lang\scala-compiler\2.12.13\scala-compiler-2.12.13.jar doesn't exist!
2024.06.28 15:21:24 ERROR > [0m[33m[W][0m Scala instance jar d:\home\ubuntu\.cache\coursier\v1\https\repo1.maven.org\maven2\org\scala-lang\scala-reflect\2.12.13\scala-reflect-2.12.13.jar doesn't exist!
2024.06.28 15:21:24 ERROR > [0m[33m[W][0m Scala instance jar d:\home\ubuntu\.cache\coursier\v1\https\repo1.maven.org\maven2\org\scala-lang\modules\scala-xml_2.12\1.0.6\scala-xml_2.12-1.0.6.jar doesn't exist!
2024.06.28 15:21:24 ERROR > [0m[33m[W][0m Scala instance jar d:\home\ubuntu\.cache\coursier\v1\https\repo1.maven.org\maven2\jline\jline\2.14.6\jline-2.14.6.jar doesn't exist!
2024.06.28 15:21:24 ERROR > [0m[33m[W][0m Scala instance jar d:\home\ubuntu\.cache\coursier\v1\https\repo1.maven.org\maven2\org\fusesource\jansi\jansi\1.12\jansi-1.12.jar doesn't exist!
2024.06.28 15:21:24 ERROR > [0m[31m[E][0m Failed to load project from d:\VIRACE\Big_data_scala\.bloop\root-test.json
2024.06.28 15:21:24 ERROR error: The launcher failed to establish a bsp connection, aborting...
2024.06.28 15:21:23 ERROR Failed to connect with build server, no functionality will work.
java.lang.RuntimeException: The server did not start, got FailedToOpenBspConnection
	at bloop.launcher.LauncherMain.failPromise$1(Launcher.scala:92)
	at bloop.launcher.LauncherMain.runLauncher(Launcher.scala:119)
	at scala.meta.internal.metals.BloopServers$$anon$2.run(BloopServers.scala:385)
	at java.util.concurrent.Executors$RunnableAdapter.call(Executors.java:539)
	at java.util.concurrent.FutureTask.run(FutureTask.java:264)
	at java.util.concurrent.ThreadPoolExecutor.runWorker(ThreadPoolExecutor.java:1136)
	at java.util.concurrent.ThreadPoolExecutor$Worker.run(ThreadPoolExecutor.java:635)
	at java.lang.Thread.run(Thread.java:842)

2024.06.28 15:21:24 INFO  no build target found for D:\VIRACE\Big_data_scala\src\main\scala\example\BankMarketing.scala. Using presentation compiler with project's scala-library version: 3.3.3
2024.06.28 15:21:59 INFO  Shutting down server
2024.06.28 15:21:59 INFO  shutting down Metals
2024.06.28 15:21:59 INFO  Exiting server
2024.06.28 15:22:40 INFO  Started: Metals version 1.3.2 in folders 'D:\VIRACE\Big_data_scala' for client Visual Studio Code 1.90.2.
SLF4J(W): Class path contains multiple SLF4J providers.
SLF4J(W): Found provider [scribe.slf4j.ScribeServiceProvider@1580391b]
SLF4J(W): Found provider [ch.qos.logback.classic.spi.LogbackServiceProvider@76ccdf72]
SLF4J(W): See https://www.slf4j.org/codes.html#multiple_bindings for an explanation.
SLF4J(I): Actual provider is of type [scribe.slf4j.ScribeServiceProvider@1580391b]
2024.06.28 15:22:40 WARN  Flyway upgrade recommended: H2 2.2.224 is newer than this version of Flyway and support has not been tested. The latest supported version of H2 is 2.2.220.
2024.06.28 15:22:42 INFO  Attempting to connect to the build server...
2024.06.28 15:22:42 ERROR Starting the bsp launcher for bloop...
2024.06.28 15:22:42 ERROR Opening a bsp server connection with 'bsp --protocol tcp --port 18193'...
2024.06.28 15:22:42 ERROR Waiting for the bsp connection to come up...
2024.06.28 15:22:42 ERROR error: The command bsp --protocol tcp --port 18193 returned with an error
2024.06.28 15:22:42 ERROR > [0m[33m[W][0m Scala instance jar d:\home\ubuntu\.cache\coursier\v1\https\repo1.maven.org\maven2\org\scala-lang\scala-library\2.12.13\scala-library-2.12.13.jar doesn't exist!
2024.06.28 15:22:42 ERROR > [0m[33m[W][0m Scala instance jar d:\home\ubuntu\.cache\coursier\v1\https\repo1.maven.org\maven2\org\scala-lang\scala-compiler\2.12.13\scala-compiler-2.12.13.jar doesn't exist!
2024.06.28 15:22:42 ERROR > [0m[33m[W][0m Scala instance jar d:\home\ubuntu\.cache\coursier\v1\https\repo1.maven.org\maven2\org\scala-lang\scala-reflect\2.12.13\scala-reflect-2.12.13.jar doesn't exist!
2024.06.28 15:22:42 ERROR > [0m[33m[W][0m Scala instance jar d:\home\ubuntu\.cache\coursier\v1\https\repo1.maven.org\maven2\org\scala-lang\modules\scala-xml_2.12\1.0.6\scala-xml_2.12-1.0.6.jar doesn't exist!
2024.06.28 15:22:42 ERROR > [0m[33m[W][0m Scala instance jar d:\home\ubuntu\.cache\coursier\v1\https\repo1.maven.org\maven2\jline\jline\2.14.6\jline-2.14.6.jar doesn't exist!
2024.06.28 15:22:42 ERROR > [0m[33m[W][0m Scala instance jar d:\home\ubuntu\.cache\coursier\v1\https\repo1.maven.org\maven2\org\fusesource\jansi\jansi\1.12\jansi-1.12.jar doesn't exist!
2024.06.28 15:22:42 ERROR > [0m[31m[E][0m Failed to load project from d:\VIRACE\Big_data_scala\.bloop\root-test.json
2024.06.28 15:22:42 ERROR error: The launcher failed to establish a bsp connection, aborting...
2024.06.28 15:22:42 ERROR Failed to connect with build server, no functionality will work.
java.lang.RuntimeException: The server did not start, got FailedToOpenBspConnection
	at bloop.launcher.LauncherMain.failPromise$1(Launcher.scala:92)
	at bloop.launcher.LauncherMain.runLauncher(Launcher.scala:119)
	at scala.meta.internal.metals.BloopServers$$anon$2.run(BloopServers.scala:385)
	at java.util.concurrent.Executors$RunnableAdapter.call(Executors.java:539)
	at java.util.concurrent.FutureTask.run(FutureTask.java:264)
	at java.util.concurrent.ThreadPoolExecutor.runWorker(ThreadPoolExecutor.java:1136)
	at java.util.concurrent.ThreadPoolExecutor$Worker.run(ThreadPoolExecutor.java:635)
	at java.lang.Thread.run(Thread.java:842)

2024.06.28 15:22:42 INFO  no build target found for D:\VIRACE\Big_data_scala\src\main\scala\example\BankMarketing.scala. Using presentation compiler with project's scala-library version: 3.3.3
2024.06.29 14:52:42 INFO  no build target found for D:\VIRACE\Big_data_scala\src\main\scala\example\Tweeter.scala. Using presentation compiler with project's scala-library version: 3.3.3
2024.06.29 14:52:42 INFO  no build target found for D:\VIRACE\Big_data_scala\src\main\scala\example\Tweeter.scala. Using presentation compiler with project's scala-library version: 3.3.3
2024.06.29 14:52:51 INFO  no build target found for D:\VIRACE\Big_data_scala\src\main\scala\example\Tweeter.scala. Using presentation compiler with project's scala-library version: 3.3.3
2024.06.29 14:53:30 INFO  no build target found for D:\VIRACE\Big_data_scala\src\main\scala\example\Tweeter.scala. Using presentation compiler with project's scala-library version: 3.3.3
2024.06.29 15:07:41 INFO  no build target found for D:\VIRACE\Big_data_scala\src\main\scala\example\SequenceIndexer.scala.scala. Using presentation compiler with project's scala-library version: 3.3.3
2024.06.29 15:07:41 INFO  no build target found for D:\VIRACE\Big_data_scala\src\main\scala\example\SequenceIndexer.scala.scala. Using presentation compiler with project's scala-library version: 3.3.3
2024.06.29 15:07:41 WARN  no build target for: D:\VIRACE\Big_data_scala\src\main\scala\example\SequenceIndexer.scala.scala
2024.06.29 15:07:41 INFO  no build target found for D:\VIRACE\Big_data_scala\src\main\scala\example\Tweeter.scala. Using presentation compiler with project's scala-library version: 3.3.3
2024.06.29 15:07:41 INFO  no build target found for D:\VIRACE\Big_data_scala\src\main\scala\example\SequenceIndexer.scala.scala. Using presentation compiler with project's scala-library version: 3.3.3
2024.06.29 15:07:41 WARN  Could not find semantic tokens for: file:///D:/VIRACE/Big_data_scala/src/main/scala/example/SequenceIndexer.scala.scala
2024.06.29 15:07:48 INFO  no build target found for D:\VIRACE\Big_data_scala\src\main\scala\example\SequenceIndexer.scala. Using presentation compiler with project's scala-library version: 3.3.3
2024.06.29 15:07:48 INFO  no build target found for d:\VIRACE\Big_data_scala\src\main\scala\example\SequenceIndexer.scala.scala. Using presentation compiler with project's scala-library version: 3.3.3
2024.06.29 15:07:48 INFO  no build target found for D:\VIRACE\Big_data_scala\src\main\scala\example\SequenceIndexer.scala. Using presentation compiler with project's scala-library version: 3.3.3
2024.06.29 15:07:48 WARN  Could not find semantic tokens for: file:///D:/VIRACE/Big_data_scala/src/main/scala/example/SequenceIndexer.scala
2024.06.29 15:07:51 INFO  no build target found for D:\VIRACE\Big_data_scala\src\main\scala\example\BankMarketing.scala. Using presentation compiler with project's scala-library version: 3.3.3
2024.06.29 15:07:52 INFO  no build target found for D:\VIRACE\Big_data_scala\src\main\scala\example\SequenceIndexer.scala. Using presentation compiler with project's scala-library version: 3.3.3
2024.06.29 15:07:52 WARN  Could not find semantic tokens for: file:///D:/VIRACE/Big_data_scala/src/main/scala/example/SequenceIndexer.scala
2024.06.29 15:07:53 INFO  no build target found for D:\VIRACE\Big_data_scala\src\main\scala\example\SequenceIndexer.scala. Using presentation compiler with project's scala-library version: 3.3.3
2024.06.29 15:07:53 INFO  no build target found for D:\VIRACE\Big_data_scala\src\main\scala\example\SequenceIndexer.scala. Using presentation compiler with project's scala-library version: 3.3.3
2024.06.29 15:07:53 INFO  no build target found for D:\VIRACE\Big_data_scala\src\main\scala\example\SequenceIndexer.scala. Using presentation compiler with project's scala-library version: 3.3.3
2024.06.29 15:07:55 INFO  no build target found for D:\VIRACE\Big_data_scala\src\main\scala\example\SequenceIndexer.scala. Using presentation compiler with project's scala-library version: 3.3.3
2024.06.29 15:07:55 INFO  no build target found for D:\VIRACE\Big_data_scala\src\main\scala\example\SequenceIndexer.scala. Using presentation compiler with project's scala-library version: 3.3.3
2024.06.29 15:07:55 INFO  no build target found for D:\VIRACE\Big_data_scala\src\main\scala\example\SequenceIndexer.scala. Using presentation compiler with project's scala-library version: 3.3.3
2024.06.29 15:07:55 INFO  no build target found for D:\VIRACE\Big_data_scala\src\main\scala\example\SequenceIndexer.scala. Using presentation compiler with project's scala-library version: 3.3.3
2024.06.29 15:07:55 INFO  no build target found for D:\VIRACE\Big_data_scala\src\main\scala\example\SequenceIndexer.scala. Using presentation compiler with project's scala-library version: 3.3.3
2024.06.29 15:07:55 INFO  no build target found for D:\VIRACE\Big_data_scala\src\main\scala\example\SequenceIndexer.scala. Using presentation compiler with project's scala-library version: 3.3.3
2024.06.29 15:07:55 INFO  no build target found for D:\VIRACE\Big_data_scala\src\main\scala\example\SequenceIndexer.scala. Using presentation compiler with project's scala-library version: 3.3.3
2024.06.29 15:07:55 INFO  no build target found for D:\VIRACE\Big_data_scala\src\main\scala\example\SequenceIndexer.scala. Using presentation compiler with project's scala-library version: 3.3.3
2024.06.29 15:07:55 INFO  no build target found for D:\VIRACE\Big_data_scala\src\main\scala\example\SequenceIndexer.scala. Using presentation compiler with project's scala-library version: 3.3.3
2024.06.29 15:07:55 INFO  no build target found for D:\VIRACE\Big_data_scala\src\main\scala\example\SequenceIndexer.scala. Using presentation compiler with project's scala-library version: 3.3.3
2024.06.29 15:07:56 INFO  no build target found for D:\VIRACE\Big_data_scala\src\main\scala\example\SequenceIndexer.scala. Using presentation compiler with project's scala-library version: 3.3.3
2024.06.29 15:09:13 INFO  no build target found for D:\VIRACE\Big_data_scala\src\main\scala\example\SequenceIndexer.scala. Using presentation compiler with project's scala-library version: 3.3.3
2024.06.29 15:09:16 INFO  no build target found for D:\VIRACE\Big_data_scala\src\main\scala\example\SequenceIndexer.scala. Using presentation compiler with project's scala-library version: 3.3.3
2024.06.29 15:09:20 INFO  no build target found for D:\VIRACE\Big_data_scala\src\main\scala\example\SequenceIndexer.scala. Using presentation compiler with project's scala-library version: 3.3.3
2024.06.29 15:09:22 INFO  no build target found for D:\VIRACE\Big_data_scala\src\main\scala\example\Tweeter.scala. Using presentation compiler with project's scala-library version: 3.3.3
2024.06.29 15:09:22 INFO  no build target found for D:\VIRACE\Big_data_scala\src\main\scala\example\Tweeter.scala. Using presentation compiler with project's scala-library version: 3.3.3
2024.06.29 15:09:24 INFO  no build target found for D:\VIRACE\Big_data_scala\src\main\scala\example\Tweeter.scala. Using presentation compiler with project's scala-library version: 3.3.3
2024.06.29 15:09:38 INFO  no build target found for D:\VIRACE\Big_data_scala\src\main\scala\example\SequenceIndexer.scala. Using presentation compiler with project's scala-library version: 3.3.3
2024.06.29 15:09:38 INFO  no build target found for D:\VIRACE\Big_data_scala\src\main\scala\example\Tweeter.scala. Using presentation compiler with project's scala-library version: 3.3.3
2024.06.29 15:09:39 INFO  no build target found for D:\VIRACE\Big_data_scala\src\main\scala\example\Tweeter.scala. Using presentation compiler with project's scala-library version: 3.3.3
2024.06.29 15:09:38 INFO  no build target found for D:\VIRACE\Big_data_scala\src\main\scala\example\Tweeter.scala. Using presentation compiler with project's scala-library version: 3.3.3
Jun 29, 2024 3:09:39 PM org.eclipse.lsp4j.jsonrpc.RemoteEndpoint handleCancellation
WARNING: Unmatched cancel notification for request id 137
2024.06.29 15:09:39 INFO  no build target found for D:\VIRACE\Big_data_scala\src\main\scala\example\SequenceIndexer.scala. Using presentation compiler with project's scala-library version: 3.3.3
2024.06.29 15:09:40 INFO  no build target found for D:\VIRACE\Big_data_scala\src\main\scala\example\SequenceIndexer.scala. Using presentation compiler with project's scala-library version: 3.3.3
2024.06.29 15:09:56 INFO  no build target found for D:\VIRACE\Big_data_scala\src\main\scala\example\SequenceIndexer.scala. Using presentation compiler with project's scala-library version: 3.3.3
2024.06.29 15:09:56 INFO  no build target found for D:\VIRACE\Big_data_scala\src\main\scala\example\SequenceIndexer.scala. Using presentation compiler with project's scala-library version: 3.3.3
2024.06.29 15:14:09 INFO  no build target found for D:\VIRACE\Big_data_scala\src\main\scala\example\SequenceIndexer.scala. Using presentation compiler with project's scala-library version: 3.3.3
2024.06.29 15:14:48 INFO  no build target found for D:\VIRACE\Big_data_scala\src\main\scala\example\SequenceIndexer.scala. Using presentation compiler with project's scala-library version: 3.3.3
2024.06.29 15:14:56 INFO  no build target found for D:\VIRACE\Big_data_scala\src\main\scala\example\SequenceIndexer.scala. Using presentation compiler with project's scala-library version: 3.3.3
2024.06.29 15:14:56 INFO  no build target found for D:\VIRACE\Big_data_scala\src\main\scala\example\SequenceIndexer.scala. Using presentation compiler with project's scala-library version: 3.3.3
2024.06.29 15:14:57 INFO  no build target found for D:\VIRACE\Big_data_scala\src\main\scala\example\SequenceIndexer.scala. Using presentation compiler with project's scala-library version: 3.3.3
2024.06.29 15:14:59 INFO  no build target found for D:\VIRACE\Big_data_scala\src\main\scala\example\SequenceIndexer.scala. Using presentation compiler with project's scala-library version: 3.3.3
2024.06.29 15:16:22 INFO  no build target found for D:\VIRACE\Big_data_scala\src\main\scala\example\SequenceIndexer.scala. Using presentation compiler with project's scala-library version: 3.3.3
2024.06.29 15:16:22 INFO  no build target found for D:\VIRACE\Big_data_scala\src\main\scala\example\SequenceIndexer.scala. Using presentation compiler with project's scala-library version: 3.3.3
2024.06.29 15:39:02 INFO  no build target found for D:\VIRACE\Big_data_scala\src\main\scala\example\SequenceIndexer.scala. Using presentation compiler with project's scala-library version: 3.3.3
Jun 29, 2024 3:42:19 PM org.eclipse.lsp4j.jsonrpc.services.GenericEndpoint notify
INFO: Unsupported notification method: $/setTrace
2024.06.29 15:42:34 INFO  Shutting down server
2024.06.29 15:42:34 INFO  shutting down Metals
2024.06.29 15:42:34 INFO  Exiting server
2024.06.29 15:42:53 INFO  Started: Metals version 1.3.2 in folders 'D:\VIRACE\Big_data_scala' for client Visual Studio Code 1.90.2.
SLF4J(W): Class path contains multiple SLF4J providers.
SLF4J(W): Found provider [scribe.slf4j.ScribeServiceProvider@2890ec91]
SLF4J(W): Found provider [ch.qos.logback.classic.spi.LogbackServiceProvider@57787e4c]
SLF4J(W): See https://www.slf4j.org/codes.html#multiple_bindings for an explanation.
SLF4J(I): Actual provider is of type [scribe.slf4j.ScribeServiceProvider@2890ec91]
2024.06.29 15:42:53 WARN  Flyway upgrade recommended: H2 2.2.224 is newer than this version of Flyway and support has not been tested. The latest supported version of H2 is 2.2.220.
2024.06.29 15:42:54 INFO  no build target found for D:\VIRACE\Big_data_scala\src\main\scala\example\SequenceIndexer.scala. Using presentation compiler with project's scala-library version: 3.3.3
2024.06.29 15:42:54 INFO  Attempting to connect to the build server...
2024.06.29 15:42:55 ERROR Starting the bsp launcher for bloop...
2024.06.29 15:42:55 ERROR Opening a bsp server connection with 'bsp --protocol tcp --port 37862'...
2024.06.29 15:42:55 ERROR Waiting for the bsp connection to come up...
2024.06.29 15:42:55 ERROR error: The command bsp --protocol tcp --port 37862 returned with an error
2024.06.29 15:42:55 ERROR > [0m[33m[W][0m Scala instance jar d:\home\ubuntu\.cache\coursier\v1\https\repo1.maven.org\maven2\org\scala-lang\scala-library\2.12.13\scala-library-2.12.13.jar doesn't exist!
2024.06.29 15:42:55 ERROR > [0m[33m[W][0m Scala instance jar d:\home\ubuntu\.cache\coursier\v1\https\repo1.maven.org\maven2\org\scala-lang\scala-compiler\2.12.13\scala-compiler-2.12.13.jar doesn't exist!
2024.06.29 15:42:55 ERROR > [0m[33m[W][0m Scala instance jar d:\home\ubuntu\.cache\coursier\v1\https\repo1.maven.org\maven2\org\scala-lang\scala-reflect\2.12.13\scala-reflect-2.12.13.jar doesn't exist!
2024.06.29 15:42:55 ERROR > [0m[33m[W][0m Scala instance jar d:\home\ubuntu\.cache\coursier\v1\https\repo1.maven.org\maven2\org\scala-lang\modules\scala-xml_2.12\1.0.6\scala-xml_2.12-1.0.6.jar doesn't exist!
2024.06.29 15:42:55 ERROR > [0m[33m[W][0m Scala instance jar d:\home\ubuntu\.cache\coursier\v1\https\repo1.maven.org\maven2\jline\jline\2.14.6\jline-2.14.6.jar doesn't exist!
2024.06.29 15:42:55 ERROR > [0m[33m[W][0m Scala instance jar d:\home\ubuntu\.cache\coursier\v1\https\repo1.maven.org\maven2\org\fusesource\jansi\jansi\1.12\jansi-1.12.jar doesn't exist!
2024.06.29 15:42:55 ERROR > [0m[33m[W][0m Scala instance jar d:\home\ubuntu\.cache\coursier\v1\https\repo1.maven.org\maven2\org\scala-lang\scala-library\2.12.13\scala-library-2.12.13.jar doesn't exist!
2024.06.29 15:42:55 ERROR > [0m[33m[W][0m Scala instance jar d:\home\ubuntu\.cache\coursier\v1\https\repo1.maven.org\maven2\org\scala-lang\scala-compiler\2.12.13\scala-compiler-2.12.13.jar doesn't exist!
2024.06.29 15:42:55 ERROR > [0m[33m[W][0m Scala instance jar d:\home\ubuntu\.cache\coursier\v1\https\repo1.maven.org\maven2\org\scala-lang\scala-reflect\2.12.13\scala-reflect-2.12.13.jar doesn't exist!
2024.06.29 15:42:55 ERROR > [0m[33m[W][0m Scala instance jar d:\home\ubuntu\.cache\coursier\v1\https\repo1.maven.org\maven2\org\scala-lang\modules\scala-xml_2.12\1.0.6\scala-xml_2.12-1.0.6.jar doesn't exist!
2024.06.29 15:42:55 ERROR > [0m[33m[W][0m Scala instance jar d:\home\ubuntu\.cache\coursier\v1\https\repo1.maven.org\maven2\jline\jline\2.14.6\jline-2.14.6.jar doesn't exist!
2024.06.29 15:42:55 ERROR > [0m[33m[W][0m Scala instance jar d:\home\ubuntu\.cache\coursier\v1\https\repo1.maven.org\maven2\org\fusesource\jansi\jansi\1.12\jansi-1.12.jar doesn't exist!
2024.06.29 15:42:55 ERROR > [0m[31m[E][0m Failed to load project from d:\VIRACE\Big_data_scala\.bloop\root-test.json
2024.06.29 15:42:55 ERROR error: The launcher failed to establish a bsp connection, aborting...
2024.06.29 15:42:54 ERROR Failed to connect with build server, no functionality will work.
java.lang.RuntimeException: The server did not start, got FailedToOpenBspConnection
	at bloop.launcher.LauncherMain.failPromise$1(Launcher.scala:92)
	at bloop.launcher.LauncherMain.runLauncher(Launcher.scala:119)
	at scala.meta.internal.metals.BloopServers$$anon$2.run(BloopServers.scala:385)
	at java.util.concurrent.Executors$RunnableAdapter.call(Executors.java:539)
	at java.util.concurrent.FutureTask.run(FutureTask.java:264)
	at java.util.concurrent.ThreadPoolExecutor.runWorker(ThreadPoolExecutor.java:1136)
	at java.util.concurrent.ThreadPoolExecutor$Worker.run(ThreadPoolExecutor.java:635)
	at java.lang.Thread.run(Thread.java:842)

2024.06.29 15:42:55 INFO  no build target found for D:\VIRACE\Big_data_scala\src\main\scala\example\SequenceIndexer.scala. Using presentation compiler with project's scala-library version: 3.3.3
2024.06.29 15:42:59 INFO  no build target found for D:\VIRACE\Big_data_scala\src\main\scala\example\BankMarketing.scala. Using presentation compiler with project's scala-library version: 3.3.3
2024.06.29 15:42:59 INFO  time: code lens generation in 4.33s
2024.06.29 15:45:29 INFO  no build target found for D:\VIRACE\Big_data_scala\src\main\scala\example\SequenceIndexer.scala. Using presentation compiler with project's scala-library version: 3.3.3
2024.06.29 16:31:49 INFO  no build target found for D:\VIRACE\Big_data_scala\src\main\scala\example\SequenceIndexer.scala. Using presentation compiler with project's scala-library version: 3.3.3
